<?xml version="1.0" encoding="UTF-8" standalone="no"?>
<!DOCTYPE log SYSTEM "logger.dtd">
<log>
<record>
  <date>2019-08-09T15:56:09</date>
  <millis>1565340969704</millis>
  <sequence>0</sequence>
  <level>START</level>
  <class>com.kms.katalon.core.logging.XmlKeywordLogger</class>
  <method>startSuite</method>
  <thread>1</thread>
  <message>Start Test Suite : Test Suites/Kraken - BM Adapter</message>
  <nestedLevel>0</nestedLevel>
  <property name="name">Kraken - BM Adapter</property>
  <property name="description"></property>
  <property name="id">Test Suites/Kraken - BM Adapter</property>
</record>
<record>
  <date>2019-08-09T15:56:09</date>
  <millis>1565340969726</millis>
  <sequence>1</sequence>
  <level>RUN_DATA</level>
  <class>com.kms.katalon.core.logging.XmlKeywordLogger</class>
  <method>logMessage</method>
  <thread>1</thread>
  <message>hostName = reinard - 172.22.12.101</message>
  <nestedLevel>0</nestedLevel>
  <property name="hostName">reinard - 172.22.12.101</property>
</record>
<record>
  <date>2019-08-09T15:56:09</date>
  <millis>1565340969727</millis>
  <sequence>2</sequence>
  <level>RUN_DATA</level>
  <class>com.kms.katalon.core.logging.XmlKeywordLogger</class>
  <method>logMessage</method>
  <thread>1</thread>
  <message>os = Mac OS X 64bit</message>
  <nestedLevel>0</nestedLevel>
  <property name="os">Mac OS X 64bit</property>
</record>
<record>
  <date>2019-08-09T15:56:09</date>
  <millis>1565340969728</millis>
  <sequence>3</sequence>
  <level>RUN_DATA</level>
  <class>com.kms.katalon.core.logging.XmlKeywordLogger</class>
  <method>logMessage</method>
  <thread>1</thread>
  <message>hostAddress = 172.22.12.101</message>
  <nestedLevel>0</nestedLevel>
  <property name="hostAddress">172.22.12.101</property>
</record>
<record>
  <date>2019-08-09T15:56:09</date>
  <millis>1565340969731</millis>
  <sequence>4</sequence>
  <level>RUN_DATA</level>
  <class>com.kms.katalon.core.logging.XmlKeywordLogger</class>
  <method>logMessage</method>
  <thread>1</thread>
  <message>katalonVersion = 6.2.1.2</message>
  <nestedLevel>0</nestedLevel>
  <property name="katalonVersion">6.2.1.2</property>
</record>
<record>
  <date>2019-08-09T15:56:10</date>
  <millis>1565340970067</millis>
  <sequence>5</sequence>
  <level>START</level>
  <class>com.kms.katalon.core.logging.XmlKeywordLogger</class>
  <method>startTest</method>
  <thread>1</thread>
  <message>Start Test Case : Test Cases/Kraken - BM Adapter/Biller Label Failed</message>
  <nestedLevel>1</nestedLevel>
  <property name="name">Test Cases/Kraken - BM Adapter/Biller Label Failed</property>
  <property name="description"></property>
  <property name="id">Test Cases/Kraken - BM Adapter/Biller Label Failed</property>
  <property name="source">\\Users\\reinard\\Documents\\Katalon Project\\Trunko\\Test Cases\\Kraken - BM Adapter\\Biller Label Failed.tc</property>
  <property name="tag"></property>
  <property name="isOptional">false</property>
</record>
<record>
  <date>2019-08-09T15:56:10</date>
  <millis>1565340970483</millis>
  <sequence>7</sequence>
  <level>START</level>
  <class>com.kms.katalon.core.logging.XmlKeywordLogger</class>
  <method>startKeyword</method>
  <thread>1</thread>
  <message>Start action : runFeatureFile(\&amp;quot;Include/features/Kraken - BM Adapter/Biller Label Failed.feature\&amp;quot;)</message>
  <nestedLevel>1</nestedLevel>
  <property name="startLine">16</property>
  <property name="stepIndex">1</property>
</record>
<record>
  <date>2019-08-09T15:56:10</date>
  <millis>1565340970562</millis>
  <sequence>8</sequence>
  <level>INFO</level>
  <class>com.kms.katalon.core.logging.XmlKeywordLogger</class>
  <method>logMessage</method>
  <thread>1</thread>
  <message>Starting run keyword runFeatureFile: &amp;apos;Include/features/Kraken - BM Adapter/Biller Label Failed.feature&amp;apos; and extract report to folder: &amp;apos;/Users/reinard/Documents/Katalon Project/Trunko/Reports/Kraken - BM Adapter/20190809_155602/cucumber_report/1565340970537&amp;apos;...</message>
  <nestedLevel>1</nestedLevel>
</record>
<record>
  <date>2019-08-09T15:56:11</date>
  <millis>1565340971182</millis>
  <sequence>9</sequence>
  <level>START</level>
  <class>com.kms.katalon.core.logging.XmlKeywordLogger</class>
  <method>startTest</method>
  <thread>1</thread>
  <message>Start Test Case : SCENARIO Biller Label Failed</message>
  <nestedLevel>2</nestedLevel>
</record>
<record>
  <date>2019-08-09T15:56:11</date>
  <millis>1565340971192</millis>
  <sequence>10</sequence>
  <level>START</level>
  <class>com.kms.katalon.core.logging.XmlKeywordLogger</class>
  <method>startKeyword</method>
  <thread>1</thread>
  <message>Start action : Biller Label : test Not Set</message>
  <nestedLevel>2</nestedLevel>
</record>
<record>
  <date>2019-08-09T15:56:11</date>
  <millis>1565340971261</millis>
  <sequence>11</sequence>
  <level>PASSED</level>
  <class>com.kms.katalon.core.logging.XmlKeywordLogger</class>
  <method>logMessage</method>
  <thread>1</thread>
  <message>Biller Label : test Not Set</message>
  <nestedLevel>2</nestedLevel>
</record>
<record>
  <date>2019-08-09T15:56:11</date>
  <millis>1565340971262</millis>
  <sequence>12</sequence>
  <level>END</level>
  <class>com.kms.katalon.core.logging.XmlKeywordLogger</class>
  <method>endKeyword</method>
  <thread>1</thread>
  <message>End End action : Biller Label : test Not Set</message>
  <nestedLevel>2</nestedLevel>
</record>
<record>
  <date>2019-08-09T15:56:11</date>
  <millis>1565340971264</millis>
  <sequence>13</sequence>
  <level>START</level>
  <class>com.kms.katalon.core.logging.XmlKeywordLogger</class>
  <method>startKeyword</method>
  <thread>1</thread>
  <message>Start action : User Input biller_label : test</message>
  <nestedLevel>2</nestedLevel>
</record>
<record>
  <date>2019-08-09T15:56:11</date>
  <millis>1565340971550</millis>
  <sequence>14</sequence>
  <level>PASSED</level>
  <class>com.kms.katalon.core.logging.XmlKeywordLogger</class>
  <method>logMessage</method>
  <thread>1</thread>
  <message>User Input biller_label : test</message>
  <nestedLevel>2</nestedLevel>
</record>
<record>
  <date>2019-08-09T15:56:11</date>
  <millis>1565340971551</millis>
  <sequence>15</sequence>
  <level>END</level>
  <class>com.kms.katalon.core.logging.XmlKeywordLogger</class>
  <method>endKeyword</method>
  <thread>1</thread>
  <message>End End action : User Input biller_label : test</message>
  <nestedLevel>2</nestedLevel>
</record>
<record>
  <date>2019-08-09T15:56:11</date>
  <millis>1565340971552</millis>
  <sequence>16</sequence>
  <level>START</level>
  <class>com.kms.katalon.core.logging.XmlKeywordLogger</class>
  <method>startKeyword</method>
  <thread>1</thread>
  <message>Start action : Send request</message>
  <nestedLevel>2</nestedLevel>
</record>
<record>
  <date>2019-08-09T15:56:12</date>
  <millis>1565340972940</millis>
  <sequence>19</sequence>
  <level>INFO</level>
  <class>com.kms.katalon.core.logging.XmlKeywordLogger</class>
  <method>logMessage</method>
  <thread>1</thread>
  <message>HAR: /Users/reinard/Documents/Katalon Project/Trunko/Reports/Kraken - BM Adapter/20190809_155602/requests/main/0.har</message>
  <nestedLevel>2</nestedLevel>
  <property name="harId">06786a5f-ef4e-40ca-aa8a-79ed549ca1f7</property>
</record>
<record>
  <date>2019-08-09T15:56:13</date>
  <millis>1565340973073</millis>
  <sequence>20</sequence>
  <level>PASSED</level>
  <class>com.kms.katalon.core.logging.XmlKeywordLogger</class>
  <method>logMessage</method>
  <thread>1</thread>
  <message>Send request successfully</message>
  <nestedLevel>2</nestedLevel>
</record>
<record>
  <date>2019-08-09T15:56:13</date>
  <millis>1565340973076</millis>
  <sequence>21</sequence>
  <level>PASSED</level>
  <class>com.kms.katalon.core.logging.XmlKeywordLogger</class>
  <method>logMessage</method>
  <thread>1</thread>
  <message>Send request</message>
  <nestedLevel>2</nestedLevel>
</record>
<record>
  <date>2019-08-09T15:56:13</date>
  <millis>1565340973077</millis>
  <sequence>22</sequence>
  <level>END</level>
  <class>com.kms.katalon.core.logging.XmlKeywordLogger</class>
  <method>endKeyword</method>
  <thread>1</thread>
  <message>End End action : Send request</message>
  <nestedLevel>2</nestedLevel>
</record>
<record>
  <date>2019-08-09T15:56:13</date>
  <millis>1565340973080</millis>
  <sequence>23</sequence>
  <level>START</level>
  <class>com.kms.katalon.core.logging.XmlKeywordLogger</class>
  <method>startKeyword</method>
  <thread>1</thread>
  <message>Start action : Get response_code : 99</message>
  <nestedLevel>2</nestedLevel>
</record>
<record>
  <date>2019-08-09T15:56:13</date>
  <millis>1565340973204</millis>
  <sequence>25</sequence>
  <level>PASSED</level>
  <class>com.kms.katalon.core.logging.XmlKeywordLogger</class>
  <method>logMessage</method>
  <thread>1</thread>
  <message>Verify element property value successfully</message>
  <nestedLevel>2</nestedLevel>
</record>
<record>
  <date>2019-08-09T15:56:13</date>
  <millis>1565340973205</millis>
  <sequence>26</sequence>
  <level>PASSED</level>
  <class>com.kms.katalon.core.logging.XmlKeywordLogger</class>
  <method>logMessage</method>
  <thread>1</thread>
  <message>Get response_code : 99</message>
  <nestedLevel>2</nestedLevel>
</record>
<record>
  <date>2019-08-09T15:56:13</date>
  <millis>1565340973206</millis>
  <sequence>27</sequence>
  <level>END</level>
  <class>com.kms.katalon.core.logging.XmlKeywordLogger</class>
  <method>endKeyword</method>
  <thread>1</thread>
  <message>End End action : Get response_code : 99</message>
  <nestedLevel>2</nestedLevel>
</record>
<record>
  <date>2019-08-09T15:56:13</date>
  <millis>1565340973208</millis>
  <sequence>28</sequence>
  <level>START</level>
  <class>com.kms.katalon.core.logging.XmlKeywordLogger</class>
  <method>startKeyword</method>
  <thread>1</thread>
  <message>Start action : message : Biller config not found</message>
  <nestedLevel>2</nestedLevel>
</record>
<record>
  <date>2019-08-09T15:56:13</date>
  <millis>1565340973246</millis>
  <sequence>30</sequence>
  <level>PASSED</level>
  <class>com.kms.katalon.core.logging.XmlKeywordLogger</class>
  <method>logMessage</method>
  <thread>1</thread>
  <message>Verify element property value successfully</message>
  <nestedLevel>2</nestedLevel>
</record>
<record>
  <date>2019-08-09T15:56:13</date>
  <millis>1565340973257</millis>
  <sequence>31</sequence>
  <level>PASSED</level>
  <class>com.kms.katalon.core.logging.XmlKeywordLogger</class>
  <method>logMessage</method>
  <thread>1</thread>
  <message>message : Biller config not found</message>
  <nestedLevel>2</nestedLevel>
</record>
<record>
  <date>2019-08-09T15:56:13</date>
  <millis>1565340973263</millis>
  <sequence>32</sequence>
  <level>END</level>
  <class>com.kms.katalon.core.logging.XmlKeywordLogger</class>
  <method>endKeyword</method>
  <thread>1</thread>
  <message>End End action : message : Biller config not found</message>
  <nestedLevel>2</nestedLevel>
</record>
<record>
  <date>2019-08-09T15:56:13</date>
  <millis>1565340973269</millis>
  <sequence>33</sequence>
  <level>PASSED</level>
  <class>com.kms.katalon.core.logging.XmlKeywordLogger</class>
  <method>logMessage</method>
  <thread>1</thread>
  <message>SCENARIO Biller Label Failed</message>
  <nestedLevel>2</nestedLevel>
</record>
<record>
  <date>2019-08-09T15:56:13</date>
  <millis>1565340973269</millis>
  <sequence>34</sequence>
  <level>END</level>
  <class>com.kms.katalon.core.logging.XmlKeywordLogger</class>
  <method>endTest</method>
  <thread>1</thread>
  <message>End Test Case : SCENARIO Biller Label Failed</message>
  <nestedLevel>1</nestedLevel>
</record>
<record>
  <date>2019-08-09T15:56:13</date>
  <millis>1565340973452</millis>
  <sequence>35</sequence>
  <level>PASSED</level>
  <class>com.kms.katalon.core.logging.XmlKeywordLogger</class>
  <method>logMessage</method>
  <thread>1</thread>
  <message>Feature file: &amp;apos;Include/features/Kraken - BM Adapter/Biller Label Failed.feature&amp;apos; was passed</message>
  <nestedLevel>1</nestedLevel>
</record>
<record>
  <date>2019-08-09T15:56:13</date>
  <millis>1565340973455</millis>
  <sequence>36</sequence>
  <level>END</level>
  <class>com.kms.katalon.core.logging.XmlKeywordLogger</class>
  <method>endKeyword</method>
  <thread>1</thread>
  <message>End action : runFeatureFile(\&amp;quot;Include/features/Kraken - BM Adapter/Biller Label Failed.feature\&amp;quot;)</message>
  <nestedLevel>1</nestedLevel>
</record>
<record>
  <date>2019-08-09T15:56:13</date>
  <millis>1565340973456</millis>
  <sequence>37</sequence>
  <level>PASSED</level>
  <class>com.kms.katalon.core.logging.XmlKeywordLogger</class>
  <method>logMessage</method>
  <thread>1</thread>
  <message>Test Cases/Kraken - BM Adapter/Biller Label Failed</message>
  <nestedLevel>1</nestedLevel>
</record>
<record>
  <date>2019-08-09T15:56:13</date>
  <millis>1565340973457</millis>
  <sequence>38</sequence>
  <level>END</level>
  <class>com.kms.katalon.core.logging.XmlKeywordLogger</class>
  <method>endTest</method>
  <thread>1</thread>
  <message>End Test Case : Test Cases/Kraken - BM Adapter/Biller Label Failed</message>
  <nestedLevel>0</nestedLevel>
</record>
<record>
  <date>2019-08-09T15:56:13</date>
  <millis>1565340973465</millis>
  <sequence>39</sequence>
  <level>START</level>
  <class>com.kms.katalon.core.logging.XmlKeywordLogger</class>
  <method>startTest</method>
  <thread>1</thread>
  <message>Start Test Case : Test Cases/Kraken - BM Adapter/Biller Label Success</message>
  <nestedLevel>1</nestedLevel>
  <property name="name">Test Cases/Kraken - BM Adapter/Biller Label Success</property>
  <property name="description"></property>
  <property name="id">Test Cases/Kraken - BM Adapter/Biller Label Success</property>
  <property name="source">\\Users\\reinard\\Documents\\Katalon Project\\Trunko\\Test Cases\\Kraken - BM Adapter\\Biller Label Success.tc</property>
  <property name="tag"></property>
  <property name="isOptional">false</property>
</record>
<record>
  <date>2019-08-09T15:56:13</date>
  <millis>1565340973687</millis>
  <sequence>41</sequence>
  <level>START</level>
  <class>com.kms.katalon.core.logging.XmlKeywordLogger</class>
  <method>startKeyword</method>
  <thread>1</thread>
  <message>Start action : runFeatureFile(\&amp;quot;Include/features/Kraken - BM Adapter/Command Type Success.feature\&amp;quot;)</message>
  <nestedLevel>1</nestedLevel>
  <property name="startLine">16</property>
  <property name="stepIndex">1</property>
</record>
<record>
  <date>2019-08-09T15:56:13</date>
  <millis>1565340973689</millis>
  <sequence>42</sequence>
  <level>INFO</level>
  <class>com.kms.katalon.core.logging.XmlKeywordLogger</class>
  <method>logMessage</method>
  <thread>1</thread>
  <message>Starting run keyword runFeatureFile: &amp;apos;Include/features/Kraken - BM Adapter/Command Type Success.feature&amp;apos; and extract report to folder: &amp;apos;/Users/reinard/Documents/Katalon Project/Trunko/Reports/Kraken - BM Adapter/20190809_155602/cucumber_report/1565340973689&amp;apos;...</message>
  <nestedLevel>1</nestedLevel>
</record>
<record>
  <date>2019-08-09T15:56:13</date>
  <millis>1565340973773</millis>
  <sequence>43</sequence>
  <level>START</level>
  <class>com.kms.katalon.core.logging.XmlKeywordLogger</class>
  <method>startTest</method>
  <thread>1</thread>
  <message>Start Test Case : SCENARIO Command Type Success</message>
  <nestedLevel>2</nestedLevel>
</record>
<record>
  <date>2019-08-09T15:56:13</date>
  <millis>1565340973775</millis>
  <sequence>44</sequence>
  <level>START</level>
  <class>com.kms.katalon.core.logging.XmlKeywordLogger</class>
  <method>startKeyword</method>
  <thread>1</thread>
  <message>Start action : Command Type : purchase Config Set</message>
  <nestedLevel>2</nestedLevel>
</record>
<record>
  <date>2019-08-09T15:56:13</date>
  <millis>1565340973779</millis>
  <sequence>45</sequence>
  <level>PASSED</level>
  <class>com.kms.katalon.core.logging.XmlKeywordLogger</class>
  <method>logMessage</method>
  <thread>1</thread>
  <message>Command Type : purchase Config Set</message>
  <nestedLevel>2</nestedLevel>
</record>
<record>
  <date>2019-08-09T15:56:13</date>
  <millis>1565340973781</millis>
  <sequence>46</sequence>
  <level>END</level>
  <class>com.kms.katalon.core.logging.XmlKeywordLogger</class>
  <method>endKeyword</method>
  <thread>1</thread>
  <message>End End action : Command Type : purchase Config Set</message>
  <nestedLevel>2</nestedLevel>
</record>
<record>
  <date>2019-08-09T15:56:13</date>
  <millis>1565340973782</millis>
  <sequence>47</sequence>
  <level>START</level>
  <class>com.kms.katalon.core.logging.XmlKeywordLogger</class>
  <method>startKeyword</method>
  <thread>1</thread>
  <message>Start action : User Input command_type : purchase</message>
  <nestedLevel>2</nestedLevel>
</record>
<record>
  <date>2019-08-09T15:56:13</date>
  <millis>1565340973788</millis>
  <sequence>48</sequence>
  <level>PASSED</level>
  <class>com.kms.katalon.core.logging.XmlKeywordLogger</class>
  <method>logMessage</method>
  <thread>1</thread>
  <message>User Input command_type : purchase</message>
  <nestedLevel>2</nestedLevel>
</record>
<record>
  <date>2019-08-09T15:56:13</date>
  <millis>1565340973788</millis>
  <sequence>49</sequence>
  <level>END</level>
  <class>com.kms.katalon.core.logging.XmlKeywordLogger</class>
  <method>endKeyword</method>
  <thread>1</thread>
  <message>End End action : User Input command_type : purchase</message>
  <nestedLevel>2</nestedLevel>
</record>
<record>
  <date>2019-08-09T15:56:13</date>
  <millis>1565340973789</millis>
  <sequence>50</sequence>
  <level>START</level>
  <class>com.kms.katalon.core.logging.XmlKeywordLogger</class>
  <method>startKeyword</method>
  <thread>1</thread>
  <message>Start action : Send request</message>
  <nestedLevel>2</nestedLevel>
</record>
<record>
  <date>2019-08-09T15:56:14</date>
  <millis>1565340974058</millis>
  <sequence>53</sequence>
  <level>INFO</level>
  <class>com.kms.katalon.core.logging.XmlKeywordLogger</class>
  <method>logMessage</method>
  <thread>1</thread>
  <message>HAR: /Users/reinard/Documents/Katalon Project/Trunko/Reports/Kraken - BM Adapter/20190809_155602/requests/main/1.har</message>
  <nestedLevel>2</nestedLevel>
  <property name="harId">23118b71-aa38-4f13-8f48-14ecdb4bc3a7</property>
</record>
<record>
  <date>2019-08-09T15:56:14</date>
  <millis>1565340974062</millis>
  <sequence>54</sequence>
  <level>PASSED</level>
  <class>com.kms.katalon.core.logging.XmlKeywordLogger</class>
  <method>logMessage</method>
  <thread>1</thread>
  <message>Send request successfully</message>
  <nestedLevel>2</nestedLevel>
</record>
<record>
  <date>2019-08-09T15:56:14</date>
  <millis>1565340974063</millis>
  <sequence>55</sequence>
  <level>PASSED</level>
  <class>com.kms.katalon.core.logging.XmlKeywordLogger</class>
  <method>logMessage</method>
  <thread>1</thread>
  <message>Send request</message>
  <nestedLevel>2</nestedLevel>
</record>
<record>
  <date>2019-08-09T15:56:14</date>
  <millis>1565340974064</millis>
  <sequence>56</sequence>
  <level>END</level>
  <class>com.kms.katalon.core.logging.XmlKeywordLogger</class>
  <method>endKeyword</method>
  <thread>1</thread>
  <message>End End action : Send request</message>
  <nestedLevel>2</nestedLevel>
</record>
<record>
  <date>2019-08-09T15:56:14</date>
  <millis>1565340974065</millis>
  <sequence>57</sequence>
  <level>START</level>
  <class>com.kms.katalon.core.logging.XmlKeywordLogger</class>
  <method>startKeyword</method>
  <thread>1</thread>
  <message>Start action : Get response_code : 00</message>
  <nestedLevel>2</nestedLevel>
</record>
<record>
  <date>2019-08-09T15:56:14</date>
  <millis>1565340974087</millis>
  <sequence>59</sequence>
  <level>FAILED</level>
  <class>com.kms.katalon.core.logging.XmlKeywordLogger</class>
  <method>logMessage</method>
  <thread>1</thread>
  <message>Expected element property value &amp;apos;00&amp;apos; is not equal with actual property value &amp;apos;99&amp;apos;</message>
  <nestedLevel>2</nestedLevel>
</record>
<record>
  <date>2019-08-09T15:56:14</date>
  <millis>1565340974098</millis>
  <sequence>62</sequence>
  <level>FAILED</level>
  <class>com.kms.katalon.core.logging.XmlKeywordLogger</class>
  <method>logMessage</method>
  <thread>1</thread>
  <message>Unable to verify element property value (Root cause: com.kms.katalon.core.exception.StepFailedException: Expected element property value &amp;apos;00&amp;apos; is not equal with actual property value &amp;apos;99&amp;apos;\n\tat com.kms.katalon.core.keyword.internal.KeywordMain.stepFailed(KeywordMain.groovy:50)\n\tat com.kms.katalon.core.webservice.keyword.builtin.VerifyElementPropertyValueKeyword$_verifyElementPropertyValue_closure1.doCall(VerifyElementPropertyValueKeyword.groovy:56)\n\tat com.kms.katalon.core.webservice.keyword.builtin.VerifyElementPropertyValueKeyword$_verifyElementPropertyValue_closure1.call(VerifyElementPropertyValueKeyword.groovy)\n\tat com.kms.katalon.core.keyword.internal.KeywordMain.runKeyword(KeywordMain.groovy:68)\n\tat com.kms.katalon.core.webservice.keyword.builtin.VerifyElementPropertyValueKeyword.verifyElementPropertyValue(VerifyElementPropertyValueKeyword.groovy:48)\n\tat com.kms.katalon.core.webservice.keyword.builtin.VerifyElementPropertyValueKeyword.execute(VerifyElementPropertyValueKeyword.groovy:43)\n\tat com.kms.katalon.core.keyword.internal.KeywordExecutor.executeKeywordForPlatform(KeywordExecutor.groovy:56)\n\tat com.kms.katalon.core.webservice.keyword.WSBuiltInKeywords.verifyElementPropertyValue(WSBuiltInKeywords.groovy:123)\n\tat com.kms.katalon.core.webservice.keyword.WSBuiltInKeywords$verifyElementPropertyValue$0.call(Unknown Source)\n\tat com.ea.steps.Steps.getResponseCode(Steps.groovy:136)\n\tat cucumber.runtime.Utils$1.call(Utils.java:26)\n\tat cucumber.runtime.Timeout.timeout(Timeout.java:16)\n\tat cucumber.runtime.Utils.invoke(Utils.java:20)\n\tat cucumber.runtime.java.JavaStepDefinition.execute(JavaStepDefinition.java:48)\n\tat cucumber.runtime.PickleStepDefinitionMatch.runStep(PickleStepDefinitionMatch.java:50)\n\tat cucumber.runner.TestStep.executeStep(TestStep.java:55)\n\tat cucumber.runner.TestStep.run(TestStep.java:42)\n\tat cucumber.runner.PickleStepTestStep.run(PickleStepTestStep.java:53)\n\tat cucumber.runner.TestCase.run(TestCase.java:47)\n\tat cucumber.runner.Runner.runPickle(Runner.java:44)\n\tat cucumber.runtime.Runtime.runFeature(Runtime.java:120)\n\tat cucumber.runtime.Runtime.run(Runtime.java:106)\n\tat cucumber.api.cli.Main.run(Main.java:35)\n\tat cucumber.api.cli.Main$run.call(Unknown Source)\n\tat com.kms.katalon.core.cucumber.keyword.CucumberBuiltinKeywords$_runFeatureFile_closure1.doCall(CucumberBuiltinKeywords.groovy:76)\n\tat com.kms.katalon.core.cucumber.keyword.CucumberBuiltinKeywords$_runFeatureFile_closure1.doCall(CucumberBuiltinKeywords.groovy)\n\tat com.kms.katalon.core.keyword.internal.KeywordMain.runKeyword(KeywordMain.groovy:68)\n\tat com.kms.katalon.core.keyword.internal.KeywordMain$runKeyword.call(Unknown Source)\n\tat com.kms.katalon.core.cucumber.keyword.CucumberBuiltinKeywords.runFeatureFile(CucumberBuiltinKeywords.groovy:46)\n\tat com.kms.katalon.core.cucumber.keyword.CucumberBuiltinKeywords$runFeatureFile$0.callStatic(Unknown Source)\n\tat com.kms.katalon.core.cucumber.keyword.CucumberBuiltinKeywords.runFeatureFile(CucumberBuiltinKeywords.groovy:101)\n\tat com.kms.katalon.core.cucumber.keyword.CucumberBuiltinKeywords$runFeatureFile.call(Unknown Source)\n\tat Biller Label Success.run(Biller Label Success:16)\n\tat com.kms.katalon.core.main.ScriptEngine.run(ScriptEngine.java:194)\n\tat com.kms.katalon.core.main.ScriptEngine.runScriptAsRawText(ScriptEngine.java:119)\n\tat com.kms.katalon.core.main.TestCaseExecutor.runScript(TestCaseExecutor.java:337)\n\tat com.kms.katalon.core.main.TestCaseExecutor.doExecute(TestCaseExecutor.java:328)\n\tat com.kms.katalon.core.main.TestCaseExecutor.processExecutionPhase(TestCaseExecutor.java:307)\n\tat com.kms.katalon.core.main.TestCaseExecutor.accessMainPhase(TestCaseExecutor.java:299)\n\tat com.kms.katalon.core.main.TestCaseExecutor.execute(TestCaseExecutor.java:233)\n\tat com.kms.katalon.core.main.TestSuiteExecutor.accessTestCaseMainPhase(TestSuiteExecutor.java:133)\n\tat com.kms.katalon.core.main.TestSuiteExecutor.accessTestSuiteMainPhase(TestSuiteExecutor.java:116)\n\tat com.kms.katalon.core.main.TestSuiteExecutor.execute(TestSuiteExecutor.java:83)\n\tat com.kms.katalon.core.main.TestCaseMain.startTestSuite(TestCaseMain.java:157)\n\tat com.kms.katalon.core.main.TestCaseMain$startTestSuite$0.call(Unknown Source)\n\tat TempTestSuite1565340962483.run(TempTestSuite1565340962483.groovy:35)\n)</message>
  <nestedLevel>2</nestedLevel>
  <property name="failed.exception.class">com.kms.katalon.core.exception.StepFailedException</property>
  <property name="failed.exception.stacktrace">com.kms.katalon.core.exception.StepFailedException: Expected element property value &apos;00&apos; is not equal with actual property value &apos;99&apos;\n\tat com.kms.katalon.core.keyword.internal.KeywordMain.stepFailed(KeywordMain.groovy:50)\n\tat com.kms.katalon.core.webservice.keyword.builtin.VerifyElementPropertyValueKeyword$_verifyElementPropertyValue_closure1.doCall(VerifyElementPropertyValueKeyword.groovy:56)\n\tat com.kms.katalon.core.webservice.keyword.builtin.VerifyElementPropertyValueKeyword$_verifyElementPropertyValue_closure1.call(VerifyElementPropertyValueKeyword.groovy)\n\tat com.kms.katalon.core.keyword.internal.KeywordMain.runKeyword(KeywordMain.groovy:68)\n\tat com.kms.katalon.core.webservice.keyword.builtin.VerifyElementPropertyValueKeyword.verifyElementPropertyValue(VerifyElementPropertyValueKeyword.groovy:48)\n\tat com.kms.katalon.core.webservice.keyword.builtin.VerifyElementPropertyValueKeyword.execute(VerifyElementPropertyValueKeyword.groovy:43)\n\tat com.kms.katalon.core.keyword.internal.KeywordExecutor.executeKeywordForPlatform(KeywordExecutor.groovy:56)\n\tat com.kms.katalon.core.webservice.keyword.WSBuiltInKeywords.verifyElementPropertyValue(WSBuiltInKeywords.groovy:123)\n\tat com.kms.katalon.core.webservice.keyword.WSBuiltInKeywords$verifyElementPropertyValue$0.call(Unknown Source)\n\tat com.ea.steps.Steps.getResponseCode(Steps.groovy:136)\n\tat cucumber.runtime.Utils$1.call(Utils.java:26)\n\tat cucumber.runtime.Timeout.timeout(Timeout.java:16)\n\tat cucumber.runtime.Utils.invoke(Utils.java:20)\n\tat cucumber.runtime.java.JavaStepDefinition.execute(JavaStepDefinition.java:48)\n\tat cucumber.runtime.PickleStepDefinitionMatch.runStep(PickleStepDefinitionMatch.java:50)\n\tat cucumber.runner.TestStep.executeStep(TestStep.java:55)\n\tat cucumber.runner.TestStep.run(TestStep.java:42)\n\tat cucumber.runner.PickleStepTestStep.run(PickleStepTestStep.java:53)\n\tat cucumber.runner.TestCase.run(TestCase.java:47)\n\tat cucumber.runner.Runner.runPickle(Runner.java:44)\n\tat cucumber.runtime.Runtime.runFeature(Runtime.java:120)\n\tat cucumber.runtime.Runtime.run(Runtime.java:106)\n\tat cucumber.api.cli.Main.run(Main.java:35)\n\tat cucumber.api.cli.Main$run.call(Unknown Source)\n\tat com.kms.katalon.core.cucumber.keyword.CucumberBuiltinKeywords$_runFeatureFile_closure1.doCall(CucumberBuiltinKeywords.groovy:76)\n\tat com.kms.katalon.core.cucumber.keyword.CucumberBuiltinKeywords$_runFeatureFile_closure1.doCall(CucumberBuiltinKeywords.groovy)\n\tat com.kms.katalon.core.keyword.internal.KeywordMain.runKeyword(KeywordMain.groovy:68)\n\tat com.kms.katalon.core.keyword.internal.KeywordMain$runKeyword.call(Unknown Source)\n\tat com.kms.katalon.core.cucumber.keyword.CucumberBuiltinKeywords.runFeatureFile(CucumberBuiltinKeywords.groovy:46)\n\tat com.kms.katalon.core.cucumber.keyword.CucumberBuiltinKeywords$runFeatureFile$0.callStatic(Unknown Source)\n\tat com.kms.katalon.core.cucumber.keyword.CucumberBuiltinKeywords.runFeatureFile(CucumberBuiltinKeywords.groovy:101)\n\tat com.kms.katalon.core.cucumber.keyword.CucumberBuiltinKeywords$runFeatureFile.call(Unknown Source)\n\tat Biller Label Success.run(Biller Label Success:16)\n\tat com.kms.katalon.core.main.ScriptEngine.run(ScriptEngine.java:194)\n\tat com.kms.katalon.core.main.ScriptEngine.runScriptAsRawText(ScriptEngine.java:119)\n\tat com.kms.katalon.core.main.TestCaseExecutor.runScript(TestCaseExecutor.java:337)\n\tat com.kms.katalon.core.main.TestCaseExecutor.doExecute(TestCaseExecutor.java:328)\n\tat com.kms.katalon.core.main.TestCaseExecutor.processExecutionPhase(TestCaseExecutor.java:307)\n\tat com.kms.katalon.core.main.TestCaseExecutor.accessMainPhase(TestCaseExecutor.java:299)\n\tat com.kms.katalon.core.main.TestCaseExecutor.execute(TestCaseExecutor.java:233)\n\tat com.kms.katalon.core.main.TestSuiteExecutor.accessTestCaseMainPhase(TestSuiteExecutor.java:133)\n\tat com.kms.katalon.core.main.TestSuiteExecutor.accessTestSuiteMainPhase(TestSuiteExecutor.java:116)\n\tat com.kms.katalon.core.main.TestSuiteExecutor.execute(TestSuiteExecutor.java:83)\n\tat com.kms.katalon.core.main.TestCaseMain.startTestSuite(TestCaseMain.java:157)\n\tat com.kms.katalon.core.main.TestCaseMain$startTestSuite$0.call(Unknown Source)\n\tat TempTestSuite1565340962483.run(TempTestSuite1565340962483.groovy:35)\n</property>
  <property name="failed.exception.message">Expected element property value &apos;00&apos; is not equal with actual property value &apos;99&apos;</property>
</record>
<record>
  <date>2019-08-09T15:56:14</date>
  <millis>1565340974109</millis>
  <sequence>64</sequence>
  <level>FAILED</level>
  <class>com.kms.katalon.core.logging.XmlKeywordLogger</class>
  <method>logMessage</method>
  <thread>1</thread>
  <message>Get response_code : 00 FAILED.\nReason:\ncom.kms.katalon.core.exception.StepFailedException: Expected element property value &amp;apos;00&amp;apos; is not equal with actual property value &amp;apos;99&amp;apos;\n\tat com.kms.katalon.core.keyword.internal.KeywordMain.stepFailed(KeywordMain.groovy:50)\n\tat com.kms.katalon.core.webservice.keyword.builtin.VerifyElementPropertyValueKeyword$_verifyElementPropertyValue_closure1.doCall(VerifyElementPropertyValueKeyword.groovy:56)\n\tat com.kms.katalon.core.webservice.keyword.builtin.VerifyElementPropertyValueKeyword$_verifyElementPropertyValue_closure1.call(VerifyElementPropertyValueKeyword.groovy)\n\tat com.kms.katalon.core.keyword.internal.KeywordMain.runKeyword(KeywordMain.groovy:68)\n\tat com.kms.katalon.core.webservice.keyword.builtin.VerifyElementPropertyValueKeyword.verifyElementPropertyValue(VerifyElementPropertyValueKeyword.groovy:48)\n\tat com.kms.katalon.core.webservice.keyword.builtin.VerifyElementPropertyValueKeyword.execute(VerifyElementPropertyValueKeyword.groovy:43)\n\tat com.kms.katalon.core.keyword.internal.KeywordExecutor.executeKeywordForPlatform(KeywordExecutor.groovy:56)\n\tat com.kms.katalon.core.webservice.keyword.WSBuiltInKeywords.verifyElementPropertyValue(WSBuiltInKeywords.groovy:123)\n\tat com.kms.katalon.core.webservice.keyword.WSBuiltInKeywords$verifyElementPropertyValue$0.call(Unknown Source)\n\tat com.ea.steps.Steps.getResponseCode(Steps.groovy:136)\n\tat \u273D.Get response_code : 00(/Users/reinard/Documents/Katalon Project/Trunko/Include/features/Kraken - BM Adapter/Command Type Success.feature:27)\n</message>
  <exception>
    <message>com.kms.katalon.core.exception.StepFailedException: Expected element property value '00' is not equal with actual property value '99'</message>
    <frame>
      <class>com.kms.katalon.core.keyword.internal.KeywordMain</class>
      <method>stepFailed</method>
      <line>50</line>
    </frame>
    <frame>
      <class>com.kms.katalon.core.webservice.keyword.builtin.VerifyElementPropertyValueKeyword$_verifyElementPropertyValue_closure1</class>
      <method>doCall</method>
      <line>56</line>
    </frame>
    <frame>
      <class>com.kms.katalon.core.webservice.keyword.builtin.VerifyElementPropertyValueKeyword$_verifyElementPropertyValue_closure1</class>
      <method>call</method>
    </frame>
    <frame>
      <class>com.kms.katalon.core.keyword.internal.KeywordMain</class>
      <method>runKeyword</method>
      <line>68</line>
    </frame>
    <frame>
      <class>com.kms.katalon.core.webservice.keyword.builtin.VerifyElementPropertyValueKeyword</class>
      <method>verifyElementPropertyValue</method>
      <line>48</line>
    </frame>
    <frame>
      <class>com.kms.katalon.core.webservice.keyword.builtin.VerifyElementPropertyValueKeyword</class>
      <method>execute</method>
      <line>43</line>
    </frame>
    <frame>
      <class>com.kms.katalon.core.keyword.internal.KeywordExecutor</class>
      <method>executeKeywordForPlatform</method>
      <line>56</line>
    </frame>
    <frame>
      <class>com.kms.katalon.core.webservice.keyword.WSBuiltInKeywords</class>
      <method>verifyElementPropertyValue</method>
      <line>123</line>
    </frame>
    <frame>
      <class>com.kms.katalon.core.webservice.keyword.WSBuiltInKeywords$verifyElementPropertyValue$0</class>
      <method>call</method>
    </frame>
    <frame>
      <class>com.ea.steps.Steps</class>
      <method>getResponseCode</method>
      <line>136</line>
    </frame>
    <frame>
      <class>✽</class>
      <method>Get response_code : 00</method>
      <line>27</line>
    </frame>
  </exception>
  <nestedLevel>0</nestedLevel>
  <property name="failed.exception.stacktrace">com.kms.katalon.core.exception.StepFailedException: Expected element property value &apos;00&apos; is not equal with actual property value &apos;99&apos;\n\tat com.kms.katalon.core.keyword.internal.KeywordMain.stepFailed(KeywordMain.groovy:50)\n\tat com.kms.katalon.core.webservice.keyword.builtin.VerifyElementPropertyValueKeyword$_verifyElementPropertyValue_closure1.doCall(VerifyElementPropertyValueKeyword.groovy:56)\n\tat com.kms.katalon.core.webservice.keyword.builtin.VerifyElementPropertyValueKeyword$_verifyElementPropertyValue_closure1.call(VerifyElementPropertyValueKeyword.groovy)\n\tat com.kms.katalon.core.keyword.internal.KeywordMain.runKeyword(KeywordMain.groovy:68)\n\tat com.kms.katalon.core.webservice.keyword.builtin.VerifyElementPropertyValueKeyword.verifyElementPropertyValue(VerifyElementPropertyValueKeyword.groovy:48)\n\tat com.kms.katalon.core.webservice.keyword.builtin.VerifyElementPropertyValueKeyword.execute(VerifyElementPropertyValueKeyword.groovy:43)\n\tat com.kms.katalon.core.keyword.internal.KeywordExecutor.executeKeywordForPlatform(KeywordExecutor.groovy:56)\n\tat com.kms.katalon.core.webservice.keyword.WSBuiltInKeywords.verifyElementPropertyValue(WSBuiltInKeywords.groovy:123)\n\tat com.kms.katalon.core.webservice.keyword.WSBuiltInKeywords$verifyElementPropertyValue$0.call(Unknown Source)\n\tat com.ea.steps.Steps.getResponseCode(Steps.groovy:136)\n\tat \u273D.Get response_code : 00(/Users/reinard/Documents/Katalon Project/Trunko/Include/features/Kraken - BM Adapter/Command Type Success.feature:27)\n</property>
  <property name="failed.exception.class">com.kms.katalon.core.exception.StepFailedException</property>
  <property name="failed.exception.message">Expected element property value &apos;00&apos; is not equal with actual property value &apos;99&apos;</property>
</record>
<record>
  <date>2019-08-09T15:56:14</date>
  <millis>1565340974113</millis>
  <sequence>66</sequence>
  <level>END</level>
  <class>com.kms.katalon.core.logging.XmlKeywordLogger</class>
  <method>endKeyword</method>
  <thread>1</thread>
  <message>End End action : Get response_code : 00</message>
  <nestedLevel>2</nestedLevel>
</record>
<record>
  <date>2019-08-09T15:56:14</date>
  <millis>1565340974116</millis>
  <sequence>68</sequence>
  <level>FAILED</level>
  <class>com.kms.katalon.core.logging.XmlKeywordLogger</class>
  <method>logMessage</method>
  <thread>1</thread>
  <message>SCENARIO Command Type Success FAILED.\nReason:\ncom.kms.katalon.core.exception.StepFailedException: Expected element property value &amp;apos;00&amp;apos; is not equal with actual property value &amp;apos;99&amp;apos;\n\tat com.kms.katalon.core.keyword.internal.KeywordMain.stepFailed(KeywordMain.groovy:50)\n\tat com.kms.katalon.core.webservice.keyword.builtin.VerifyElementPropertyValueKeyword$_verifyElementPropertyValue_closure1.doCall(VerifyElementPropertyValueKeyword.groovy:56)\n\tat com.kms.katalon.core.webservice.keyword.builtin.VerifyElementPropertyValueKeyword$_verifyElementPropertyValue_closure1.call(VerifyElementPropertyValueKeyword.groovy)\n\tat com.kms.katalon.core.keyword.internal.KeywordMain.runKeyword(KeywordMain.groovy:68)\n\tat com.kms.katalon.core.webservice.keyword.builtin.VerifyElementPropertyValueKeyword.verifyElementPropertyValue(VerifyElementPropertyValueKeyword.groovy:48)\n\tat com.kms.katalon.core.webservice.keyword.builtin.VerifyElementPropertyValueKeyword.execute(VerifyElementPropertyValueKeyword.groovy:43)\n\tat com.kms.katalon.core.keyword.internal.KeywordExecutor.executeKeywordForPlatform(KeywordExecutor.groovy:56)\n\tat com.kms.katalon.core.webservice.keyword.WSBuiltInKeywords.verifyElementPropertyValue(WSBuiltInKeywords.groovy:123)\n\tat com.kms.katalon.core.webservice.keyword.WSBuiltInKeywords$verifyElementPropertyValue$0.call(Unknown Source)\n\tat com.ea.steps.Steps.getResponseCode(Steps.groovy:136)\n\tat \u273D.Get response_code : 00(/Users/reinard/Documents/Katalon Project/Trunko/Include/features/Kraken - BM Adapter/Command Type Success.feature:27)\n</message>
  <exception>
    <message>com.kms.katalon.core.exception.StepFailedException: Expected element property value '00' is not equal with actual property value '99'</message>
    <frame>
      <class>com.kms.katalon.core.keyword.internal.KeywordMain</class>
      <method>stepFailed</method>
      <line>50</line>
    </frame>
    <frame>
      <class>com.kms.katalon.core.webservice.keyword.builtin.VerifyElementPropertyValueKeyword$_verifyElementPropertyValue_closure1</class>
      <method>doCall</method>
      <line>56</line>
    </frame>
    <frame>
      <class>com.kms.katalon.core.webservice.keyword.builtin.VerifyElementPropertyValueKeyword$_verifyElementPropertyValue_closure1</class>
      <method>call</method>
    </frame>
    <frame>
      <class>com.kms.katalon.core.keyword.internal.KeywordMain</class>
      <method>runKeyword</method>
      <line>68</line>
    </frame>
    <frame>
      <class>com.kms.katalon.core.webservice.keyword.builtin.VerifyElementPropertyValueKeyword</class>
      <method>verifyElementPropertyValue</method>
      <line>48</line>
    </frame>
    <frame>
      <class>com.kms.katalon.core.webservice.keyword.builtin.VerifyElementPropertyValueKeyword</class>
      <method>execute</method>
      <line>43</line>
    </frame>
    <frame>
      <class>com.kms.katalon.core.keyword.internal.KeywordExecutor</class>
      <method>executeKeywordForPlatform</method>
      <line>56</line>
    </frame>
    <frame>
      <class>com.kms.katalon.core.webservice.keyword.WSBuiltInKeywords</class>
      <method>verifyElementPropertyValue</method>
      <line>123</line>
    </frame>
    <frame>
      <class>com.kms.katalon.core.webservice.keyword.WSBuiltInKeywords$verifyElementPropertyValue$0</class>
      <method>call</method>
    </frame>
    <frame>
      <class>com.ea.steps.Steps</class>
      <method>getResponseCode</method>
      <line>136</line>
    </frame>
    <frame>
      <class>✽</class>
      <method>Get response_code : 00</method>
      <line>27</line>
    </frame>
  </exception>
  <nestedLevel>0</nestedLevel>
  <property name="failed.exception.stacktrace">com.kms.katalon.core.exception.StepFailedException: Expected element property value &apos;00&apos; is not equal with actual property value &apos;99&apos;\n\tat com.kms.katalon.core.keyword.internal.KeywordMain.stepFailed(KeywordMain.groovy:50)\n\tat com.kms.katalon.core.webservice.keyword.builtin.VerifyElementPropertyValueKeyword$_verifyElementPropertyValue_closure1.doCall(VerifyElementPropertyValueKeyword.groovy:56)\n\tat com.kms.katalon.core.webservice.keyword.builtin.VerifyElementPropertyValueKeyword$_verifyElementPropertyValue_closure1.call(VerifyElementPropertyValueKeyword.groovy)\n\tat com.kms.katalon.core.keyword.internal.KeywordMain.runKeyword(KeywordMain.groovy:68)\n\tat com.kms.katalon.core.webservice.keyword.builtin.VerifyElementPropertyValueKeyword.verifyElementPropertyValue(VerifyElementPropertyValueKeyword.groovy:48)\n\tat com.kms.katalon.core.webservice.keyword.builtin.VerifyElementPropertyValueKeyword.execute(VerifyElementPropertyValueKeyword.groovy:43)\n\tat com.kms.katalon.core.keyword.internal.KeywordExecutor.executeKeywordForPlatform(KeywordExecutor.groovy:56)\n\tat com.kms.katalon.core.webservice.keyword.WSBuiltInKeywords.verifyElementPropertyValue(WSBuiltInKeywords.groovy:123)\n\tat com.kms.katalon.core.webservice.keyword.WSBuiltInKeywords$verifyElementPropertyValue$0.call(Unknown Source)\n\tat com.ea.steps.Steps.getResponseCode(Steps.groovy:136)\n\tat \u273D.Get response_code : 00(/Users/reinard/Documents/Katalon Project/Trunko/Include/features/Kraken - BM Adapter/Command Type Success.feature:27)\n</property>
  <property name="failed.exception.class">com.kms.katalon.core.exception.StepFailedException</property>
  <property name="failed.exception.message">Expected element property value &apos;00&apos; is not equal with actual property value &apos;99&apos;</property>
</record>
<record>
  <date>2019-08-09T15:56:14</date>
  <millis>1565340974120</millis>
  <sequence>70</sequence>
  <level>END</level>
  <class>com.kms.katalon.core.logging.XmlKeywordLogger</class>
  <method>endTest</method>
  <thread>1</thread>
  <message>End Test Case : SCENARIO Command Type Success</message>
  <nestedLevel>1</nestedLevel>
</record>
<record>
  <date>2019-08-09T15:56:14</date>
  <millis>1565340974125</millis>
  <sequence>71</sequence>
  <level>START</level>
  <class>com.kms.katalon.core.logging.XmlKeywordLogger</class>
  <method>startTest</method>
  <thread>1</thread>
  <message>Start Test Case : SCENARIO Command Type Success</message>
  <nestedLevel>2</nestedLevel>
</record>
<record>
  <date>2019-08-09T15:56:14</date>
  <millis>1565340974126</millis>
  <sequence>72</sequence>
  <level>START</level>
  <class>com.kms.katalon.core.logging.XmlKeywordLogger</class>
  <method>startKeyword</method>
  <thread>1</thread>
  <message>Start action : Command Type : advise Config Set</message>
  <nestedLevel>2</nestedLevel>
</record>
<record>
  <date>2019-08-09T15:56:14</date>
  <millis>1565340974128</millis>
  <sequence>73</sequence>
  <level>PASSED</level>
  <class>com.kms.katalon.core.logging.XmlKeywordLogger</class>
  <method>logMessage</method>
  <thread>1</thread>
  <message>Command Type : advise Config Set</message>
  <nestedLevel>2</nestedLevel>
</record>
<record>
  <date>2019-08-09T15:56:14</date>
  <millis>1565340974129</millis>
  <sequence>74</sequence>
  <level>END</level>
  <class>com.kms.katalon.core.logging.XmlKeywordLogger</class>
  <method>endKeyword</method>
  <thread>1</thread>
  <message>End End action : Command Type : advise Config Set</message>
  <nestedLevel>2</nestedLevel>
</record>
<record>
  <date>2019-08-09T15:56:14</date>
  <millis>1565340974130</millis>
  <sequence>75</sequence>
  <level>START</level>
  <class>com.kms.katalon.core.logging.XmlKeywordLogger</class>
  <method>startKeyword</method>
  <thread>1</thread>
  <message>Start action : User Input command_type : advise</message>
  <nestedLevel>2</nestedLevel>
</record>
<record>
  <date>2019-08-09T15:56:14</date>
  <millis>1565340974131</millis>
  <sequence>76</sequence>
  <level>PASSED</level>
  <class>com.kms.katalon.core.logging.XmlKeywordLogger</class>
  <method>logMessage</method>
  <thread>1</thread>
  <message>User Input command_type : advise</message>
  <nestedLevel>2</nestedLevel>
</record>
<record>
  <date>2019-08-09T15:56:14</date>
  <millis>1565340974131</millis>
  <sequence>77</sequence>
  <level>END</level>
  <class>com.kms.katalon.core.logging.XmlKeywordLogger</class>
  <method>endKeyword</method>
  <thread>1</thread>
  <message>End End action : User Input command_type : advise</message>
  <nestedLevel>2</nestedLevel>
</record>
<record>
  <date>2019-08-09T15:56:14</date>
  <millis>1565340974133</millis>
  <sequence>78</sequence>
  <level>START</level>
  <class>com.kms.katalon.core.logging.XmlKeywordLogger</class>
  <method>startKeyword</method>
  <thread>1</thread>
  <message>Start action : Send request</message>
  <nestedLevel>2</nestedLevel>
</record>
<record>
  <date>2019-08-09T15:56:14</date>
  <millis>1565340974372</millis>
  <sequence>81</sequence>
  <level>INFO</level>
  <class>com.kms.katalon.core.logging.XmlKeywordLogger</class>
  <method>logMessage</method>
  <thread>1</thread>
  <message>HAR: /Users/reinard/Documents/Katalon Project/Trunko/Reports/Kraken - BM Adapter/20190809_155602/requests/main/2.har</message>
  <nestedLevel>2</nestedLevel>
  <property name="harId">40eafe1a-9a3b-4736-9e12-72ae3ca55ae7</property>
</record>
<record>
  <date>2019-08-09T15:56:14</date>
  <millis>1565340974375</millis>
  <sequence>82</sequence>
  <level>PASSED</level>
  <class>com.kms.katalon.core.logging.XmlKeywordLogger</class>
  <method>logMessage</method>
  <thread>1</thread>
  <message>Send request successfully</message>
  <nestedLevel>2</nestedLevel>
</record>
<record>
  <date>2019-08-09T15:56:14</date>
  <millis>1565340974376</millis>
  <sequence>83</sequence>
  <level>PASSED</level>
  <class>com.kms.katalon.core.logging.XmlKeywordLogger</class>
  <method>logMessage</method>
  <thread>1</thread>
  <message>Send request</message>
  <nestedLevel>2</nestedLevel>
</record>
<record>
  <date>2019-08-09T15:56:14</date>
  <millis>1565340974376</millis>
  <sequence>84</sequence>
  <level>END</level>
  <class>com.kms.katalon.core.logging.XmlKeywordLogger</class>
  <method>endKeyword</method>
  <thread>1</thread>
  <message>End End action : Send request</message>
  <nestedLevel>2</nestedLevel>
</record>
<record>
  <date>2019-08-09T15:56:14</date>
  <millis>1565340974377</millis>
  <sequence>85</sequence>
  <level>START</level>
  <class>com.kms.katalon.core.logging.XmlKeywordLogger</class>
  <method>startKeyword</method>
  <thread>1</thread>
  <message>Start action : Get response_code : 00</message>
  <nestedLevel>2</nestedLevel>
</record>
<record>
  <date>2019-08-09T15:56:14</date>
  <millis>1565340974397</millis>
  <sequence>87</sequence>
  <level>FAILED</level>
  <class>com.kms.katalon.core.logging.XmlKeywordLogger</class>
  <method>logMessage</method>
  <thread>1</thread>
  <message>Expected element property value &amp;apos;00&amp;apos; is not equal with actual property value &amp;apos;99&amp;apos;</message>
  <nestedLevel>2</nestedLevel>
</record>
<record>
  <date>2019-08-09T15:56:14</date>
  <millis>1565340974399</millis>
  <sequence>90</sequence>
  <level>FAILED</level>
  <class>com.kms.katalon.core.logging.XmlKeywordLogger</class>
  <method>logMessage</method>
  <thread>1</thread>
  <message>Unable to verify element property value (Root cause: com.kms.katalon.core.exception.StepFailedException: Expected element property value &amp;apos;00&amp;apos; is not equal with actual property value &amp;apos;99&amp;apos;\n\tat com.kms.katalon.core.keyword.internal.KeywordMain.stepFailed(KeywordMain.groovy:50)\n\tat com.kms.katalon.core.webservice.keyword.builtin.VerifyElementPropertyValueKeyword$_verifyElementPropertyValue_closure1.doCall(VerifyElementPropertyValueKeyword.groovy:56)\n\tat com.kms.katalon.core.webservice.keyword.builtin.VerifyElementPropertyValueKeyword$_verifyElementPropertyValue_closure1.call(VerifyElementPropertyValueKeyword.groovy)\n\tat com.kms.katalon.core.keyword.internal.KeywordMain.runKeyword(KeywordMain.groovy:68)\n\tat com.kms.katalon.core.webservice.keyword.builtin.VerifyElementPropertyValueKeyword.verifyElementPropertyValue(VerifyElementPropertyValueKeyword.groovy:48)\n\tat com.kms.katalon.core.webservice.keyword.builtin.VerifyElementPropertyValueKeyword.execute(VerifyElementPropertyValueKeyword.groovy:43)\n\tat com.kms.katalon.core.keyword.internal.KeywordExecutor.executeKeywordForPlatform(KeywordExecutor.groovy:56)\n\tat com.kms.katalon.core.webservice.keyword.WSBuiltInKeywords.verifyElementPropertyValue(WSBuiltInKeywords.groovy:123)\n\tat com.kms.katalon.core.webservice.keyword.WSBuiltInKeywords$verifyElementPropertyValue$0.call(Unknown Source)\n\tat com.ea.steps.Steps.getResponseCode(Steps.groovy:136)\n\tat cucumber.runtime.Utils$1.call(Utils.java:26)\n\tat cucumber.runtime.Timeout.timeout(Timeout.java:16)\n\tat cucumber.runtime.Utils.invoke(Utils.java:20)\n\tat cucumber.runtime.java.JavaStepDefinition.execute(JavaStepDefinition.java:48)\n\tat cucumber.runtime.PickleStepDefinitionMatch.runStep(PickleStepDefinitionMatch.java:50)\n\tat cucumber.runner.TestStep.executeStep(TestStep.java:55)\n\tat cucumber.runner.TestStep.run(TestStep.java:42)\n\tat cucumber.runner.PickleStepTestStep.run(PickleStepTestStep.java:53)\n\tat cucumber.runner.TestCase.run(TestCase.java:47)\n\tat cucumber.runner.Runner.runPickle(Runner.java:44)\n\tat cucumber.runtime.Runtime.runFeature(Runtime.java:120)\n\tat cucumber.runtime.Runtime.run(Runtime.java:106)\n\tat cucumber.api.cli.Main.run(Main.java:35)\n\tat cucumber.api.cli.Main$run.call(Unknown Source)\n\tat com.kms.katalon.core.cucumber.keyword.CucumberBuiltinKeywords$_runFeatureFile_closure1.doCall(CucumberBuiltinKeywords.groovy:76)\n\tat com.kms.katalon.core.cucumber.keyword.CucumberBuiltinKeywords$_runFeatureFile_closure1.doCall(CucumberBuiltinKeywords.groovy)\n\tat com.kms.katalon.core.keyword.internal.KeywordMain.runKeyword(KeywordMain.groovy:68)\n\tat com.kms.katalon.core.keyword.internal.KeywordMain$runKeyword.call(Unknown Source)\n\tat com.kms.katalon.core.cucumber.keyword.CucumberBuiltinKeywords.runFeatureFile(CucumberBuiltinKeywords.groovy:46)\n\tat com.kms.katalon.core.cucumber.keyword.CucumberBuiltinKeywords$runFeatureFile$0.callStatic(Unknown Source)\n\tat com.kms.katalon.core.cucumber.keyword.CucumberBuiltinKeywords.runFeatureFile(CucumberBuiltinKeywords.groovy:101)\n\tat com.kms.katalon.core.cucumber.keyword.CucumberBuiltinKeywords$runFeatureFile.call(Unknown Source)\n\tat Biller Label Success.run(Biller Label Success:16)\n\tat com.kms.katalon.core.main.ScriptEngine.run(ScriptEngine.java:194)\n\tat com.kms.katalon.core.main.ScriptEngine.runScriptAsRawText(ScriptEngine.java:119)\n\tat com.kms.katalon.core.main.TestCaseExecutor.runScript(TestCaseExecutor.java:337)\n\tat com.kms.katalon.core.main.TestCaseExecutor.doExecute(TestCaseExecutor.java:328)\n\tat com.kms.katalon.core.main.TestCaseExecutor.processExecutionPhase(TestCaseExecutor.java:307)\n\tat com.kms.katalon.core.main.TestCaseExecutor.accessMainPhase(TestCaseExecutor.java:299)\n\tat com.kms.katalon.core.main.TestCaseExecutor.execute(TestCaseExecutor.java:233)\n\tat com.kms.katalon.core.main.TestSuiteExecutor.accessTestCaseMainPhase(TestSuiteExecutor.java:133)\n\tat com.kms.katalon.core.main.TestSuiteExecutor.accessTestSuiteMainPhase(TestSuiteExecutor.java:116)\n\tat com.kms.katalon.core.main.TestSuiteExecutor.execute(TestSuiteExecutor.java:83)\n\tat com.kms.katalon.core.main.TestCaseMain.startTestSuite(TestCaseMain.java:157)\n\tat com.kms.katalon.core.main.TestCaseMain$startTestSuite$0.call(Unknown Source)\n\tat TempTestSuite1565340962483.run(TempTestSuite1565340962483.groovy:35)\n)</message>
  <nestedLevel>2</nestedLevel>
  <property name="failed.exception.class">com.kms.katalon.core.exception.StepFailedException</property>
  <property name="failed.exception.stacktrace">com.kms.katalon.core.exception.StepFailedException: Expected element property value &apos;00&apos; is not equal with actual property value &apos;99&apos;\n\tat com.kms.katalon.core.keyword.internal.KeywordMain.stepFailed(KeywordMain.groovy:50)\n\tat com.kms.katalon.core.webservice.keyword.builtin.VerifyElementPropertyValueKeyword$_verifyElementPropertyValue_closure1.doCall(VerifyElementPropertyValueKeyword.groovy:56)\n\tat com.kms.katalon.core.webservice.keyword.builtin.VerifyElementPropertyValueKeyword$_verifyElementPropertyValue_closure1.call(VerifyElementPropertyValueKeyword.groovy)\n\tat com.kms.katalon.core.keyword.internal.KeywordMain.runKeyword(KeywordMain.groovy:68)\n\tat com.kms.katalon.core.webservice.keyword.builtin.VerifyElementPropertyValueKeyword.verifyElementPropertyValue(VerifyElementPropertyValueKeyword.groovy:48)\n\tat com.kms.katalon.core.webservice.keyword.builtin.VerifyElementPropertyValueKeyword.execute(VerifyElementPropertyValueKeyword.groovy:43)\n\tat com.kms.katalon.core.keyword.internal.KeywordExecutor.executeKeywordForPlatform(KeywordExecutor.groovy:56)\n\tat com.kms.katalon.core.webservice.keyword.WSBuiltInKeywords.verifyElementPropertyValue(WSBuiltInKeywords.groovy:123)\n\tat com.kms.katalon.core.webservice.keyword.WSBuiltInKeywords$verifyElementPropertyValue$0.call(Unknown Source)\n\tat com.ea.steps.Steps.getResponseCode(Steps.groovy:136)\n\tat cucumber.runtime.Utils$1.call(Utils.java:26)\n\tat cucumber.runtime.Timeout.timeout(Timeout.java:16)\n\tat cucumber.runtime.Utils.invoke(Utils.java:20)\n\tat cucumber.runtime.java.JavaStepDefinition.execute(JavaStepDefinition.java:48)\n\tat cucumber.runtime.PickleStepDefinitionMatch.runStep(PickleStepDefinitionMatch.java:50)\n\tat cucumber.runner.TestStep.executeStep(TestStep.java:55)\n\tat cucumber.runner.TestStep.run(TestStep.java:42)\n\tat cucumber.runner.PickleStepTestStep.run(PickleStepTestStep.java:53)\n\tat cucumber.runner.TestCase.run(TestCase.java:47)\n\tat cucumber.runner.Runner.runPickle(Runner.java:44)\n\tat cucumber.runtime.Runtime.runFeature(Runtime.java:120)\n\tat cucumber.runtime.Runtime.run(Runtime.java:106)\n\tat cucumber.api.cli.Main.run(Main.java:35)\n\tat cucumber.api.cli.Main$run.call(Unknown Source)\n\tat com.kms.katalon.core.cucumber.keyword.CucumberBuiltinKeywords$_runFeatureFile_closure1.doCall(CucumberBuiltinKeywords.groovy:76)\n\tat com.kms.katalon.core.cucumber.keyword.CucumberBuiltinKeywords$_runFeatureFile_closure1.doCall(CucumberBuiltinKeywords.groovy)\n\tat com.kms.katalon.core.keyword.internal.KeywordMain.runKeyword(KeywordMain.groovy:68)\n\tat com.kms.katalon.core.keyword.internal.KeywordMain$runKeyword.call(Unknown Source)\n\tat com.kms.katalon.core.cucumber.keyword.CucumberBuiltinKeywords.runFeatureFile(CucumberBuiltinKeywords.groovy:46)\n\tat com.kms.katalon.core.cucumber.keyword.CucumberBuiltinKeywords$runFeatureFile$0.callStatic(Unknown Source)\n\tat com.kms.katalon.core.cucumber.keyword.CucumberBuiltinKeywords.runFeatureFile(CucumberBuiltinKeywords.groovy:101)\n\tat com.kms.katalon.core.cucumber.keyword.CucumberBuiltinKeywords$runFeatureFile.call(Unknown Source)\n\tat Biller Label Success.run(Biller Label Success:16)\n\tat com.kms.katalon.core.main.ScriptEngine.run(ScriptEngine.java:194)\n\tat com.kms.katalon.core.main.ScriptEngine.runScriptAsRawText(ScriptEngine.java:119)\n\tat com.kms.katalon.core.main.TestCaseExecutor.runScript(TestCaseExecutor.java:337)\n\tat com.kms.katalon.core.main.TestCaseExecutor.doExecute(TestCaseExecutor.java:328)\n\tat com.kms.katalon.core.main.TestCaseExecutor.processExecutionPhase(TestCaseExecutor.java:307)\n\tat com.kms.katalon.core.main.TestCaseExecutor.accessMainPhase(TestCaseExecutor.java:299)\n\tat com.kms.katalon.core.main.TestCaseExecutor.execute(TestCaseExecutor.java:233)\n\tat com.kms.katalon.core.main.TestSuiteExecutor.accessTestCaseMainPhase(TestSuiteExecutor.java:133)\n\tat com.kms.katalon.core.main.TestSuiteExecutor.accessTestSuiteMainPhase(TestSuiteExecutor.java:116)\n\tat com.kms.katalon.core.main.TestSuiteExecutor.execute(TestSuiteExecutor.java:83)\n\tat com.kms.katalon.core.main.TestCaseMain.startTestSuite(TestCaseMain.java:157)\n\tat com.kms.katalon.core.main.TestCaseMain$startTestSuite$0.call(Unknown Source)\n\tat TempTestSuite1565340962483.run(TempTestSuite1565340962483.groovy:35)\n</property>
  <property name="failed.exception.message">Expected element property value &apos;00&apos; is not equal with actual property value &apos;99&apos;</property>
</record>
<record>
  <date>2019-08-09T15:56:14</date>
  <millis>1565340974406</millis>
  <sequence>92</sequence>
  <level>FAILED</level>
  <class>com.kms.katalon.core.logging.XmlKeywordLogger</class>
  <method>logMessage</method>
  <thread>1</thread>
  <message>Get response_code : 00 FAILED.\nReason:\ncom.kms.katalon.core.exception.StepFailedException: Expected element property value &amp;apos;00&amp;apos; is not equal with actual property value &amp;apos;99&amp;apos;\n\tat com.kms.katalon.core.keyword.internal.KeywordMain.stepFailed(KeywordMain.groovy:50)\n\tat com.kms.katalon.core.webservice.keyword.builtin.VerifyElementPropertyValueKeyword$_verifyElementPropertyValue_closure1.doCall(VerifyElementPropertyValueKeyword.groovy:56)\n\tat com.kms.katalon.core.webservice.keyword.builtin.VerifyElementPropertyValueKeyword$_verifyElementPropertyValue_closure1.call(VerifyElementPropertyValueKeyword.groovy)\n\tat com.kms.katalon.core.keyword.internal.KeywordMain.runKeyword(KeywordMain.groovy:68)\n\tat com.kms.katalon.core.webservice.keyword.builtin.VerifyElementPropertyValueKeyword.verifyElementPropertyValue(VerifyElementPropertyValueKeyword.groovy:48)\n\tat com.kms.katalon.core.webservice.keyword.builtin.VerifyElementPropertyValueKeyword.execute(VerifyElementPropertyValueKeyword.groovy:43)\n\tat com.kms.katalon.core.keyword.internal.KeywordExecutor.executeKeywordForPlatform(KeywordExecutor.groovy:56)\n\tat com.kms.katalon.core.webservice.keyword.WSBuiltInKeywords.verifyElementPropertyValue(WSBuiltInKeywords.groovy:123)\n\tat com.kms.katalon.core.webservice.keyword.WSBuiltInKeywords$verifyElementPropertyValue$0.call(Unknown Source)\n\tat com.ea.steps.Steps.getResponseCode(Steps.groovy:136)\n\tat \u273D.Get response_code : 00(/Users/reinard/Documents/Katalon Project/Trunko/Include/features/Kraken - BM Adapter/Command Type Success.feature:27)\n</message>
  <exception>
    <message>com.kms.katalon.core.exception.StepFailedException: Expected element property value '00' is not equal with actual property value '99'</message>
    <frame>
      <class>com.kms.katalon.core.keyword.internal.KeywordMain</class>
      <method>stepFailed</method>
      <line>50</line>
    </frame>
    <frame>
      <class>com.kms.katalon.core.webservice.keyword.builtin.VerifyElementPropertyValueKeyword$_verifyElementPropertyValue_closure1</class>
      <method>doCall</method>
      <line>56</line>
    </frame>
    <frame>
      <class>com.kms.katalon.core.webservice.keyword.builtin.VerifyElementPropertyValueKeyword$_verifyElementPropertyValue_closure1</class>
      <method>call</method>
    </frame>
    <frame>
      <class>com.kms.katalon.core.keyword.internal.KeywordMain</class>
      <method>runKeyword</method>
      <line>68</line>
    </frame>
    <frame>
      <class>com.kms.katalon.core.webservice.keyword.builtin.VerifyElementPropertyValueKeyword</class>
      <method>verifyElementPropertyValue</method>
      <line>48</line>
    </frame>
    <frame>
      <class>com.kms.katalon.core.webservice.keyword.builtin.VerifyElementPropertyValueKeyword</class>
      <method>execute</method>
      <line>43</line>
    </frame>
    <frame>
      <class>com.kms.katalon.core.keyword.internal.KeywordExecutor</class>
      <method>executeKeywordForPlatform</method>
      <line>56</line>
    </frame>
    <frame>
      <class>com.kms.katalon.core.webservice.keyword.WSBuiltInKeywords</class>
      <method>verifyElementPropertyValue</method>
      <line>123</line>
    </frame>
    <frame>
      <class>com.kms.katalon.core.webservice.keyword.WSBuiltInKeywords$verifyElementPropertyValue$0</class>
      <method>call</method>
    </frame>
    <frame>
      <class>com.ea.steps.Steps</class>
      <method>getResponseCode</method>
      <line>136</line>
    </frame>
    <frame>
      <class>✽</class>
      <method>Get response_code : 00</method>
      <line>27</line>
    </frame>
  </exception>
  <nestedLevel>0</nestedLevel>
  <property name="failed.exception.stacktrace">com.kms.katalon.core.exception.StepFailedException: Expected element property value &apos;00&apos; is not equal with actual property value &apos;99&apos;\n\tat com.kms.katalon.core.keyword.internal.KeywordMain.stepFailed(KeywordMain.groovy:50)\n\tat com.kms.katalon.core.webservice.keyword.builtin.VerifyElementPropertyValueKeyword$_verifyElementPropertyValue_closure1.doCall(VerifyElementPropertyValueKeyword.groovy:56)\n\tat com.kms.katalon.core.webservice.keyword.builtin.VerifyElementPropertyValueKeyword$_verifyElementPropertyValue_closure1.call(VerifyElementPropertyValueKeyword.groovy)\n\tat com.kms.katalon.core.keyword.internal.KeywordMain.runKeyword(KeywordMain.groovy:68)\n\tat com.kms.katalon.core.webservice.keyword.builtin.VerifyElementPropertyValueKeyword.verifyElementPropertyValue(VerifyElementPropertyValueKeyword.groovy:48)\n\tat com.kms.katalon.core.webservice.keyword.builtin.VerifyElementPropertyValueKeyword.execute(VerifyElementPropertyValueKeyword.groovy:43)\n\tat com.kms.katalon.core.keyword.internal.KeywordExecutor.executeKeywordForPlatform(KeywordExecutor.groovy:56)\n\tat com.kms.katalon.core.webservice.keyword.WSBuiltInKeywords.verifyElementPropertyValue(WSBuiltInKeywords.groovy:123)\n\tat com.kms.katalon.core.webservice.keyword.WSBuiltInKeywords$verifyElementPropertyValue$0.call(Unknown Source)\n\tat com.ea.steps.Steps.getResponseCode(Steps.groovy:136)\n\tat \u273D.Get response_code : 00(/Users/reinard/Documents/Katalon Project/Trunko/Include/features/Kraken - BM Adapter/Command Type Success.feature:27)\n</property>
  <property name="failed.exception.class">com.kms.katalon.core.exception.StepFailedException</property>
  <property name="failed.exception.message">Expected element property value &apos;00&apos; is not equal with actual property value &apos;99&apos;</property>
</record>
<record>
  <date>2019-08-09T15:56:14</date>
  <millis>1565340974408</millis>
  <sequence>94</sequence>
  <level>END</level>
  <class>com.kms.katalon.core.logging.XmlKeywordLogger</class>
  <method>endKeyword</method>
  <thread>1</thread>
  <message>End End action : Get response_code : 00</message>
  <nestedLevel>2</nestedLevel>
</record>
<record>
  <date>2019-08-09T15:56:14</date>
  <millis>1565340974412</millis>
  <sequence>96</sequence>
  <level>FAILED</level>
  <class>com.kms.katalon.core.logging.XmlKeywordLogger</class>
  <method>logMessage</method>
  <thread>1</thread>
  <message>SCENARIO Command Type Success FAILED.\nReason:\ncom.kms.katalon.core.exception.StepFailedException: Expected element property value &amp;apos;00&amp;apos; is not equal with actual property value &amp;apos;99&amp;apos;\n\tat com.kms.katalon.core.keyword.internal.KeywordMain.stepFailed(KeywordMain.groovy:50)\n\tat com.kms.katalon.core.webservice.keyword.builtin.VerifyElementPropertyValueKeyword$_verifyElementPropertyValue_closure1.doCall(VerifyElementPropertyValueKeyword.groovy:56)\n\tat com.kms.katalon.core.webservice.keyword.builtin.VerifyElementPropertyValueKeyword$_verifyElementPropertyValue_closure1.call(VerifyElementPropertyValueKeyword.groovy)\n\tat com.kms.katalon.core.keyword.internal.KeywordMain.runKeyword(KeywordMain.groovy:68)\n\tat com.kms.katalon.core.webservice.keyword.builtin.VerifyElementPropertyValueKeyword.verifyElementPropertyValue(VerifyElementPropertyValueKeyword.groovy:48)\n\tat com.kms.katalon.core.webservice.keyword.builtin.VerifyElementPropertyValueKeyword.execute(VerifyElementPropertyValueKeyword.groovy:43)\n\tat com.kms.katalon.core.keyword.internal.KeywordExecutor.executeKeywordForPlatform(KeywordExecutor.groovy:56)\n\tat com.kms.katalon.core.webservice.keyword.WSBuiltInKeywords.verifyElementPropertyValue(WSBuiltInKeywords.groovy:123)\n\tat com.kms.katalon.core.webservice.keyword.WSBuiltInKeywords$verifyElementPropertyValue$0.call(Unknown Source)\n\tat com.ea.steps.Steps.getResponseCode(Steps.groovy:136)\n\tat \u273D.Get response_code : 00(/Users/reinard/Documents/Katalon Project/Trunko/Include/features/Kraken - BM Adapter/Command Type Success.feature:27)\n</message>
  <exception>
    <message>com.kms.katalon.core.exception.StepFailedException: Expected element property value '00' is not equal with actual property value '99'</message>
    <frame>
      <class>com.kms.katalon.core.keyword.internal.KeywordMain</class>
      <method>stepFailed</method>
      <line>50</line>
    </frame>
    <frame>
      <class>com.kms.katalon.core.webservice.keyword.builtin.VerifyElementPropertyValueKeyword$_verifyElementPropertyValue_closure1</class>
      <method>doCall</method>
      <line>56</line>
    </frame>
    <frame>
      <class>com.kms.katalon.core.webservice.keyword.builtin.VerifyElementPropertyValueKeyword$_verifyElementPropertyValue_closure1</class>
      <method>call</method>
    </frame>
    <frame>
      <class>com.kms.katalon.core.keyword.internal.KeywordMain</class>
      <method>runKeyword</method>
      <line>68</line>
    </frame>
    <frame>
      <class>com.kms.katalon.core.webservice.keyword.builtin.VerifyElementPropertyValueKeyword</class>
      <method>verifyElementPropertyValue</method>
      <line>48</line>
    </frame>
    <frame>
      <class>com.kms.katalon.core.webservice.keyword.builtin.VerifyElementPropertyValueKeyword</class>
      <method>execute</method>
      <line>43</line>
    </frame>
    <frame>
      <class>com.kms.katalon.core.keyword.internal.KeywordExecutor</class>
      <method>executeKeywordForPlatform</method>
      <line>56</line>
    </frame>
    <frame>
      <class>com.kms.katalon.core.webservice.keyword.WSBuiltInKeywords</class>
      <method>verifyElementPropertyValue</method>
      <line>123</line>
    </frame>
    <frame>
      <class>com.kms.katalon.core.webservice.keyword.WSBuiltInKeywords$verifyElementPropertyValue$0</class>
      <method>call</method>
    </frame>
    <frame>
      <class>com.ea.steps.Steps</class>
      <method>getResponseCode</method>
      <line>136</line>
    </frame>
    <frame>
      <class>✽</class>
      <method>Get response_code : 00</method>
      <line>27</line>
    </frame>
  </exception>
  <nestedLevel>0</nestedLevel>
  <property name="failed.exception.stacktrace">com.kms.katalon.core.exception.StepFailedException: Expected element property value &apos;00&apos; is not equal with actual property value &apos;99&apos;\n\tat com.kms.katalon.core.keyword.internal.KeywordMain.stepFailed(KeywordMain.groovy:50)\n\tat com.kms.katalon.core.webservice.keyword.builtin.VerifyElementPropertyValueKeyword$_verifyElementPropertyValue_closure1.doCall(VerifyElementPropertyValueKeyword.groovy:56)\n\tat com.kms.katalon.core.webservice.keyword.builtin.VerifyElementPropertyValueKeyword$_verifyElementPropertyValue_closure1.call(VerifyElementPropertyValueKeyword.groovy)\n\tat com.kms.katalon.core.keyword.internal.KeywordMain.runKeyword(KeywordMain.groovy:68)\n\tat com.kms.katalon.core.webservice.keyword.builtin.VerifyElementPropertyValueKeyword.verifyElementPropertyValue(VerifyElementPropertyValueKeyword.groovy:48)\n\tat com.kms.katalon.core.webservice.keyword.builtin.VerifyElementPropertyValueKeyword.execute(VerifyElementPropertyValueKeyword.groovy:43)\n\tat com.kms.katalon.core.keyword.internal.KeywordExecutor.executeKeywordForPlatform(KeywordExecutor.groovy:56)\n\tat com.kms.katalon.core.webservice.keyword.WSBuiltInKeywords.verifyElementPropertyValue(WSBuiltInKeywords.groovy:123)\n\tat com.kms.katalon.core.webservice.keyword.WSBuiltInKeywords$verifyElementPropertyValue$0.call(Unknown Source)\n\tat com.ea.steps.Steps.getResponseCode(Steps.groovy:136)\n\tat \u273D.Get response_code : 00(/Users/reinard/Documents/Katalon Project/Trunko/Include/features/Kraken - BM Adapter/Command Type Success.feature:27)\n</property>
  <property name="failed.exception.class">com.kms.katalon.core.exception.StepFailedException</property>
  <property name="failed.exception.message">Expected element property value &apos;00&apos; is not equal with actual property value &apos;99&apos;</property>
</record>
<record>
  <date>2019-08-09T15:56:14</date>
  <millis>1565340974414</millis>
  <sequence>98</sequence>
  <level>END</level>
  <class>com.kms.katalon.core.logging.XmlKeywordLogger</class>
  <method>endTest</method>
  <thread>1</thread>
  <message>End Test Case : SCENARIO Command Type Success</message>
  <nestedLevel>1</nestedLevel>
</record>
<record>
  <date>2019-08-09T15:56:14</date>
  <millis>1565340974417</millis>
  <sequence>99</sequence>
  <level>START</level>
  <class>com.kms.katalon.core.logging.XmlKeywordLogger</class>
  <method>startTest</method>
  <thread>1</thread>
  <message>Start Test Case : SCENARIO Command Type Success</message>
  <nestedLevel>2</nestedLevel>
</record>
<record>
  <date>2019-08-09T15:56:14</date>
  <millis>1565340974424</millis>
  <sequence>100</sequence>
  <level>START</level>
  <class>com.kms.katalon.core.logging.XmlKeywordLogger</class>
  <method>startKeyword</method>
  <thread>1</thread>
  <message>Start action : Command Type : reversal Config Set</message>
  <nestedLevel>2</nestedLevel>
</record>
<record>
  <date>2019-08-09T15:56:14</date>
  <millis>1565340974428</millis>
  <sequence>101</sequence>
  <level>PASSED</level>
  <class>com.kms.katalon.core.logging.XmlKeywordLogger</class>
  <method>logMessage</method>
  <thread>1</thread>
  <message>Command Type : reversal Config Set</message>
  <nestedLevel>2</nestedLevel>
</record>
<record>
  <date>2019-08-09T15:56:14</date>
  <millis>1565340974428</millis>
  <sequence>102</sequence>
  <level>END</level>
  <class>com.kms.katalon.core.logging.XmlKeywordLogger</class>
  <method>endKeyword</method>
  <thread>1</thread>
  <message>End End action : Command Type : reversal Config Set</message>
  <nestedLevel>2</nestedLevel>
</record>
<record>
  <date>2019-08-09T15:56:14</date>
  <millis>1565340974429</millis>
  <sequence>103</sequence>
  <level>START</level>
  <class>com.kms.katalon.core.logging.XmlKeywordLogger</class>
  <method>startKeyword</method>
  <thread>1</thread>
  <message>Start action : User Input command_type : reversal</message>
  <nestedLevel>2</nestedLevel>
</record>
<record>
  <date>2019-08-09T15:56:14</date>
  <millis>1565340974430</millis>
  <sequence>104</sequence>
  <level>PASSED</level>
  <class>com.kms.katalon.core.logging.XmlKeywordLogger</class>
  <method>logMessage</method>
  <thread>1</thread>
  <message>User Input command_type : reversal</message>
  <nestedLevel>2</nestedLevel>
</record>
<record>
  <date>2019-08-09T15:56:14</date>
  <millis>1565340974432</millis>
  <sequence>105</sequence>
  <level>END</level>
  <class>com.kms.katalon.core.logging.XmlKeywordLogger</class>
  <method>endKeyword</method>
  <thread>1</thread>
  <message>End End action : User Input command_type : reversal</message>
  <nestedLevel>2</nestedLevel>
</record>
<record>
  <date>2019-08-09T15:56:14</date>
  <millis>1565340974433</millis>
  <sequence>106</sequence>
  <level>START</level>
  <class>com.kms.katalon.core.logging.XmlKeywordLogger</class>
  <method>startKeyword</method>
  <thread>1</thread>
  <message>Start action : Send request</message>
  <nestedLevel>2</nestedLevel>
</record>
<record>
  <date>2019-08-09T15:56:14</date>
  <millis>1565340974702</millis>
  <sequence>109</sequence>
  <level>INFO</level>
  <class>com.kms.katalon.core.logging.XmlKeywordLogger</class>
  <method>logMessage</method>
  <thread>1</thread>
  <message>HAR: /Users/reinard/Documents/Katalon Project/Trunko/Reports/Kraken - BM Adapter/20190809_155602/requests/main/3.har</message>
  <nestedLevel>2</nestedLevel>
  <property name="harId">9e89714d-72c2-400b-8222-069bb08dfd03</property>
</record>
<record>
  <date>2019-08-09T15:56:14</date>
  <millis>1565340974703</millis>
  <sequence>110</sequence>
  <level>PASSED</level>
  <class>com.kms.katalon.core.logging.XmlKeywordLogger</class>
  <method>logMessage</method>
  <thread>1</thread>
  <message>Send request successfully</message>
  <nestedLevel>2</nestedLevel>
</record>
<record>
  <date>2019-08-09T15:56:14</date>
  <millis>1565340974704</millis>
  <sequence>111</sequence>
  <level>PASSED</level>
  <class>com.kms.katalon.core.logging.XmlKeywordLogger</class>
  <method>logMessage</method>
  <thread>1</thread>
  <message>Send request</message>
  <nestedLevel>2</nestedLevel>
</record>
<record>
  <date>2019-08-09T15:56:14</date>
  <millis>1565340974705</millis>
  <sequence>112</sequence>
  <level>END</level>
  <class>com.kms.katalon.core.logging.XmlKeywordLogger</class>
  <method>endKeyword</method>
  <thread>1</thread>
  <message>End End action : Send request</message>
  <nestedLevel>2</nestedLevel>
</record>
<record>
  <date>2019-08-09T15:56:14</date>
  <millis>1565340974706</millis>
  <sequence>113</sequence>
  <level>START</level>
  <class>com.kms.katalon.core.logging.XmlKeywordLogger</class>
  <method>startKeyword</method>
  <thread>1</thread>
  <message>Start action : Get response_code : 00</message>
  <nestedLevel>2</nestedLevel>
</record>
<record>
  <date>2019-08-09T15:56:14</date>
  <millis>1565340974724</millis>
  <sequence>115</sequence>
  <level>FAILED</level>
  <class>com.kms.katalon.core.logging.XmlKeywordLogger</class>
  <method>logMessage</method>
  <thread>1</thread>
  <message>Expected element property value &amp;apos;00&amp;apos; is not equal with actual property value &amp;apos;99&amp;apos;</message>
  <nestedLevel>2</nestedLevel>
</record>
<record>
  <date>2019-08-09T15:56:14</date>
  <millis>1565340974727</millis>
  <sequence>118</sequence>
  <level>FAILED</level>
  <class>com.kms.katalon.core.logging.XmlKeywordLogger</class>
  <method>logMessage</method>
  <thread>1</thread>
  <message>Unable to verify element property value (Root cause: com.kms.katalon.core.exception.StepFailedException: Expected element property value &amp;apos;00&amp;apos; is not equal with actual property value &amp;apos;99&amp;apos;\n\tat com.kms.katalon.core.keyword.internal.KeywordMain.stepFailed(KeywordMain.groovy:50)\n\tat com.kms.katalon.core.webservice.keyword.builtin.VerifyElementPropertyValueKeyword$_verifyElementPropertyValue_closure1.doCall(VerifyElementPropertyValueKeyword.groovy:56)\n\tat com.kms.katalon.core.webservice.keyword.builtin.VerifyElementPropertyValueKeyword$_verifyElementPropertyValue_closure1.call(VerifyElementPropertyValueKeyword.groovy)\n\tat com.kms.katalon.core.keyword.internal.KeywordMain.runKeyword(KeywordMain.groovy:68)\n\tat com.kms.katalon.core.webservice.keyword.builtin.VerifyElementPropertyValueKeyword.verifyElementPropertyValue(VerifyElementPropertyValueKeyword.groovy:48)\n\tat com.kms.katalon.core.webservice.keyword.builtin.VerifyElementPropertyValueKeyword.execute(VerifyElementPropertyValueKeyword.groovy:43)\n\tat com.kms.katalon.core.keyword.internal.KeywordExecutor.executeKeywordForPlatform(KeywordExecutor.groovy:56)\n\tat com.kms.katalon.core.webservice.keyword.WSBuiltInKeywords.verifyElementPropertyValue(WSBuiltInKeywords.groovy:123)\n\tat com.kms.katalon.core.webservice.keyword.WSBuiltInKeywords$verifyElementPropertyValue$0.call(Unknown Source)\n\tat com.ea.steps.Steps.getResponseCode(Steps.groovy:136)\n\tat cucumber.runtime.Utils$1.call(Utils.java:26)\n\tat cucumber.runtime.Timeout.timeout(Timeout.java:16)\n\tat cucumber.runtime.Utils.invoke(Utils.java:20)\n\tat cucumber.runtime.java.JavaStepDefinition.execute(JavaStepDefinition.java:48)\n\tat cucumber.runtime.PickleStepDefinitionMatch.runStep(PickleStepDefinitionMatch.java:50)\n\tat cucumber.runner.TestStep.executeStep(TestStep.java:55)\n\tat cucumber.runner.TestStep.run(TestStep.java:42)\n\tat cucumber.runner.PickleStepTestStep.run(PickleStepTestStep.java:53)\n\tat cucumber.runner.TestCase.run(TestCase.java:47)\n\tat cucumber.runner.Runner.runPickle(Runner.java:44)\n\tat cucumber.runtime.Runtime.runFeature(Runtime.java:120)\n\tat cucumber.runtime.Runtime.run(Runtime.java:106)\n\tat cucumber.api.cli.Main.run(Main.java:35)\n\tat cucumber.api.cli.Main$run.call(Unknown Source)\n\tat com.kms.katalon.core.cucumber.keyword.CucumberBuiltinKeywords$_runFeatureFile_closure1.doCall(CucumberBuiltinKeywords.groovy:76)\n\tat com.kms.katalon.core.cucumber.keyword.CucumberBuiltinKeywords$_runFeatureFile_closure1.doCall(CucumberBuiltinKeywords.groovy)\n\tat com.kms.katalon.core.keyword.internal.KeywordMain.runKeyword(KeywordMain.groovy:68)\n\tat com.kms.katalon.core.keyword.internal.KeywordMain$runKeyword.call(Unknown Source)\n\tat com.kms.katalon.core.cucumber.keyword.CucumberBuiltinKeywords.runFeatureFile(CucumberBuiltinKeywords.groovy:46)\n\tat com.kms.katalon.core.cucumber.keyword.CucumberBuiltinKeywords$runFeatureFile$0.callStatic(Unknown Source)\n\tat com.kms.katalon.core.cucumber.keyword.CucumberBuiltinKeywords.runFeatureFile(CucumberBuiltinKeywords.groovy:101)\n\tat com.kms.katalon.core.cucumber.keyword.CucumberBuiltinKeywords$runFeatureFile.call(Unknown Source)\n\tat Biller Label Success.run(Biller Label Success:16)\n\tat com.kms.katalon.core.main.ScriptEngine.run(ScriptEngine.java:194)\n\tat com.kms.katalon.core.main.ScriptEngine.runScriptAsRawText(ScriptEngine.java:119)\n\tat com.kms.katalon.core.main.TestCaseExecutor.runScript(TestCaseExecutor.java:337)\n\tat com.kms.katalon.core.main.TestCaseExecutor.doExecute(TestCaseExecutor.java:328)\n\tat com.kms.katalon.core.main.TestCaseExecutor.processExecutionPhase(TestCaseExecutor.java:307)\n\tat com.kms.katalon.core.main.TestCaseExecutor.accessMainPhase(TestCaseExecutor.java:299)\n\tat com.kms.katalon.core.main.TestCaseExecutor.execute(TestCaseExecutor.java:233)\n\tat com.kms.katalon.core.main.TestSuiteExecutor.accessTestCaseMainPhase(TestSuiteExecutor.java:133)\n\tat com.kms.katalon.core.main.TestSuiteExecutor.accessTestSuiteMainPhase(TestSuiteExecutor.java:116)\n\tat com.kms.katalon.core.main.TestSuiteExecutor.execute(TestSuiteExecutor.java:83)\n\tat com.kms.katalon.core.main.TestCaseMain.startTestSuite(TestCaseMain.java:157)\n\tat com.kms.katalon.core.main.TestCaseMain$startTestSuite$0.call(Unknown Source)\n\tat TempTestSuite1565340962483.run(TempTestSuite1565340962483.groovy:35)\n)</message>
  <nestedLevel>2</nestedLevel>
  <property name="failed.exception.class">com.kms.katalon.core.exception.StepFailedException</property>
  <property name="failed.exception.stacktrace">com.kms.katalon.core.exception.StepFailedException: Expected element property value &apos;00&apos; is not equal with actual property value &apos;99&apos;\n\tat com.kms.katalon.core.keyword.internal.KeywordMain.stepFailed(KeywordMain.groovy:50)\n\tat com.kms.katalon.core.webservice.keyword.builtin.VerifyElementPropertyValueKeyword$_verifyElementPropertyValue_closure1.doCall(VerifyElementPropertyValueKeyword.groovy:56)\n\tat com.kms.katalon.core.webservice.keyword.builtin.VerifyElementPropertyValueKeyword$_verifyElementPropertyValue_closure1.call(VerifyElementPropertyValueKeyword.groovy)\n\tat com.kms.katalon.core.keyword.internal.KeywordMain.runKeyword(KeywordMain.groovy:68)\n\tat com.kms.katalon.core.webservice.keyword.builtin.VerifyElementPropertyValueKeyword.verifyElementPropertyValue(VerifyElementPropertyValueKeyword.groovy:48)\n\tat com.kms.katalon.core.webservice.keyword.builtin.VerifyElementPropertyValueKeyword.execute(VerifyElementPropertyValueKeyword.groovy:43)\n\tat com.kms.katalon.core.keyword.internal.KeywordExecutor.executeKeywordForPlatform(KeywordExecutor.groovy:56)\n\tat com.kms.katalon.core.webservice.keyword.WSBuiltInKeywords.verifyElementPropertyValue(WSBuiltInKeywords.groovy:123)\n\tat com.kms.katalon.core.webservice.keyword.WSBuiltInKeywords$verifyElementPropertyValue$0.call(Unknown Source)\n\tat com.ea.steps.Steps.getResponseCode(Steps.groovy:136)\n\tat cucumber.runtime.Utils$1.call(Utils.java:26)\n\tat cucumber.runtime.Timeout.timeout(Timeout.java:16)\n\tat cucumber.runtime.Utils.invoke(Utils.java:20)\n\tat cucumber.runtime.java.JavaStepDefinition.execute(JavaStepDefinition.java:48)\n\tat cucumber.runtime.PickleStepDefinitionMatch.runStep(PickleStepDefinitionMatch.java:50)\n\tat cucumber.runner.TestStep.executeStep(TestStep.java:55)\n\tat cucumber.runner.TestStep.run(TestStep.java:42)\n\tat cucumber.runner.PickleStepTestStep.run(PickleStepTestStep.java:53)\n\tat cucumber.runner.TestCase.run(TestCase.java:47)\n\tat cucumber.runner.Runner.runPickle(Runner.java:44)\n\tat cucumber.runtime.Runtime.runFeature(Runtime.java:120)\n\tat cucumber.runtime.Runtime.run(Runtime.java:106)\n\tat cucumber.api.cli.Main.run(Main.java:35)\n\tat cucumber.api.cli.Main$run.call(Unknown Source)\n\tat com.kms.katalon.core.cucumber.keyword.CucumberBuiltinKeywords$_runFeatureFile_closure1.doCall(CucumberBuiltinKeywords.groovy:76)\n\tat com.kms.katalon.core.cucumber.keyword.CucumberBuiltinKeywords$_runFeatureFile_closure1.doCall(CucumberBuiltinKeywords.groovy)\n\tat com.kms.katalon.core.keyword.internal.KeywordMain.runKeyword(KeywordMain.groovy:68)\n\tat com.kms.katalon.core.keyword.internal.KeywordMain$runKeyword.call(Unknown Source)\n\tat com.kms.katalon.core.cucumber.keyword.CucumberBuiltinKeywords.runFeatureFile(CucumberBuiltinKeywords.groovy:46)\n\tat com.kms.katalon.core.cucumber.keyword.CucumberBuiltinKeywords$runFeatureFile$0.callStatic(Unknown Source)\n\tat com.kms.katalon.core.cucumber.keyword.CucumberBuiltinKeywords.runFeatureFile(CucumberBuiltinKeywords.groovy:101)\n\tat com.kms.katalon.core.cucumber.keyword.CucumberBuiltinKeywords$runFeatureFile.call(Unknown Source)\n\tat Biller Label Success.run(Biller Label Success:16)\n\tat com.kms.katalon.core.main.ScriptEngine.run(ScriptEngine.java:194)\n\tat com.kms.katalon.core.main.ScriptEngine.runScriptAsRawText(ScriptEngine.java:119)\n\tat com.kms.katalon.core.main.TestCaseExecutor.runScript(TestCaseExecutor.java:337)\n\tat com.kms.katalon.core.main.TestCaseExecutor.doExecute(TestCaseExecutor.java:328)\n\tat com.kms.katalon.core.main.TestCaseExecutor.processExecutionPhase(TestCaseExecutor.java:307)\n\tat com.kms.katalon.core.main.TestCaseExecutor.accessMainPhase(TestCaseExecutor.java:299)\n\tat com.kms.katalon.core.main.TestCaseExecutor.execute(TestCaseExecutor.java:233)\n\tat com.kms.katalon.core.main.TestSuiteExecutor.accessTestCaseMainPhase(TestSuiteExecutor.java:133)\n\tat com.kms.katalon.core.main.TestSuiteExecutor.accessTestSuiteMainPhase(TestSuiteExecutor.java:116)\n\tat com.kms.katalon.core.main.TestSuiteExecutor.execute(TestSuiteExecutor.java:83)\n\tat com.kms.katalon.core.main.TestCaseMain.startTestSuite(TestCaseMain.java:157)\n\tat com.kms.katalon.core.main.TestCaseMain$startTestSuite$0.call(Unknown Source)\n\tat TempTestSuite1565340962483.run(TempTestSuite1565340962483.groovy:35)\n</property>
  <property name="failed.exception.message">Expected element property value &apos;00&apos; is not equal with actual property value &apos;99&apos;</property>
</record>
<record>
  <date>2019-08-09T15:56:14</date>
  <millis>1565340974732</millis>
  <sequence>120</sequence>
  <level>FAILED</level>
  <class>com.kms.katalon.core.logging.XmlKeywordLogger</class>
  <method>logMessage</method>
  <thread>1</thread>
  <message>Get response_code : 00 FAILED.\nReason:\ncom.kms.katalon.core.exception.StepFailedException: Expected element property value &amp;apos;00&amp;apos; is not equal with actual property value &amp;apos;99&amp;apos;\n\tat com.kms.katalon.core.keyword.internal.KeywordMain.stepFailed(KeywordMain.groovy:50)\n\tat com.kms.katalon.core.webservice.keyword.builtin.VerifyElementPropertyValueKeyword$_verifyElementPropertyValue_closure1.doCall(VerifyElementPropertyValueKeyword.groovy:56)\n\tat com.kms.katalon.core.webservice.keyword.builtin.VerifyElementPropertyValueKeyword$_verifyElementPropertyValue_closure1.call(VerifyElementPropertyValueKeyword.groovy)\n\tat com.kms.katalon.core.keyword.internal.KeywordMain.runKeyword(KeywordMain.groovy:68)\n\tat com.kms.katalon.core.webservice.keyword.builtin.VerifyElementPropertyValueKeyword.verifyElementPropertyValue(VerifyElementPropertyValueKeyword.groovy:48)\n\tat com.kms.katalon.core.webservice.keyword.builtin.VerifyElementPropertyValueKeyword.execute(VerifyElementPropertyValueKeyword.groovy:43)\n\tat com.kms.katalon.core.keyword.internal.KeywordExecutor.executeKeywordForPlatform(KeywordExecutor.groovy:56)\n\tat com.kms.katalon.core.webservice.keyword.WSBuiltInKeywords.verifyElementPropertyValue(WSBuiltInKeywords.groovy:123)\n\tat com.kms.katalon.core.webservice.keyword.WSBuiltInKeywords$verifyElementPropertyValue$0.call(Unknown Source)\n\tat com.ea.steps.Steps.getResponseCode(Steps.groovy:136)\n\tat \u273D.Get response_code : 00(/Users/reinard/Documents/Katalon Project/Trunko/Include/features/Kraken - BM Adapter/Command Type Success.feature:27)\n</message>
  <exception>
    <message>com.kms.katalon.core.exception.StepFailedException: Expected element property value '00' is not equal with actual property value '99'</message>
    <frame>
      <class>com.kms.katalon.core.keyword.internal.KeywordMain</class>
      <method>stepFailed</method>
      <line>50</line>
    </frame>
    <frame>
      <class>com.kms.katalon.core.webservice.keyword.builtin.VerifyElementPropertyValueKeyword$_verifyElementPropertyValue_closure1</class>
      <method>doCall</method>
      <line>56</line>
    </frame>
    <frame>
      <class>com.kms.katalon.core.webservice.keyword.builtin.VerifyElementPropertyValueKeyword$_verifyElementPropertyValue_closure1</class>
      <method>call</method>
    </frame>
    <frame>
      <class>com.kms.katalon.core.keyword.internal.KeywordMain</class>
      <method>runKeyword</method>
      <line>68</line>
    </frame>
    <frame>
      <class>com.kms.katalon.core.webservice.keyword.builtin.VerifyElementPropertyValueKeyword</class>
      <method>verifyElementPropertyValue</method>
      <line>48</line>
    </frame>
    <frame>
      <class>com.kms.katalon.core.webservice.keyword.builtin.VerifyElementPropertyValueKeyword</class>
      <method>execute</method>
      <line>43</line>
    </frame>
    <frame>
      <class>com.kms.katalon.core.keyword.internal.KeywordExecutor</class>
      <method>executeKeywordForPlatform</method>
      <line>56</line>
    </frame>
    <frame>
      <class>com.kms.katalon.core.webservice.keyword.WSBuiltInKeywords</class>
      <method>verifyElementPropertyValue</method>
      <line>123</line>
    </frame>
    <frame>
      <class>com.kms.katalon.core.webservice.keyword.WSBuiltInKeywords$verifyElementPropertyValue$0</class>
      <method>call</method>
    </frame>
    <frame>
      <class>com.ea.steps.Steps</class>
      <method>getResponseCode</method>
      <line>136</line>
    </frame>
    <frame>
      <class>✽</class>
      <method>Get response_code : 00</method>
      <line>27</line>
    </frame>
  </exception>
  <nestedLevel>0</nestedLevel>
  <property name="failed.exception.stacktrace">com.kms.katalon.core.exception.StepFailedException: Expected element property value &apos;00&apos; is not equal with actual property value &apos;99&apos;\n\tat com.kms.katalon.core.keyword.internal.KeywordMain.stepFailed(KeywordMain.groovy:50)\n\tat com.kms.katalon.core.webservice.keyword.builtin.VerifyElementPropertyValueKeyword$_verifyElementPropertyValue_closure1.doCall(VerifyElementPropertyValueKeyword.groovy:56)\n\tat com.kms.katalon.core.webservice.keyword.builtin.VerifyElementPropertyValueKeyword$_verifyElementPropertyValue_closure1.call(VerifyElementPropertyValueKeyword.groovy)\n\tat com.kms.katalon.core.keyword.internal.KeywordMain.runKeyword(KeywordMain.groovy:68)\n\tat com.kms.katalon.core.webservice.keyword.builtin.VerifyElementPropertyValueKeyword.verifyElementPropertyValue(VerifyElementPropertyValueKeyword.groovy:48)\n\tat com.kms.katalon.core.webservice.keyword.builtin.VerifyElementPropertyValueKeyword.execute(VerifyElementPropertyValueKeyword.groovy:43)\n\tat com.kms.katalon.core.keyword.internal.KeywordExecutor.executeKeywordForPlatform(KeywordExecutor.groovy:56)\n\tat com.kms.katalon.core.webservice.keyword.WSBuiltInKeywords.verifyElementPropertyValue(WSBuiltInKeywords.groovy:123)\n\tat com.kms.katalon.core.webservice.keyword.WSBuiltInKeywords$verifyElementPropertyValue$0.call(Unknown Source)\n\tat com.ea.steps.Steps.getResponseCode(Steps.groovy:136)\n\tat \u273D.Get response_code : 00(/Users/reinard/Documents/Katalon Project/Trunko/Include/features/Kraken - BM Adapter/Command Type Success.feature:27)\n</property>
  <property name="failed.exception.class">com.kms.katalon.core.exception.StepFailedException</property>
  <property name="failed.exception.message">Expected element property value &apos;00&apos; is not equal with actual property value &apos;99&apos;</property>
</record>
<record>
  <date>2019-08-09T15:56:14</date>
  <millis>1565340974734</millis>
  <sequence>122</sequence>
  <level>END</level>
  <class>com.kms.katalon.core.logging.XmlKeywordLogger</class>
  <method>endKeyword</method>
  <thread>1</thread>
  <message>End End action : Get response_code : 00</message>
  <nestedLevel>2</nestedLevel>
</record>
<record>
  <date>2019-08-09T15:56:14</date>
  <millis>1565340974737</millis>
  <sequence>124</sequence>
  <level>FAILED</level>
  <class>com.kms.katalon.core.logging.XmlKeywordLogger</class>
  <method>logMessage</method>
  <thread>1</thread>
  <message>SCENARIO Command Type Success FAILED.\nReason:\ncom.kms.katalon.core.exception.StepFailedException: Expected element property value &amp;apos;00&amp;apos; is not equal with actual property value &amp;apos;99&amp;apos;\n\tat com.kms.katalon.core.keyword.internal.KeywordMain.stepFailed(KeywordMain.groovy:50)\n\tat com.kms.katalon.core.webservice.keyword.builtin.VerifyElementPropertyValueKeyword$_verifyElementPropertyValue_closure1.doCall(VerifyElementPropertyValueKeyword.groovy:56)\n\tat com.kms.katalon.core.webservice.keyword.builtin.VerifyElementPropertyValueKeyword$_verifyElementPropertyValue_closure1.call(VerifyElementPropertyValueKeyword.groovy)\n\tat com.kms.katalon.core.keyword.internal.KeywordMain.runKeyword(KeywordMain.groovy:68)\n\tat com.kms.katalon.core.webservice.keyword.builtin.VerifyElementPropertyValueKeyword.verifyElementPropertyValue(VerifyElementPropertyValueKeyword.groovy:48)\n\tat com.kms.katalon.core.webservice.keyword.builtin.VerifyElementPropertyValueKeyword.execute(VerifyElementPropertyValueKeyword.groovy:43)\n\tat com.kms.katalon.core.keyword.internal.KeywordExecutor.executeKeywordForPlatform(KeywordExecutor.groovy:56)\n\tat com.kms.katalon.core.webservice.keyword.WSBuiltInKeywords.verifyElementPropertyValue(WSBuiltInKeywords.groovy:123)\n\tat com.kms.katalon.core.webservice.keyword.WSBuiltInKeywords$verifyElementPropertyValue$0.call(Unknown Source)\n\tat com.ea.steps.Steps.getResponseCode(Steps.groovy:136)\n\tat \u273D.Get response_code : 00(/Users/reinard/Documents/Katalon Project/Trunko/Include/features/Kraken - BM Adapter/Command Type Success.feature:27)\n</message>
  <exception>
    <message>com.kms.katalon.core.exception.StepFailedException: Expected element property value '00' is not equal with actual property value '99'</message>
    <frame>
      <class>com.kms.katalon.core.keyword.internal.KeywordMain</class>
      <method>stepFailed</method>
      <line>50</line>
    </frame>
    <frame>
      <class>com.kms.katalon.core.webservice.keyword.builtin.VerifyElementPropertyValueKeyword$_verifyElementPropertyValue_closure1</class>
      <method>doCall</method>
      <line>56</line>
    </frame>
    <frame>
      <class>com.kms.katalon.core.webservice.keyword.builtin.VerifyElementPropertyValueKeyword$_verifyElementPropertyValue_closure1</class>
      <method>call</method>
    </frame>
    <frame>
      <class>com.kms.katalon.core.keyword.internal.KeywordMain</class>
      <method>runKeyword</method>
      <line>68</line>
    </frame>
    <frame>
      <class>com.kms.katalon.core.webservice.keyword.builtin.VerifyElementPropertyValueKeyword</class>
      <method>verifyElementPropertyValue</method>
      <line>48</line>
    </frame>
    <frame>
      <class>com.kms.katalon.core.webservice.keyword.builtin.VerifyElementPropertyValueKeyword</class>
      <method>execute</method>
      <line>43</line>
    </frame>
    <frame>
      <class>com.kms.katalon.core.keyword.internal.KeywordExecutor</class>
      <method>executeKeywordForPlatform</method>
      <line>56</line>
    </frame>
    <frame>
      <class>com.kms.katalon.core.webservice.keyword.WSBuiltInKeywords</class>
      <method>verifyElementPropertyValue</method>
      <line>123</line>
    </frame>
    <frame>
      <class>com.kms.katalon.core.webservice.keyword.WSBuiltInKeywords$verifyElementPropertyValue$0</class>
      <method>call</method>
    </frame>
    <frame>
      <class>com.ea.steps.Steps</class>
      <method>getResponseCode</method>
      <line>136</line>
    </frame>
    <frame>
      <class>✽</class>
      <method>Get response_code : 00</method>
      <line>27</line>
    </frame>
  </exception>
  <nestedLevel>0</nestedLevel>
  <property name="failed.exception.stacktrace">com.kms.katalon.core.exception.StepFailedException: Expected element property value &apos;00&apos; is not equal with actual property value &apos;99&apos;\n\tat com.kms.katalon.core.keyword.internal.KeywordMain.stepFailed(KeywordMain.groovy:50)\n\tat com.kms.katalon.core.webservice.keyword.builtin.VerifyElementPropertyValueKeyword$_verifyElementPropertyValue_closure1.doCall(VerifyElementPropertyValueKeyword.groovy:56)\n\tat com.kms.katalon.core.webservice.keyword.builtin.VerifyElementPropertyValueKeyword$_verifyElementPropertyValue_closure1.call(VerifyElementPropertyValueKeyword.groovy)\n\tat com.kms.katalon.core.keyword.internal.KeywordMain.runKeyword(KeywordMain.groovy:68)\n\tat com.kms.katalon.core.webservice.keyword.builtin.VerifyElementPropertyValueKeyword.verifyElementPropertyValue(VerifyElementPropertyValueKeyword.groovy:48)\n\tat com.kms.katalon.core.webservice.keyword.builtin.VerifyElementPropertyValueKeyword.execute(VerifyElementPropertyValueKeyword.groovy:43)\n\tat com.kms.katalon.core.keyword.internal.KeywordExecutor.executeKeywordForPlatform(KeywordExecutor.groovy:56)\n\tat com.kms.katalon.core.webservice.keyword.WSBuiltInKeywords.verifyElementPropertyValue(WSBuiltInKeywords.groovy:123)\n\tat com.kms.katalon.core.webservice.keyword.WSBuiltInKeywords$verifyElementPropertyValue$0.call(Unknown Source)\n\tat com.ea.steps.Steps.getResponseCode(Steps.groovy:136)\n\tat \u273D.Get response_code : 00(/Users/reinard/Documents/Katalon Project/Trunko/Include/features/Kraken - BM Adapter/Command Type Success.feature:27)\n</property>
  <property name="failed.exception.class">com.kms.katalon.core.exception.StepFailedException</property>
  <property name="failed.exception.message">Expected element property value &apos;00&apos; is not equal with actual property value &apos;99&apos;</property>
</record>
<record>
  <date>2019-08-09T15:56:14</date>
  <millis>1565340974739</millis>
  <sequence>126</sequence>
  <level>END</level>
  <class>com.kms.katalon.core.logging.XmlKeywordLogger</class>
  <method>endTest</method>
  <thread>1</thread>
  <message>End Test Case : SCENARIO Command Type Success</message>
  <nestedLevel>1</nestedLevel>
</record>
<record>
  <date>2019-08-09T15:56:14</date>
  <millis>1565340974768</millis>
  <sequence>127</sequence>
  <level>FAILED</level>
  <class>com.kms.katalon.core.logging.XmlKeywordLogger</class>
  <method>logMessage</method>
  <thread>1</thread>
  <message>Feature file &amp;apos;Include/features/Kraken - BM Adapter/Command Type Success.feature&amp;apos; was failed</message>
  <nestedLevel>1</nestedLevel>
</record>
<record>
  <date>2019-08-09T15:56:14</date>
  <millis>1565340974779</millis>
  <sequence>130</sequence>
  <level>FAILED</level>
  <class>com.kms.katalon.core.logging.XmlKeywordLogger</class>
  <method>logMessage</method>
  <thread>1</thread>
  <message>Keyword runFeatureFile was failed (Root cause: com.kms.katalon.core.exception.StepFailedException: Feature file &amp;apos;Include/features/Kraken - BM Adapter/Command Type Success.feature&amp;apos; was failed\n\tat com.kms.katalon.core.keyword.internal.KeywordMain.stepFailed(KeywordMain.groovy:50)\n\tat com.kms.katalon.core.keyword.internal.KeywordMain.stepFailed(KeywordMain.groovy)\n\tat com.kms.katalon.core.keyword.internal.KeywordMain.stepFailed(KeywordMain.groovy:23)\n\tat com.kms.katalon.core.keyword.internal.KeywordMain$stepFailed$0.call(Unknown Source)\n\tat com.kms.katalon.core.cucumber.keyword.CucumberBuiltinKeywords$_runFeatureFile_closure1.doCall(CucumberBuiltinKeywords.groovy:82)\n\tat com.kms.katalon.core.cucumber.keyword.CucumberBuiltinKeywords$_runFeatureFile_closure1.doCall(CucumberBuiltinKeywords.groovy)\n\tat com.kms.katalon.core.keyword.internal.KeywordMain.runKeyword(KeywordMain.groovy:68)\n\tat com.kms.katalon.core.keyword.internal.KeywordMain$runKeyword.call(Unknown Source)\n\tat com.kms.katalon.core.cucumber.keyword.CucumberBuiltinKeywords.runFeatureFile(CucumberBuiltinKeywords.groovy:46)\n\tat com.kms.katalon.core.cucumber.keyword.CucumberBuiltinKeywords$runFeatureFile$0.callStatic(Unknown Source)\n\tat com.kms.katalon.core.cucumber.keyword.CucumberBuiltinKeywords.runFeatureFile(CucumberBuiltinKeywords.groovy:101)\n\tat com.kms.katalon.core.cucumber.keyword.CucumberBuiltinKeywords$runFeatureFile.call(Unknown Source)\n\tat Biller Label Success.run(Biller Label Success:16)\n\tat com.kms.katalon.core.main.ScriptEngine.run(ScriptEngine.java:194)\n\tat com.kms.katalon.core.main.ScriptEngine.runScriptAsRawText(ScriptEngine.java:119)\n\tat com.kms.katalon.core.main.TestCaseExecutor.runScript(TestCaseExecutor.java:337)\n\tat com.kms.katalon.core.main.TestCaseExecutor.doExecute(TestCaseExecutor.java:328)\n\tat com.kms.katalon.core.main.TestCaseExecutor.processExecutionPhase(TestCaseExecutor.java:307)\n\tat com.kms.katalon.core.main.TestCaseExecutor.accessMainPhase(TestCaseExecutor.java:299)\n\tat com.kms.katalon.core.main.TestCaseExecutor.execute(TestCaseExecutor.java:233)\n\tat com.kms.katalon.core.main.TestSuiteExecutor.accessTestCaseMainPhase(TestSuiteExecutor.java:133)\n\tat com.kms.katalon.core.main.TestSuiteExecutor.accessTestSuiteMainPhase(TestSuiteExecutor.java:116)\n\tat com.kms.katalon.core.main.TestSuiteExecutor.execute(TestSuiteExecutor.java:83)\n\tat com.kms.katalon.core.main.TestCaseMain.startTestSuite(TestCaseMain.java:157)\n\tat com.kms.katalon.core.main.TestCaseMain$startTestSuite$0.call(Unknown Source)\n\tat TempTestSuite1565340962483.run(TempTestSuite1565340962483.groovy:35)\n)</message>
  <nestedLevel>1</nestedLevel>
  <property name="failed.exception.class">com.kms.katalon.core.exception.StepFailedException</property>
  <property name="failed.exception.stacktrace">com.kms.katalon.core.exception.StepFailedException: Feature file &apos;Include/features/Kraken - BM Adapter/Command Type Success.feature&apos; was failed\n\tat com.kms.katalon.core.keyword.internal.KeywordMain.stepFailed(KeywordMain.groovy:50)\n\tat com.kms.katalon.core.keyword.internal.KeywordMain.stepFailed(KeywordMain.groovy)\n\tat com.kms.katalon.core.keyword.internal.KeywordMain.stepFailed(KeywordMain.groovy:23)\n\tat com.kms.katalon.core.keyword.internal.KeywordMain$stepFailed$0.call(Unknown Source)\n\tat com.kms.katalon.core.cucumber.keyword.CucumberBuiltinKeywords$_runFeatureFile_closure1.doCall(CucumberBuiltinKeywords.groovy:82)\n\tat com.kms.katalon.core.cucumber.keyword.CucumberBuiltinKeywords$_runFeatureFile_closure1.doCall(CucumberBuiltinKeywords.groovy)\n\tat com.kms.katalon.core.keyword.internal.KeywordMain.runKeyword(KeywordMain.groovy:68)\n\tat com.kms.katalon.core.keyword.internal.KeywordMain$runKeyword.call(Unknown Source)\n\tat com.kms.katalon.core.cucumber.keyword.CucumberBuiltinKeywords.runFeatureFile(CucumberBuiltinKeywords.groovy:46)\n\tat com.kms.katalon.core.cucumber.keyword.CucumberBuiltinKeywords$runFeatureFile$0.callStatic(Unknown Source)\n\tat com.kms.katalon.core.cucumber.keyword.CucumberBuiltinKeywords.runFeatureFile(CucumberBuiltinKeywords.groovy:101)\n\tat com.kms.katalon.core.cucumber.keyword.CucumberBuiltinKeywords$runFeatureFile.call(Unknown Source)\n\tat Biller Label Success.run(Biller Label Success:16)\n\tat com.kms.katalon.core.main.ScriptEngine.run(ScriptEngine.java:194)\n\tat com.kms.katalon.core.main.ScriptEngine.runScriptAsRawText(ScriptEngine.java:119)\n\tat com.kms.katalon.core.main.TestCaseExecutor.runScript(TestCaseExecutor.java:337)\n\tat com.kms.katalon.core.main.TestCaseExecutor.doExecute(TestCaseExecutor.java:328)\n\tat com.kms.katalon.core.main.TestCaseExecutor.processExecutionPhase(TestCaseExecutor.java:307)\n\tat com.kms.katalon.core.main.TestCaseExecutor.accessMainPhase(TestCaseExecutor.java:299)\n\tat com.kms.katalon.core.main.TestCaseExecutor.execute(TestCaseExecutor.java:233)\n\tat com.kms.katalon.core.main.TestSuiteExecutor.accessTestCaseMainPhase(TestSuiteExecutor.java:133)\n\tat com.kms.katalon.core.main.TestSuiteExecutor.accessTestSuiteMainPhase(TestSuiteExecutor.java:116)\n\tat com.kms.katalon.core.main.TestSuiteExecutor.execute(TestSuiteExecutor.java:83)\n\tat com.kms.katalon.core.main.TestCaseMain.startTestSuite(TestCaseMain.java:157)\n\tat com.kms.katalon.core.main.TestCaseMain$startTestSuite$0.call(Unknown Source)\n\tat TempTestSuite1565340962483.run(TempTestSuite1565340962483.groovy:35)\n</property>
  <property name="failed.exception.message">Feature file &apos;Include/features/Kraken - BM Adapter/Command Type Success.feature&apos; was failed</property>
</record>
<record>
  <date>2019-08-09T15:56:14</date>
  <millis>1565340974790</millis>
  <sequence>131</sequence>
  <level>END</level>
  <class>com.kms.katalon.core.logging.XmlKeywordLogger</class>
  <method>endKeyword</method>
  <thread>1</thread>
  <message>End action : runFeatureFile(\&amp;quot;Include/features/Kraken - BM Adapter/Command Type Success.feature\&amp;quot;)</message>
  <nestedLevel>1</nestedLevel>
</record>
<record>
  <date>2019-08-09T15:56:14</date>
  <millis>1565340974791</millis>
  <sequence>133</sequence>
  <level>FAILED</level>
  <class>com.kms.katalon.core.logging.XmlKeywordLogger</class>
  <method>logMessage</method>
  <thread>1</thread>
  <message>Test Cases/Kraken - BM Adapter/Biller Label Success FAILED.\nReason:\ncom.kms.katalon.core.exception.StepFailedException: Feature file &amp;apos;Include/features/Kraken - BM Adapter/Command Type Success.feature&amp;apos; was failed\n\tat com.kms.katalon.core.keyword.internal.KeywordMain.stepFailed(KeywordMain.groovy:50)\n\tat com.kms.katalon.core.keyword.internal.KeywordMain.stepFailed(KeywordMain.groovy)\n\tat com.kms.katalon.core.keyword.internal.KeywordMain.stepFailed(KeywordMain.groovy:23)\n\tat com.kms.katalon.core.keyword.internal.KeywordMain$stepFailed$0.call(Unknown Source)\n\tat com.kms.katalon.core.cucumber.keyword.CucumberBuiltinKeywords$_runFeatureFile_closure1.doCall(CucumberBuiltinKeywords.groovy:82)\n\tat com.kms.katalon.core.cucumber.keyword.CucumberBuiltinKeywords$_runFeatureFile_closure1.doCall(CucumberBuiltinKeywords.groovy)\n\tat com.kms.katalon.core.keyword.internal.KeywordMain.runKeyword(KeywordMain.groovy:68)\n\tat com.kms.katalon.core.keyword.internal.KeywordMain$runKeyword.call(Unknown Source)\n\tat com.kms.katalon.core.cucumber.keyword.CucumberBuiltinKeywords.runFeatureFile(CucumberBuiltinKeywords.groovy:46)\n\tat com.kms.katalon.core.cucumber.keyword.CucumberBuiltinKeywords$runFeatureFile$0.callStatic(Unknown Source)\n\tat com.kms.katalon.core.cucumber.keyword.CucumberBuiltinKeywords.runFeatureFile(CucumberBuiltinKeywords.groovy:101)\n\tat com.kms.katalon.core.cucumber.keyword.CucumberBuiltinKeywords$runFeatureFile.call(Unknown Source)\n\tat Biller Label Success.run(Biller Label Success:16)\n\tat com.kms.katalon.core.main.ScriptEngine.run(ScriptEngine.java:194)\n\tat com.kms.katalon.core.main.ScriptEngine.runScriptAsRawText(ScriptEngine.java:119)\n\tat com.kms.katalon.core.main.TestCaseExecutor.runScript(TestCaseExecutor.java:337)\n\tat com.kms.katalon.core.main.TestCaseExecutor.doExecute(TestCaseExecutor.java:328)\n\tat com.kms.katalon.core.main.TestCaseExecutor.processExecutionPhase(TestCaseExecutor.java:307)\n\tat com.kms.katalon.core.main.TestCaseExecutor.accessMainPhase(TestCaseExecutor.java:299)\n\tat com.kms.katalon.core.main.TestCaseExecutor.execute(TestCaseExecutor.java:233)\n\tat com.kms.katalon.core.main.TestSuiteExecutor.accessTestCaseMainPhase(TestSuiteExecutor.java:133)\n\tat com.kms.katalon.core.main.TestSuiteExecutor.accessTestSuiteMainPhase(TestSuiteExecutor.java:116)\n\tat com.kms.katalon.core.main.TestSuiteExecutor.execute(TestSuiteExecutor.java:83)\n\tat com.kms.katalon.core.main.TestCaseMain.startTestSuite(TestCaseMain.java:157)\n\tat com.kms.katalon.core.main.TestCaseMain$startTestSuite$0.call(Unknown Source)\n\tat TempTestSuite1565340962483.run(TempTestSuite1565340962483.groovy:35)\n</message>
  <exception>
    <message>com.kms.katalon.core.exception.StepFailedException: Feature file 'Include/features/Kraken - BM Adapter/Command Type Success.feature' was failed</message>
    <frame>
      <class>com.kms.katalon.core.keyword.internal.KeywordMain</class>
      <method>stepFailed</method>
      <line>50</line>
    </frame>
    <frame>
      <class>com.kms.katalon.core.keyword.internal.KeywordMain</class>
      <method>stepFailed</method>
    </frame>
    <frame>
      <class>com.kms.katalon.core.keyword.internal.KeywordMain</class>
      <method>stepFailed</method>
      <line>23</line>
    </frame>
    <frame>
      <class>com.kms.katalon.core.keyword.internal.KeywordMain$stepFailed$0</class>
      <method>call</method>
    </frame>
    <frame>
      <class>com.kms.katalon.core.cucumber.keyword.CucumberBuiltinKeywords$_runFeatureFile_closure1</class>
      <method>doCall</method>
      <line>82</line>
    </frame>
    <frame>
      <class>com.kms.katalon.core.cucumber.keyword.CucumberBuiltinKeywords$_runFeatureFile_closure1</class>
      <method>doCall</method>
    </frame>
    <frame>
      <class>com.kms.katalon.core.keyword.internal.KeywordMain</class>
      <method>runKeyword</method>
      <line>68</line>
    </frame>
    <frame>
      <class>com.kms.katalon.core.keyword.internal.KeywordMain$runKeyword</class>
      <method>call</method>
    </frame>
    <frame>
      <class>com.kms.katalon.core.cucumber.keyword.CucumberBuiltinKeywords</class>
      <method>runFeatureFile</method>
      <line>46</line>
    </frame>
    <frame>
      <class>com.kms.katalon.core.cucumber.keyword.CucumberBuiltinKeywords$runFeatureFile$0</class>
      <method>callStatic</method>
    </frame>
    <frame>
      <class>com.kms.katalon.core.cucumber.keyword.CucumberBuiltinKeywords</class>
      <method>runFeatureFile</method>
      <line>101</line>
    </frame>
    <frame>
      <class>com.kms.katalon.core.cucumber.keyword.CucumberBuiltinKeywords$runFeatureFile</class>
      <method>call</method>
    </frame>
    <frame>
      <class>Biller Label Success</class>
      <method>run</method>
      <line>16</line>
    </frame>
    <frame>
      <class>com.kms.katalon.core.main.ScriptEngine</class>
      <method>run</method>
      <line>194</line>
    </frame>
    <frame>
      <class>com.kms.katalon.core.main.ScriptEngine</class>
      <method>runScriptAsRawText</method>
      <line>119</line>
    </frame>
    <frame>
      <class>com.kms.katalon.core.main.TestCaseExecutor</class>
      <method>runScript</method>
      <line>337</line>
    </frame>
    <frame>
      <class>com.kms.katalon.core.main.TestCaseExecutor</class>
      <method>doExecute</method>
      <line>328</line>
    </frame>
    <frame>
      <class>com.kms.katalon.core.main.TestCaseExecutor</class>
      <method>processExecutionPhase</method>
      <line>307</line>
    </frame>
    <frame>
      <class>com.kms.katalon.core.main.TestCaseExecutor</class>
      <method>accessMainPhase</method>
      <line>299</line>
    </frame>
    <frame>
      <class>com.kms.katalon.core.main.TestCaseExecutor</class>
      <method>execute</method>
      <line>233</line>
    </frame>
    <frame>
      <class>com.kms.katalon.core.main.TestSuiteExecutor</class>
      <method>accessTestCaseMainPhase</method>
      <line>133</line>
    </frame>
    <frame>
      <class>com.kms.katalon.core.main.TestSuiteExecutor</class>
      <method>accessTestSuiteMainPhase</method>
      <line>116</line>
    </frame>
    <frame>
      <class>com.kms.katalon.core.main.TestSuiteExecutor</class>
      <method>execute</method>
      <line>83</line>
    </frame>
    <frame>
      <class>com.kms.katalon.core.main.TestCaseMain</class>
      <method>startTestSuite</method>
      <line>157</line>
    </frame>
    <frame>
      <class>com.kms.katalon.core.main.TestCaseMain$startTestSuite$0</class>
      <method>call</method>
    </frame>
    <frame>
      <class>TempTestSuite1565340962483</class>
      <method>run</method>
      <line>35</line>
    </frame>
  </exception>
  <nestedLevel>0</nestedLevel>
  <property name="failed.exception.stacktrace">com.kms.katalon.core.exception.StepFailedException: Feature file &apos;Include/features/Kraken - BM Adapter/Command Type Success.feature&apos; was failed\n\tat com.kms.katalon.core.keyword.internal.KeywordMain.stepFailed(KeywordMain.groovy:50)\n\tat com.kms.katalon.core.keyword.internal.KeywordMain.stepFailed(KeywordMain.groovy)\n\tat com.kms.katalon.core.keyword.internal.KeywordMain.stepFailed(KeywordMain.groovy:23)\n\tat com.kms.katalon.core.keyword.internal.KeywordMain$stepFailed$0.call(Unknown Source)\n\tat com.kms.katalon.core.cucumber.keyword.CucumberBuiltinKeywords$_runFeatureFile_closure1.doCall(CucumberBuiltinKeywords.groovy:82)\n\tat com.kms.katalon.core.cucumber.keyword.CucumberBuiltinKeywords$_runFeatureFile_closure1.doCall(CucumberBuiltinKeywords.groovy)\n\tat com.kms.katalon.core.keyword.internal.KeywordMain.runKeyword(KeywordMain.groovy:68)\n\tat com.kms.katalon.core.keyword.internal.KeywordMain$runKeyword.call(Unknown Source)\n\tat com.kms.katalon.core.cucumber.keyword.CucumberBuiltinKeywords.runFeatureFile(CucumberBuiltinKeywords.groovy:46)\n\tat com.kms.katalon.core.cucumber.keyword.CucumberBuiltinKeywords$runFeatureFile$0.callStatic(Unknown Source)\n\tat com.kms.katalon.core.cucumber.keyword.CucumberBuiltinKeywords.runFeatureFile(CucumberBuiltinKeywords.groovy:101)\n\tat com.kms.katalon.core.cucumber.keyword.CucumberBuiltinKeywords$runFeatureFile.call(Unknown Source)\n\tat Biller Label Success.run(Biller Label Success:16)\n\tat com.kms.katalon.core.main.ScriptEngine.run(ScriptEngine.java:194)\n\tat com.kms.katalon.core.main.ScriptEngine.runScriptAsRawText(ScriptEngine.java:119)\n\tat com.kms.katalon.core.main.TestCaseExecutor.runScript(TestCaseExecutor.java:337)\n\tat com.kms.katalon.core.main.TestCaseExecutor.doExecute(TestCaseExecutor.java:328)\n\tat com.kms.katalon.core.main.TestCaseExecutor.processExecutionPhase(TestCaseExecutor.java:307)\n\tat com.kms.katalon.core.main.TestCaseExecutor.accessMainPhase(TestCaseExecutor.java:299)\n\tat com.kms.katalon.core.main.TestCaseExecutor.execute(TestCaseExecutor.java:233)\n\tat com.kms.katalon.core.main.TestSuiteExecutor.accessTestCaseMainPhase(TestSuiteExecutor.java:133)\n\tat com.kms.katalon.core.main.TestSuiteExecutor.accessTestSuiteMainPhase(TestSuiteExecutor.java:116)\n\tat com.kms.katalon.core.main.TestSuiteExecutor.execute(TestSuiteExecutor.java:83)\n\tat com.kms.katalon.core.main.TestCaseMain.startTestSuite(TestCaseMain.java:157)\n\tat com.kms.katalon.core.main.TestCaseMain$startTestSuite$0.call(Unknown Source)\n\tat TempTestSuite1565340962483.run(TempTestSuite1565340962483.groovy:35)\n</property>
  <property name="failed.exception.class">com.kms.katalon.core.exception.StepFailedException</property>
  <property name="failed.exception.message">Feature file &apos;Include/features/Kraken - BM Adapter/Command Type Success.feature&apos; was failed</property>
</record>
<record>
  <date>2019-08-09T15:56:14</date>
  <millis>1565340974794</millis>
  <sequence>135</sequence>
  <level>END</level>
  <class>com.kms.katalon.core.logging.XmlKeywordLogger</class>
  <method>endTest</method>
  <thread>1</thread>
  <message>End Test Case : Test Cases/Kraken - BM Adapter/Biller Label Success</message>
  <nestedLevel>0</nestedLevel>
</record>
<record>
  <date>2019-08-09T15:56:14</date>
  <millis>1565340974798</millis>
  <sequence>136</sequence>
  <level>START</level>
  <class>com.kms.katalon.core.logging.XmlKeywordLogger</class>
  <method>startTest</method>
  <thread>1</thread>
  <message>Start Test Case : Test Cases/Kraken - BM Adapter/Command Type Failed</message>
  <nestedLevel>1</nestedLevel>
  <property name="name">Test Cases/Kraken - BM Adapter/Command Type Failed</property>
  <property name="description"></property>
  <property name="id">Test Cases/Kraken - BM Adapter/Command Type Failed</property>
  <property name="source">\\Users\\reinard\\Documents\\Katalon Project\\Trunko\\Test Cases\\Kraken - BM Adapter\\Command Type Failed.tc</property>
  <property name="tag"></property>
  <property name="isOptional">false</property>
</record>
<record>
  <date>2019-08-09T15:56:14</date>
  <millis>1565340974992</millis>
  <sequence>138</sequence>
  <level>START</level>
  <class>com.kms.katalon.core.logging.XmlKeywordLogger</class>
  <method>startKeyword</method>
  <thread>1</thread>
  <message>Start action : runFeatureFile(\&amp;quot;Include/features/Kraken - BM Adapter/Biller Label Success.feature\&amp;quot;)</message>
  <nestedLevel>1</nestedLevel>
  <property name="startLine">16</property>
  <property name="stepIndex">1</property>
</record>
<record>
  <date>2019-08-09T15:56:14</date>
  <millis>1565340974993</millis>
  <sequence>139</sequence>
  <level>INFO</level>
  <class>com.kms.katalon.core.logging.XmlKeywordLogger</class>
  <method>logMessage</method>
  <thread>1</thread>
  <message>Starting run keyword runFeatureFile: &amp;apos;Include/features/Kraken - BM Adapter/Biller Label Success.feature&amp;apos; and extract report to folder: &amp;apos;/Users/reinard/Documents/Katalon Project/Trunko/Reports/Kraken - BM Adapter/20190809_155602/cucumber_report/1565340974993&amp;apos;...</message>
  <nestedLevel>1</nestedLevel>
</record>
<record>
  <date>2019-08-09T15:56:15</date>
  <millis>1565340975053</millis>
  <sequence>140</sequence>
  <level>START</level>
  <class>com.kms.katalon.core.logging.XmlKeywordLogger</class>
  <method>startTest</method>
  <thread>1</thread>
  <message>Start Test Case : SCENARIO Biller Label Success</message>
  <nestedLevel>2</nestedLevel>
</record>
<record>
  <date>2019-08-09T15:56:15</date>
  <millis>1565340975055</millis>
  <sequence>141</sequence>
  <level>START</level>
  <class>com.kms.katalon.core.logging.XmlKeywordLogger</class>
  <method>startKeyword</method>
  <thread>1</thread>
  <message>Start action : Biller Label : trunko_test Set</message>
  <nestedLevel>2</nestedLevel>
</record>
<record>
  <date>2019-08-09T15:56:15</date>
  <millis>1565340975056</millis>
  <sequence>142</sequence>
  <level>PASSED</level>
  <class>com.kms.katalon.core.logging.XmlKeywordLogger</class>
  <method>logMessage</method>
  <thread>1</thread>
  <message>Biller Label : trunko_test Set</message>
  <nestedLevel>2</nestedLevel>
</record>
<record>
  <date>2019-08-09T15:56:15</date>
  <millis>1565340975056</millis>
  <sequence>143</sequence>
  <level>END</level>
  <class>com.kms.katalon.core.logging.XmlKeywordLogger</class>
  <method>endKeyword</method>
  <thread>1</thread>
  <message>End End action : Biller Label : trunko_test Set</message>
  <nestedLevel>2</nestedLevel>
</record>
<record>
  <date>2019-08-09T15:56:15</date>
  <millis>1565340975058</millis>
  <sequence>144</sequence>
  <level>START</level>
  <class>com.kms.katalon.core.logging.XmlKeywordLogger</class>
  <method>startKeyword</method>
  <thread>1</thread>
  <message>Start action : User Input biller_label : trunko_test</message>
  <nestedLevel>2</nestedLevel>
</record>
<record>
  <date>2019-08-09T15:56:15</date>
  <millis>1565340975059</millis>
  <sequence>145</sequence>
  <level>PASSED</level>
  <class>com.kms.katalon.core.logging.XmlKeywordLogger</class>
  <method>logMessage</method>
  <thread>1</thread>
  <message>User Input biller_label : trunko_test</message>
  <nestedLevel>2</nestedLevel>
</record>
<record>
  <date>2019-08-09T15:56:15</date>
  <millis>1565340975059</millis>
  <sequence>146</sequence>
  <level>END</level>
  <class>com.kms.katalon.core.logging.XmlKeywordLogger</class>
  <method>endKeyword</method>
  <thread>1</thread>
  <message>End End action : User Input biller_label : trunko_test</message>
  <nestedLevel>2</nestedLevel>
</record>
<record>
  <date>2019-08-09T15:56:15</date>
  <millis>1565340975060</millis>
  <sequence>147</sequence>
  <level>START</level>
  <class>com.kms.katalon.core.logging.XmlKeywordLogger</class>
  <method>startKeyword</method>
  <thread>1</thread>
  <message>Start action : Send request</message>
  <nestedLevel>2</nestedLevel>
</record>
<record>
  <date>2019-08-09T15:56:15</date>
  <millis>1565340975796</millis>
  <sequence>150</sequence>
  <level>INFO</level>
  <class>com.kms.katalon.core.logging.XmlKeywordLogger</class>
  <method>logMessage</method>
  <thread>1</thread>
  <message>HAR: /Users/reinard/Documents/Katalon Project/Trunko/Reports/Kraken - BM Adapter/20190809_155602/requests/main/4.har</message>
  <nestedLevel>2</nestedLevel>
  <property name="harId">bbc63071-4f20-4193-a131-7ffafd29864e</property>
</record>
<record>
  <date>2019-08-09T15:56:15</date>
  <millis>1565340975799</millis>
  <sequence>151</sequence>
  <level>PASSED</level>
  <class>com.kms.katalon.core.logging.XmlKeywordLogger</class>
  <method>logMessage</method>
  <thread>1</thread>
  <message>Send request successfully</message>
  <nestedLevel>2</nestedLevel>
</record>
<record>
  <date>2019-08-09T15:56:15</date>
  <millis>1565340975800</millis>
  <sequence>152</sequence>
  <level>PASSED</level>
  <class>com.kms.katalon.core.logging.XmlKeywordLogger</class>
  <method>logMessage</method>
  <thread>1</thread>
  <message>Send request</message>
  <nestedLevel>2</nestedLevel>
</record>
<record>
  <date>2019-08-09T15:56:15</date>
  <millis>1565340975801</millis>
  <sequence>153</sequence>
  <level>END</level>
  <class>com.kms.katalon.core.logging.XmlKeywordLogger</class>
  <method>endKeyword</method>
  <thread>1</thread>
  <message>End End action : Send request</message>
  <nestedLevel>2</nestedLevel>
</record>
<record>
  <date>2019-08-09T15:56:15</date>
  <millis>1565340975802</millis>
  <sequence>154</sequence>
  <level>START</level>
  <class>com.kms.katalon.core.logging.XmlKeywordLogger</class>
  <method>startKeyword</method>
  <thread>1</thread>
  <message>Start action : Get response_code : 00</message>
  <nestedLevel>2</nestedLevel>
</record>
<record>
  <date>2019-08-09T15:56:15</date>
  <millis>1565340975815</millis>
  <sequence>156</sequence>
  <level>PASSED</level>
  <class>com.kms.katalon.core.logging.XmlKeywordLogger</class>
  <method>logMessage</method>
  <thread>1</thread>
  <message>Verify element property value successfully</message>
  <nestedLevel>2</nestedLevel>
</record>
<record>
  <date>2019-08-09T15:56:15</date>
  <millis>1565340975816</millis>
  <sequence>157</sequence>
  <level>PASSED</level>
  <class>com.kms.katalon.core.logging.XmlKeywordLogger</class>
  <method>logMessage</method>
  <thread>1</thread>
  <message>Get response_code : 00</message>
  <nestedLevel>2</nestedLevel>
</record>
<record>
  <date>2019-08-09T15:56:15</date>
  <millis>1565340975817</millis>
  <sequence>158</sequence>
  <level>END</level>
  <class>com.kms.katalon.core.logging.XmlKeywordLogger</class>
  <method>endKeyword</method>
  <thread>1</thread>
  <message>End End action : Get response_code : 00</message>
  <nestedLevel>2</nestedLevel>
</record>
<record>
  <date>2019-08-09T15:56:15</date>
  <millis>1565340975817</millis>
  <sequence>159</sequence>
  <level>PASSED</level>
  <class>com.kms.katalon.core.logging.XmlKeywordLogger</class>
  <method>logMessage</method>
  <thread>1</thread>
  <message>SCENARIO Biller Label Success</message>
  <nestedLevel>2</nestedLevel>
</record>
<record>
  <date>2019-08-09T15:56:15</date>
  <millis>1565340975818</millis>
  <sequence>160</sequence>
  <level>END</level>
  <class>com.kms.katalon.core.logging.XmlKeywordLogger</class>
  <method>endTest</method>
  <thread>1</thread>
  <message>End Test Case : SCENARIO Biller Label Success</message>
  <nestedLevel>1</nestedLevel>
</record>
<record>
  <date>2019-08-09T15:56:15</date>
  <millis>1565340975825</millis>
  <sequence>161</sequence>
  <level>PASSED</level>
  <class>com.kms.katalon.core.logging.XmlKeywordLogger</class>
  <method>logMessage</method>
  <thread>1</thread>
  <message>Feature file: &amp;apos;Include/features/Kraken - BM Adapter/Biller Label Success.feature&amp;apos; was passed</message>
  <nestedLevel>1</nestedLevel>
</record>
<record>
  <date>2019-08-09T15:56:15</date>
  <millis>1565340975825</millis>
  <sequence>162</sequence>
  <level>END</level>
  <class>com.kms.katalon.core.logging.XmlKeywordLogger</class>
  <method>endKeyword</method>
  <thread>1</thread>
  <message>End action : runFeatureFile(\&amp;quot;Include/features/Kraken - BM Adapter/Biller Label Success.feature\&amp;quot;)</message>
  <nestedLevel>1</nestedLevel>
</record>
<record>
  <date>2019-08-09T15:56:15</date>
  <millis>1565340975825</millis>
  <sequence>163</sequence>
  <level>PASSED</level>
  <class>com.kms.katalon.core.logging.XmlKeywordLogger</class>
  <method>logMessage</method>
  <thread>1</thread>
  <message>Test Cases/Kraken - BM Adapter/Command Type Failed</message>
  <nestedLevel>1</nestedLevel>
</record>
<record>
  <date>2019-08-09T15:56:15</date>
  <millis>1565340975826</millis>
  <sequence>164</sequence>
  <level>END</level>
  <class>com.kms.katalon.core.logging.XmlKeywordLogger</class>
  <method>endTest</method>
  <thread>1</thread>
  <message>End Test Case : Test Cases/Kraken - BM Adapter/Command Type Failed</message>
  <nestedLevel>0</nestedLevel>
</record>
<record>
  <date>2019-08-09T15:56:15</date>
  <millis>1565340975830</millis>
  <sequence>165</sequence>
  <level>START</level>
  <class>com.kms.katalon.core.logging.XmlKeywordLogger</class>
  <method>startTest</method>
  <thread>1</thread>
  <message>Start Test Case : Test Cases/Kraken - BM Adapter/Command Type Success</message>
  <nestedLevel>1</nestedLevel>
  <property name="name">Test Cases/Kraken - BM Adapter/Command Type Success</property>
  <property name="description"></property>
  <property name="id">Test Cases/Kraken - BM Adapter/Command Type Success</property>
  <property name="source">\\Users\\reinard\\Documents\\Katalon Project\\Trunko\\Test Cases\\Kraken - BM Adapter\\Command Type Success.tc</property>
  <property name="tag"></property>
  <property name="isOptional">false</property>
</record>
<record>
  <date>2019-08-09T15:56:15</date>
  <millis>1565340975944</millis>
  <sequence>167</sequence>
  <level>START</level>
  <class>com.kms.katalon.core.logging.XmlKeywordLogger</class>
  <method>startKeyword</method>
  <thread>1</thread>
  <message>Start action : runFeatureFile(\&amp;quot;Include/features/Kraken - BM Adapter/Biller Label Success.feature\&amp;quot;)</message>
  <nestedLevel>1</nestedLevel>
  <property name="startLine">16</property>
  <property name="stepIndex">1</property>
</record>
<record>
  <date>2019-08-09T15:56:15</date>
  <millis>1565340975945</millis>
  <sequence>168</sequence>
  <level>INFO</level>
  <class>com.kms.katalon.core.logging.XmlKeywordLogger</class>
  <method>logMessage</method>
  <thread>1</thread>
  <message>Starting run keyword runFeatureFile: &amp;apos;Include/features/Kraken - BM Adapter/Biller Label Success.feature&amp;apos; and extract report to folder: &amp;apos;/Users/reinard/Documents/Katalon Project/Trunko/Reports/Kraken - BM Adapter/20190809_155602/cucumber_report/1565340975945&amp;apos;...</message>
  <nestedLevel>1</nestedLevel>
</record>
<record>
  <date>2019-08-09T15:56:16</date>
  <millis>1565340976005</millis>
  <sequence>169</sequence>
  <level>START</level>
  <class>com.kms.katalon.core.logging.XmlKeywordLogger</class>
  <method>startTest</method>
  <thread>1</thread>
  <message>Start Test Case : SCENARIO Biller Label Success</message>
  <nestedLevel>2</nestedLevel>
</record>
<record>
  <date>2019-08-09T15:56:16</date>
  <millis>1565340976006</millis>
  <sequence>170</sequence>
  <level>START</level>
  <class>com.kms.katalon.core.logging.XmlKeywordLogger</class>
  <method>startKeyword</method>
  <thread>1</thread>
  <message>Start action : Biller Label : trunko_test Set</message>
  <nestedLevel>2</nestedLevel>
</record>
<record>
  <date>2019-08-09T15:56:16</date>
  <millis>1565340976007</millis>
  <sequence>171</sequence>
  <level>PASSED</level>
  <class>com.kms.katalon.core.logging.XmlKeywordLogger</class>
  <method>logMessage</method>
  <thread>1</thread>
  <message>Biller Label : trunko_test Set</message>
  <nestedLevel>2</nestedLevel>
</record>
<record>
  <date>2019-08-09T15:56:16</date>
  <millis>1565340976008</millis>
  <sequence>172</sequence>
  <level>END</level>
  <class>com.kms.katalon.core.logging.XmlKeywordLogger</class>
  <method>endKeyword</method>
  <thread>1</thread>
  <message>End End action : Biller Label : trunko_test Set</message>
  <nestedLevel>2</nestedLevel>
</record>
<record>
  <date>2019-08-09T15:56:16</date>
  <millis>1565340976008</millis>
  <sequence>173</sequence>
  <level>START</level>
  <class>com.kms.katalon.core.logging.XmlKeywordLogger</class>
  <method>startKeyword</method>
  <thread>1</thread>
  <message>Start action : User Input biller_label : trunko_test</message>
  <nestedLevel>2</nestedLevel>
</record>
<record>
  <date>2019-08-09T15:56:16</date>
  <millis>1565340976009</millis>
  <sequence>174</sequence>
  <level>PASSED</level>
  <class>com.kms.katalon.core.logging.XmlKeywordLogger</class>
  <method>logMessage</method>
  <thread>1</thread>
  <message>User Input biller_label : trunko_test</message>
  <nestedLevel>2</nestedLevel>
</record>
<record>
  <date>2019-08-09T15:56:16</date>
  <millis>1565340976009</millis>
  <sequence>175</sequence>
  <level>END</level>
  <class>com.kms.katalon.core.logging.XmlKeywordLogger</class>
  <method>endKeyword</method>
  <thread>1</thread>
  <message>End End action : User Input biller_label : trunko_test</message>
  <nestedLevel>2</nestedLevel>
</record>
<record>
  <date>2019-08-09T15:56:16</date>
  <millis>1565340976010</millis>
  <sequence>176</sequence>
  <level>START</level>
  <class>com.kms.katalon.core.logging.XmlKeywordLogger</class>
  <method>startKeyword</method>
  <thread>1</thread>
  <message>Start action : Send request</message>
  <nestedLevel>2</nestedLevel>
</record>
<record>
  <date>2019-08-09T15:56:16</date>
  <millis>1565340976464</millis>
  <sequence>179</sequence>
  <level>INFO</level>
  <class>com.kms.katalon.core.logging.XmlKeywordLogger</class>
  <method>logMessage</method>
  <thread>1</thread>
  <message>HAR: /Users/reinard/Documents/Katalon Project/Trunko/Reports/Kraken - BM Adapter/20190809_155602/requests/main/5.har</message>
  <nestedLevel>2</nestedLevel>
  <property name="harId">24c2eb32-0d07-4b50-92d5-23e48215d3a0</property>
</record>
<record>
  <date>2019-08-09T15:56:16</date>
  <millis>1565340976476</millis>
  <sequence>180</sequence>
  <level>PASSED</level>
  <class>com.kms.katalon.core.logging.XmlKeywordLogger</class>
  <method>logMessage</method>
  <thread>1</thread>
  <message>Send request successfully</message>
  <nestedLevel>2</nestedLevel>
</record>
<record>
  <date>2019-08-09T15:56:16</date>
  <millis>1565340976477</millis>
  <sequence>181</sequence>
  <level>PASSED</level>
  <class>com.kms.katalon.core.logging.XmlKeywordLogger</class>
  <method>logMessage</method>
  <thread>1</thread>
  <message>Send request</message>
  <nestedLevel>2</nestedLevel>
</record>
<record>
  <date>2019-08-09T15:56:16</date>
  <millis>1565340976477</millis>
  <sequence>182</sequence>
  <level>END</level>
  <class>com.kms.katalon.core.logging.XmlKeywordLogger</class>
  <method>endKeyword</method>
  <thread>1</thread>
  <message>End End action : Send request</message>
  <nestedLevel>2</nestedLevel>
</record>
<record>
  <date>2019-08-09T15:56:16</date>
  <millis>1565340976478</millis>
  <sequence>183</sequence>
  <level>START</level>
  <class>com.kms.katalon.core.logging.XmlKeywordLogger</class>
  <method>startKeyword</method>
  <thread>1</thread>
  <message>Start action : Get response_code : 00</message>
  <nestedLevel>2</nestedLevel>
</record>
<record>
  <date>2019-08-09T15:56:16</date>
  <millis>1565340976504</millis>
  <sequence>185</sequence>
  <level>PASSED</level>
  <class>com.kms.katalon.core.logging.XmlKeywordLogger</class>
  <method>logMessage</method>
  <thread>1</thread>
  <message>Verify element property value successfully</message>
  <nestedLevel>2</nestedLevel>
</record>
<record>
  <date>2019-08-09T15:56:16</date>
  <millis>1565340976505</millis>
  <sequence>186</sequence>
  <level>PASSED</level>
  <class>com.kms.katalon.core.logging.XmlKeywordLogger</class>
  <method>logMessage</method>
  <thread>1</thread>
  <message>Get response_code : 00</message>
  <nestedLevel>2</nestedLevel>
</record>
<record>
  <date>2019-08-09T15:56:16</date>
  <millis>1565340976505</millis>
  <sequence>187</sequence>
  <level>END</level>
  <class>com.kms.katalon.core.logging.XmlKeywordLogger</class>
  <method>endKeyword</method>
  <thread>1</thread>
  <message>End End action : Get response_code : 00</message>
  <nestedLevel>2</nestedLevel>
</record>
<record>
  <date>2019-08-09T15:56:16</date>
  <millis>1565340976506</millis>
  <sequence>188</sequence>
  <level>PASSED</level>
  <class>com.kms.katalon.core.logging.XmlKeywordLogger</class>
  <method>logMessage</method>
  <thread>1</thread>
  <message>SCENARIO Biller Label Success</message>
  <nestedLevel>2</nestedLevel>
</record>
<record>
  <date>2019-08-09T15:56:16</date>
  <millis>1565340976506</millis>
  <sequence>189</sequence>
  <level>END</level>
  <class>com.kms.katalon.core.logging.XmlKeywordLogger</class>
  <method>endTest</method>
  <thread>1</thread>
  <message>End Test Case : SCENARIO Biller Label Success</message>
  <nestedLevel>1</nestedLevel>
</record>
<record>
  <date>2019-08-09T15:56:16</date>
  <millis>1565340976519</millis>
  <sequence>190</sequence>
  <level>PASSED</level>
  <class>com.kms.katalon.core.logging.XmlKeywordLogger</class>
  <method>logMessage</method>
  <thread>1</thread>
  <message>Feature file: &amp;apos;Include/features/Kraken - BM Adapter/Biller Label Success.feature&amp;apos; was passed</message>
  <nestedLevel>1</nestedLevel>
</record>
<record>
  <date>2019-08-09T15:56:16</date>
  <millis>1565340976520</millis>
  <sequence>191</sequence>
  <level>END</level>
  <class>com.kms.katalon.core.logging.XmlKeywordLogger</class>
  <method>endKeyword</method>
  <thread>1</thread>
  <message>End action : runFeatureFile(\&amp;quot;Include/features/Kraken - BM Adapter/Biller Label Success.feature\&amp;quot;)</message>
  <nestedLevel>1</nestedLevel>
</record>
<record>
  <date>2019-08-09T15:56:16</date>
  <millis>1565340976520</millis>
  <sequence>192</sequence>
  <level>PASSED</level>
  <class>com.kms.katalon.core.logging.XmlKeywordLogger</class>
  <method>logMessage</method>
  <thread>1</thread>
  <message>Test Cases/Kraken - BM Adapter/Command Type Success</message>
  <nestedLevel>1</nestedLevel>
</record>
<record>
  <date>2019-08-09T15:56:16</date>
  <millis>1565340976520</millis>
  <sequence>193</sequence>
  <level>END</level>
  <class>com.kms.katalon.core.logging.XmlKeywordLogger</class>
  <method>endTest</method>
  <thread>1</thread>
  <message>End Test Case : Test Cases/Kraken - BM Adapter/Command Type Success</message>
  <nestedLevel>0</nestedLevel>
</record>
<record>
  <date>2019-08-09T15:56:16</date>
  <millis>1565340976526</millis>
  <sequence>194</sequence>
  <level>START</level>
  <class>com.kms.katalon.core.logging.XmlKeywordLogger</class>
  <method>startTest</method>
  <thread>1</thread>
  <message>Start Test Case : Test Cases/Kraken - BM Adapter/Product Mapping Failed</message>
  <nestedLevel>1</nestedLevel>
  <property name="name">Test Cases/Kraken - BM Adapter/Product Mapping Failed</property>
  <property name="description"></property>
  <property name="id">Test Cases/Kraken - BM Adapter/Product Mapping Failed</property>
  <property name="source">\\Users\\reinard\\Documents\\Katalon Project\\Trunko\\Test Cases\\Kraken - BM Adapter\\Product Mapping Failed.tc</property>
  <property name="tag"></property>
  <property name="isOptional">false</property>
</record>
<record>
  <date>2019-08-09T15:56:16</date>
  <millis>1565340976738</millis>
  <sequence>196</sequence>
  <level>START</level>
  <class>com.kms.katalon.core.logging.XmlKeywordLogger</class>
  <method>startKeyword</method>
  <thread>1</thread>
  <message>Start action : runFeatureFile(\&amp;quot;Include/features/Kraken - BM Adapter/Product Mapping Success.feature\&amp;quot;)</message>
  <nestedLevel>1</nestedLevel>
  <property name="startLine">16</property>
  <property name="stepIndex">1</property>
</record>
<record>
  <date>2019-08-09T15:56:16</date>
  <millis>1565340976740</millis>
  <sequence>197</sequence>
  <level>INFO</level>
  <class>com.kms.katalon.core.logging.XmlKeywordLogger</class>
  <method>logMessage</method>
  <thread>1</thread>
  <message>Starting run keyword runFeatureFile: &amp;apos;Include/features/Kraken - BM Adapter/Product Mapping Success.feature&amp;apos; and extract report to folder: &amp;apos;/Users/reinard/Documents/Katalon Project/Trunko/Reports/Kraken - BM Adapter/20190809_155602/cucumber_report/1565340976739&amp;apos;...</message>
  <nestedLevel>1</nestedLevel>
</record>
<record>
  <date>2019-08-09T15:56:16</date>
  <millis>1565340976893</millis>
  <sequence>198</sequence>
  <level>START</level>
  <class>com.kms.katalon.core.logging.XmlKeywordLogger</class>
  <method>startTest</method>
  <thread>1</thread>
  <message>Start Test Case : SCENARIO Product Mapping Success</message>
  <nestedLevel>2</nestedLevel>
</record>
<record>
  <date>2019-08-09T15:56:16</date>
  <millis>1565340976894</millis>
  <sequence>199</sequence>
  <level>START</level>
  <class>com.kms.katalon.core.logging.XmlKeywordLogger</class>
  <method>startKeyword</method>
  <thread>1</thread>
  <message>Start action : Command Type : purchase Config Set</message>
  <nestedLevel>2</nestedLevel>
</record>
<record>
  <date>2019-08-09T15:56:16</date>
  <millis>1565340976898</millis>
  <sequence>200</sequence>
  <level>PASSED</level>
  <class>com.kms.katalon.core.logging.XmlKeywordLogger</class>
  <method>logMessage</method>
  <thread>1</thread>
  <message>Command Type : purchase Config Set</message>
  <nestedLevel>2</nestedLevel>
</record>
<record>
  <date>2019-08-09T15:56:16</date>
  <millis>1565340976900</millis>
  <sequence>201</sequence>
  <level>END</level>
  <class>com.kms.katalon.core.logging.XmlKeywordLogger</class>
  <method>endKeyword</method>
  <thread>1</thread>
  <message>End End action : Command Type : purchase Config Set</message>
  <nestedLevel>2</nestedLevel>
</record>
<record>
  <date>2019-08-09T15:56:16</date>
  <millis>1565340976901</millis>
  <sequence>202</sequence>
  <level>START</level>
  <class>com.kms.katalon.core.logging.XmlKeywordLogger</class>
  <method>startKeyword</method>
  <thread>1</thread>
  <message>Start action : Product Mapping : 175 Config Set</message>
  <nestedLevel>2</nestedLevel>
</record>
<record>
  <date>2019-08-09T15:56:16</date>
  <millis>1565340976903</millis>
  <sequence>203</sequence>
  <level>PASSED</level>
  <class>com.kms.katalon.core.logging.XmlKeywordLogger</class>
  <method>logMessage</method>
  <thread>1</thread>
  <message>Product Mapping : 175 Config Set</message>
  <nestedLevel>2</nestedLevel>
</record>
<record>
  <date>2019-08-09T15:56:16</date>
  <millis>1565340976919</millis>
  <sequence>204</sequence>
  <level>END</level>
  <class>com.kms.katalon.core.logging.XmlKeywordLogger</class>
  <method>endKeyword</method>
  <thread>1</thread>
  <message>End End action : Product Mapping : 175 Config Set</message>
  <nestedLevel>2</nestedLevel>
</record>
<record>
  <date>2019-08-09T15:56:16</date>
  <millis>1565340976920</millis>
  <sequence>205</sequence>
  <level>START</level>
  <class>com.kms.katalon.core.logging.XmlKeywordLogger</class>
  <method>startKeyword</method>
  <thread>1</thread>
  <message>Start action : User Input command_type : purchase</message>
  <nestedLevel>2</nestedLevel>
</record>
<record>
  <date>2019-08-09T15:56:16</date>
  <millis>1565340976920</millis>
  <sequence>206</sequence>
  <level>PASSED</level>
  <class>com.kms.katalon.core.logging.XmlKeywordLogger</class>
  <method>logMessage</method>
  <thread>1</thread>
  <message>User Input command_type : purchase</message>
  <nestedLevel>2</nestedLevel>
</record>
<record>
  <date>2019-08-09T15:56:16</date>
  <millis>1565340976921</millis>
  <sequence>207</sequence>
  <level>END</level>
  <class>com.kms.katalon.core.logging.XmlKeywordLogger</class>
  <method>endKeyword</method>
  <thread>1</thread>
  <message>End End action : User Input command_type : purchase</message>
  <nestedLevel>2</nestedLevel>
</record>
<record>
  <date>2019-08-09T15:56:16</date>
  <millis>1565340976922</millis>
  <sequence>208</sequence>
  <level>START</level>
  <class>com.kms.katalon.core.logging.XmlKeywordLogger</class>
  <method>startKeyword</method>
  <thread>1</thread>
  <message>Start action : Input product_id : 175</message>
  <nestedLevel>2</nestedLevel>
</record>
<record>
  <date>2019-08-09T15:56:16</date>
  <millis>1565340976957</millis>
  <sequence>209</sequence>
  <level>PASSED</level>
  <class>com.kms.katalon.core.logging.XmlKeywordLogger</class>
  <method>logMessage</method>
  <thread>1</thread>
  <message>Input product_id : 175</message>
  <nestedLevel>2</nestedLevel>
</record>
<record>
  <date>2019-08-09T15:56:16</date>
  <millis>1565340976958</millis>
  <sequence>210</sequence>
  <level>END</level>
  <class>com.kms.katalon.core.logging.XmlKeywordLogger</class>
  <method>endKeyword</method>
  <thread>1</thread>
  <message>End End action : Input product_id : 175</message>
  <nestedLevel>2</nestedLevel>
</record>
<record>
  <date>2019-08-09T15:56:16</date>
  <millis>1565340976959</millis>
  <sequence>211</sequence>
  <level>START</level>
  <class>com.kms.katalon.core.logging.XmlKeywordLogger</class>
  <method>startKeyword</method>
  <thread>1</thread>
  <message>Start action : Send request</message>
  <nestedLevel>2</nestedLevel>
</record>
<record>
  <date>2019-08-09T15:56:17</date>
  <millis>1565340977525</millis>
  <sequence>214</sequence>
  <level>INFO</level>
  <class>com.kms.katalon.core.logging.XmlKeywordLogger</class>
  <method>logMessage</method>
  <thread>1</thread>
  <message>HAR: /Users/reinard/Documents/Katalon Project/Trunko/Reports/Kraken - BM Adapter/20190809_155602/requests/main/6.har</message>
  <nestedLevel>2</nestedLevel>
  <property name="harId">da72dff9-cc6f-42d6-9d6c-e6271973eb18</property>
</record>
<record>
  <date>2019-08-09T15:56:17</date>
  <millis>1565340977528</millis>
  <sequence>215</sequence>
  <level>PASSED</level>
  <class>com.kms.katalon.core.logging.XmlKeywordLogger</class>
  <method>logMessage</method>
  <thread>1</thread>
  <message>Send request successfully</message>
  <nestedLevel>2</nestedLevel>
</record>
<record>
  <date>2019-08-09T15:56:17</date>
  <millis>1565340977529</millis>
  <sequence>216</sequence>
  <level>PASSED</level>
  <class>com.kms.katalon.core.logging.XmlKeywordLogger</class>
  <method>logMessage</method>
  <thread>1</thread>
  <message>Send request</message>
  <nestedLevel>2</nestedLevel>
</record>
<record>
  <date>2019-08-09T15:56:17</date>
  <millis>1565340977530</millis>
  <sequence>217</sequence>
  <level>END</level>
  <class>com.kms.katalon.core.logging.XmlKeywordLogger</class>
  <method>endKeyword</method>
  <thread>1</thread>
  <message>End End action : Send request</message>
  <nestedLevel>2</nestedLevel>
</record>
<record>
  <date>2019-08-09T15:56:17</date>
  <millis>1565340977531</millis>
  <sequence>218</sequence>
  <level>START</level>
  <class>com.kms.katalon.core.logging.XmlKeywordLogger</class>
  <method>startKeyword</method>
  <thread>1</thread>
  <message>Start action : Get remote_product_id : PKREG60WS</message>
  <nestedLevel>2</nestedLevel>
</record>
<record>
  <date>2019-08-09T15:56:17</date>
  <millis>1565340977552</millis>
  <sequence>220</sequence>
  <level>PASSED</level>
  <class>com.kms.katalon.core.logging.XmlKeywordLogger</class>
  <method>logMessage</method>
  <thread>1</thread>
  <message>Verify element property value successfully</message>
  <nestedLevel>2</nestedLevel>
</record>
<record>
  <date>2019-08-09T15:56:17</date>
  <millis>1565340977554</millis>
  <sequence>221</sequence>
  <level>PASSED</level>
  <class>com.kms.katalon.core.logging.XmlKeywordLogger</class>
  <method>logMessage</method>
  <thread>1</thread>
  <message>Get remote_product_id : PKREG60WS</message>
  <nestedLevel>2</nestedLevel>
</record>
<record>
  <date>2019-08-09T15:56:17</date>
  <millis>1565340977555</millis>
  <sequence>222</sequence>
  <level>END</level>
  <class>com.kms.katalon.core.logging.XmlKeywordLogger</class>
  <method>endKeyword</method>
  <thread>1</thread>
  <message>End End action : Get remote_product_id : PKREG60WS</message>
  <nestedLevel>2</nestedLevel>
</record>
<record>
  <date>2019-08-09T15:56:17</date>
  <millis>1565340977560</millis>
  <sequence>223</sequence>
  <level>START</level>
  <class>com.kms.katalon.core.logging.XmlKeywordLogger</class>
  <method>startKeyword</method>
  <thread>1</thread>
  <message>Start action : price : 4900</message>
  <nestedLevel>2</nestedLevel>
</record>
<record>
  <date>2019-08-09T15:56:17</date>
  <millis>1565340977579</millis>
  <sequence>225</sequence>
  <level>PASSED</level>
  <class>com.kms.katalon.core.logging.XmlKeywordLogger</class>
  <method>logMessage</method>
  <thread>1</thread>
  <message>Verify element property value successfully</message>
  <nestedLevel>2</nestedLevel>
</record>
<record>
  <date>2019-08-09T15:56:17</date>
  <millis>1565340977580</millis>
  <sequence>226</sequence>
  <level>PASSED</level>
  <class>com.kms.katalon.core.logging.XmlKeywordLogger</class>
  <method>logMessage</method>
  <thread>1</thread>
  <message>price : 4900</message>
  <nestedLevel>2</nestedLevel>
</record>
<record>
  <date>2019-08-09T15:56:17</date>
  <millis>1565340977580</millis>
  <sequence>227</sequence>
  <level>END</level>
  <class>com.kms.katalon.core.logging.XmlKeywordLogger</class>
  <method>endKeyword</method>
  <thread>1</thread>
  <message>End End action : price : 4900</message>
  <nestedLevel>2</nestedLevel>
</record>
<record>
  <date>2019-08-09T15:56:17</date>
  <millis>1565340977581</millis>
  <sequence>228</sequence>
  <level>PASSED</level>
  <class>com.kms.katalon.core.logging.XmlKeywordLogger</class>
  <method>logMessage</method>
  <thread>1</thread>
  <message>SCENARIO Product Mapping Success</message>
  <nestedLevel>2</nestedLevel>
</record>
<record>
  <date>2019-08-09T15:56:17</date>
  <millis>1565340977581</millis>
  <sequence>229</sequence>
  <level>END</level>
  <class>com.kms.katalon.core.logging.XmlKeywordLogger</class>
  <method>endTest</method>
  <thread>1</thread>
  <message>End Test Case : SCENARIO Product Mapping Success</message>
  <nestedLevel>1</nestedLevel>
</record>
<record>
  <date>2019-08-09T15:56:17</date>
  <millis>1565340977591</millis>
  <sequence>230</sequence>
  <level>PASSED</level>
  <class>com.kms.katalon.core.logging.XmlKeywordLogger</class>
  <method>logMessage</method>
  <thread>1</thread>
  <message>Feature file: &amp;apos;Include/features/Kraken - BM Adapter/Product Mapping Success.feature&amp;apos; was passed</message>
  <nestedLevel>1</nestedLevel>
</record>
<record>
  <date>2019-08-09T15:56:17</date>
  <millis>1565340977591</millis>
  <sequence>231</sequence>
  <level>END</level>
  <class>com.kms.katalon.core.logging.XmlKeywordLogger</class>
  <method>endKeyword</method>
  <thread>1</thread>
  <message>End action : runFeatureFile(\&amp;quot;Include/features/Kraken - BM Adapter/Product Mapping Success.feature\&amp;quot;)</message>
  <nestedLevel>1</nestedLevel>
</record>
<record>
  <date>2019-08-09T15:56:17</date>
  <millis>1565340977592</millis>
  <sequence>232</sequence>
  <level>PASSED</level>
  <class>com.kms.katalon.core.logging.XmlKeywordLogger</class>
  <method>logMessage</method>
  <thread>1</thread>
  <message>Test Cases/Kraken - BM Adapter/Product Mapping Failed</message>
  <nestedLevel>1</nestedLevel>
</record>
<record>
  <date>2019-08-09T15:56:17</date>
  <millis>1565340977592</millis>
  <sequence>233</sequence>
  <level>END</level>
  <class>com.kms.katalon.core.logging.XmlKeywordLogger</class>
  <method>endTest</method>
  <thread>1</thread>
  <message>End Test Case : Test Cases/Kraken - BM Adapter/Product Mapping Failed</message>
  <nestedLevel>0</nestedLevel>
</record>
<record>
  <date>2019-08-09T15:56:17</date>
  <millis>1565340977598</millis>
  <sequence>234</sequence>
  <level>START</level>
  <class>com.kms.katalon.core.logging.XmlKeywordLogger</class>
  <method>startTest</method>
  <thread>1</thread>
  <message>Start Test Case : Test Cases/Kraken - BM Adapter/Product Mapping Success</message>
  <nestedLevel>1</nestedLevel>
  <property name="name">Test Cases/Kraken - BM Adapter/Product Mapping Success</property>
  <property name="description"></property>
  <property name="id">Test Cases/Kraken - BM Adapter/Product Mapping Success</property>
  <property name="source">\\Users\\reinard\\Documents\\Katalon Project\\Trunko\\Test Cases\\Kraken - BM Adapter\\Product Mapping Success.tc</property>
  <property name="tag"></property>
  <property name="isOptional">false</property>
</record>
<record>
  <date>2019-08-09T15:56:17</date>
  <millis>1565340977802</millis>
  <sequence>236</sequence>
  <level>START</level>
  <class>com.kms.katalon.core.logging.XmlKeywordLogger</class>
  <method>startKeyword</method>
  <thread>1</thread>
  <message>Start action : runFeatureFile(\&amp;quot;Include/features/Kraken - BM Adapter/Product Mapping Failed.feature\&amp;quot;)</message>
  <nestedLevel>1</nestedLevel>
  <property name="startLine">16</property>
  <property name="stepIndex">1</property>
</record>
<record>
  <date>2019-08-09T15:56:17</date>
  <millis>1565340977804</millis>
  <sequence>237</sequence>
  <level>INFO</level>
  <class>com.kms.katalon.core.logging.XmlKeywordLogger</class>
  <method>logMessage</method>
  <thread>1</thread>
  <message>Starting run keyword runFeatureFile: &amp;apos;Include/features/Kraken - BM Adapter/Product Mapping Failed.feature&amp;apos; and extract report to folder: &amp;apos;/Users/reinard/Documents/Katalon Project/Trunko/Reports/Kraken - BM Adapter/20190809_155602/cucumber_report/1565340977804&amp;apos;...</message>
  <nestedLevel>1</nestedLevel>
</record>
<record>
  <date>2019-08-09T15:56:17</date>
  <millis>1565340977894</millis>
  <sequence>238</sequence>
  <level>START</level>
  <class>com.kms.katalon.core.logging.XmlKeywordLogger</class>
  <method>startTest</method>
  <thread>1</thread>
  <message>Start Test Case : SCENARIO Product Mapping Failed</message>
  <nestedLevel>2</nestedLevel>
</record>
<record>
  <date>2019-08-09T15:56:17</date>
  <millis>1565340977895</millis>
  <sequence>239</sequence>
  <level>START</level>
  <class>com.kms.katalon.core.logging.XmlKeywordLogger</class>
  <method>startKeyword</method>
  <thread>1</thread>
  <message>Start action : Command Type : purchase Config Set</message>
  <nestedLevel>2</nestedLevel>
</record>
<record>
  <date>2019-08-09T15:56:17</date>
  <millis>1565340977896</millis>
  <sequence>240</sequence>
  <level>PASSED</level>
  <class>com.kms.katalon.core.logging.XmlKeywordLogger</class>
  <method>logMessage</method>
  <thread>1</thread>
  <message>Command Type : purchase Config Set</message>
  <nestedLevel>2</nestedLevel>
</record>
<record>
  <date>2019-08-09T15:56:17</date>
  <millis>1565340977896</millis>
  <sequence>241</sequence>
  <level>END</level>
  <class>com.kms.katalon.core.logging.XmlKeywordLogger</class>
  <method>endKeyword</method>
  <thread>1</thread>
  <message>End End action : Command Type : purchase Config Set</message>
  <nestedLevel>2</nestedLevel>
</record>
<record>
  <date>2019-08-09T15:56:17</date>
  <millis>1565340977897</millis>
  <sequence>242</sequence>
  <level>START</level>
  <class>com.kms.katalon.core.logging.XmlKeywordLogger</class>
  <method>startKeyword</method>
  <thread>1</thread>
  <message>Start action : Product Mapping : 2 Config Not Set</message>
  <nestedLevel>2</nestedLevel>
</record>
<record>
  <date>2019-08-09T15:56:17</date>
  <millis>1565340977897</millis>
  <sequence>243</sequence>
  <level>PASSED</level>
  <class>com.kms.katalon.core.logging.XmlKeywordLogger</class>
  <method>logMessage</method>
  <thread>1</thread>
  <message>Product Mapping : 2 Config Not Set</message>
  <nestedLevel>2</nestedLevel>
</record>
<record>
  <date>2019-08-09T15:56:17</date>
  <millis>1565340977898</millis>
  <sequence>244</sequence>
  <level>END</level>
  <class>com.kms.katalon.core.logging.XmlKeywordLogger</class>
  <method>endKeyword</method>
  <thread>1</thread>
  <message>End End action : Product Mapping : 2 Config Not Set</message>
  <nestedLevel>2</nestedLevel>
</record>
<record>
  <date>2019-08-09T15:56:17</date>
  <millis>1565340977899</millis>
  <sequence>245</sequence>
  <level>START</level>
  <class>com.kms.katalon.core.logging.XmlKeywordLogger</class>
  <method>startKeyword</method>
  <thread>1</thread>
  <message>Start action : User Input command_type : purchase</message>
  <nestedLevel>2</nestedLevel>
</record>
<record>
  <date>2019-08-09T15:56:17</date>
  <millis>1565340977899</millis>
  <sequence>246</sequence>
  <level>PASSED</level>
  <class>com.kms.katalon.core.logging.XmlKeywordLogger</class>
  <method>logMessage</method>
  <thread>1</thread>
  <message>User Input command_type : purchase</message>
  <nestedLevel>2</nestedLevel>
</record>
<record>
  <date>2019-08-09T15:56:17</date>
  <millis>1565340977900</millis>
  <sequence>247</sequence>
  <level>END</level>
  <class>com.kms.katalon.core.logging.XmlKeywordLogger</class>
  <method>endKeyword</method>
  <thread>1</thread>
  <message>End End action : User Input command_type : purchase</message>
  <nestedLevel>2</nestedLevel>
</record>
<record>
  <date>2019-08-09T15:56:17</date>
  <millis>1565340977900</millis>
  <sequence>248</sequence>
  <level>START</level>
  <class>com.kms.katalon.core.logging.XmlKeywordLogger</class>
  <method>startKeyword</method>
  <thread>1</thread>
  <message>Start action : Input product_id : 2</message>
  <nestedLevel>2</nestedLevel>
</record>
<record>
  <date>2019-08-09T15:56:17</date>
  <millis>1565340977901</millis>
  <sequence>249</sequence>
  <level>PASSED</level>
  <class>com.kms.katalon.core.logging.XmlKeywordLogger</class>
  <method>logMessage</method>
  <thread>1</thread>
  <message>Input product_id : 2</message>
  <nestedLevel>2</nestedLevel>
</record>
<record>
  <date>2019-08-09T15:56:17</date>
  <millis>1565340977901</millis>
  <sequence>250</sequence>
  <level>END</level>
  <class>com.kms.katalon.core.logging.XmlKeywordLogger</class>
  <method>endKeyword</method>
  <thread>1</thread>
  <message>End End action : Input product_id : 2</message>
  <nestedLevel>2</nestedLevel>
</record>
<record>
  <date>2019-08-09T15:56:17</date>
  <millis>1565340977901</millis>
  <sequence>251</sequence>
  <level>START</level>
  <class>com.kms.katalon.core.logging.XmlKeywordLogger</class>
  <method>startKeyword</method>
  <thread>1</thread>
  <message>Start action : Send request</message>
  <nestedLevel>2</nestedLevel>
</record>
<record>
  <date>2019-08-09T15:56:18</date>
  <millis>1565340978310</millis>
  <sequence>254</sequence>
  <level>INFO</level>
  <class>com.kms.katalon.core.logging.XmlKeywordLogger</class>
  <method>logMessage</method>
  <thread>1</thread>
  <message>HAR: /Users/reinard/Documents/Katalon Project/Trunko/Reports/Kraken - BM Adapter/20190809_155602/requests/main/7.har</message>
  <nestedLevel>2</nestedLevel>
  <property name="harId">1390b226-369a-4975-bce7-b735ba5b2d92</property>
</record>
<record>
  <date>2019-08-09T15:56:18</date>
  <millis>1565340978313</millis>
  <sequence>255</sequence>
  <level>PASSED</level>
  <class>com.kms.katalon.core.logging.XmlKeywordLogger</class>
  <method>logMessage</method>
  <thread>1</thread>
  <message>Send request successfully</message>
  <nestedLevel>2</nestedLevel>
</record>
<record>
  <date>2019-08-09T15:56:18</date>
  <millis>1565340978313</millis>
  <sequence>256</sequence>
  <level>PASSED</level>
  <class>com.kms.katalon.core.logging.XmlKeywordLogger</class>
  <method>logMessage</method>
  <thread>1</thread>
  <message>Send request</message>
  <nestedLevel>2</nestedLevel>
</record>
<record>
  <date>2019-08-09T15:56:18</date>
  <millis>1565340978314</millis>
  <sequence>257</sequence>
  <level>END</level>
  <class>com.kms.katalon.core.logging.XmlKeywordLogger</class>
  <method>endKeyword</method>
  <thread>1</thread>
  <message>End End action : Send request</message>
  <nestedLevel>2</nestedLevel>
</record>
<record>
  <date>2019-08-09T15:56:18</date>
  <millis>1565340978314</millis>
  <sequence>258</sequence>
  <level>START</level>
  <class>com.kms.katalon.core.logging.XmlKeywordLogger</class>
  <method>startKeyword</method>
  <thread>1</thread>
  <message>Start action : Get response_code : 99</message>
  <nestedLevel>2</nestedLevel>
</record>
<record>
  <date>2019-08-09T15:56:18</date>
  <millis>1565340978329</millis>
  <sequence>260</sequence>
  <level>PASSED</level>
  <class>com.kms.katalon.core.logging.XmlKeywordLogger</class>
  <method>logMessage</method>
  <thread>1</thread>
  <message>Verify element property value successfully</message>
  <nestedLevel>2</nestedLevel>
</record>
<record>
  <date>2019-08-09T15:56:18</date>
  <millis>1565340978330</millis>
  <sequence>261</sequence>
  <level>PASSED</level>
  <class>com.kms.katalon.core.logging.XmlKeywordLogger</class>
  <method>logMessage</method>
  <thread>1</thread>
  <message>Get response_code : 99</message>
  <nestedLevel>2</nestedLevel>
</record>
<record>
  <date>2019-08-09T15:56:18</date>
  <millis>1565340978331</millis>
  <sequence>262</sequence>
  <level>END</level>
  <class>com.kms.katalon.core.logging.XmlKeywordLogger</class>
  <method>endKeyword</method>
  <thread>1</thread>
  <message>End End action : Get response_code : 99</message>
  <nestedLevel>2</nestedLevel>
</record>
<record>
  <date>2019-08-09T15:56:18</date>
  <millis>1565340978331</millis>
  <sequence>263</sequence>
  <level>START</level>
  <class>com.kms.katalon.core.logging.XmlKeywordLogger</class>
  <method>startKeyword</method>
  <thread>1</thread>
  <message>Start action : message : Product mapping not found</message>
  <nestedLevel>2</nestedLevel>
</record>
<record>
  <date>2019-08-09T15:56:18</date>
  <millis>1565340978344</millis>
  <sequence>265</sequence>
  <level>PASSED</level>
  <class>com.kms.katalon.core.logging.XmlKeywordLogger</class>
  <method>logMessage</method>
  <thread>1</thread>
  <message>Verify element property value successfully</message>
  <nestedLevel>2</nestedLevel>
</record>
<record>
  <date>2019-08-09T15:56:18</date>
  <millis>1565340978345</millis>
  <sequence>266</sequence>
  <level>PASSED</level>
  <class>com.kms.katalon.core.logging.XmlKeywordLogger</class>
  <method>logMessage</method>
  <thread>1</thread>
  <message>message : Product mapping not found</message>
  <nestedLevel>2</nestedLevel>
</record>
<record>
  <date>2019-08-09T15:56:18</date>
  <millis>1565340978345</millis>
  <sequence>267</sequence>
  <level>END</level>
  <class>com.kms.katalon.core.logging.XmlKeywordLogger</class>
  <method>endKeyword</method>
  <thread>1</thread>
  <message>End End action : message : Product mapping not found</message>
  <nestedLevel>2</nestedLevel>
</record>
<record>
  <date>2019-08-09T15:56:18</date>
  <millis>1565340978345</millis>
  <sequence>268</sequence>
  <level>PASSED</level>
  <class>com.kms.katalon.core.logging.XmlKeywordLogger</class>
  <method>logMessage</method>
  <thread>1</thread>
  <message>SCENARIO Product Mapping Failed</message>
  <nestedLevel>2</nestedLevel>
</record>
<record>
  <date>2019-08-09T15:56:18</date>
  <millis>1565340978346</millis>
  <sequence>269</sequence>
  <level>END</level>
  <class>com.kms.katalon.core.logging.XmlKeywordLogger</class>
  <method>endTest</method>
  <thread>1</thread>
  <message>End Test Case : SCENARIO Product Mapping Failed</message>
  <nestedLevel>1</nestedLevel>
</record>
<record>
  <date>2019-08-09T15:56:18</date>
  <millis>1565340978348</millis>
  <sequence>270</sequence>
  <level>START</level>
  <class>com.kms.katalon.core.logging.XmlKeywordLogger</class>
  <method>startTest</method>
  <thread>1</thread>
  <message>Start Test Case : SCENARIO Product Mapping Failed</message>
  <nestedLevel>2</nestedLevel>
</record>
<record>
  <date>2019-08-09T15:56:18</date>
  <millis>1565340978348</millis>
  <sequence>271</sequence>
  <level>START</level>
  <class>com.kms.katalon.core.logging.XmlKeywordLogger</class>
  <method>startKeyword</method>
  <thread>1</thread>
  <message>Start action : Command Type : reversal Config Set</message>
  <nestedLevel>2</nestedLevel>
</record>
<record>
  <date>2019-08-09T15:56:18</date>
  <millis>1565340978350</millis>
  <sequence>272</sequence>
  <level>PASSED</level>
  <class>com.kms.katalon.core.logging.XmlKeywordLogger</class>
  <method>logMessage</method>
  <thread>1</thread>
  <message>Command Type : reversal Config Set</message>
  <nestedLevel>2</nestedLevel>
</record>
<record>
  <date>2019-08-09T15:56:18</date>
  <millis>1565340978351</millis>
  <sequence>273</sequence>
  <level>END</level>
  <class>com.kms.katalon.core.logging.XmlKeywordLogger</class>
  <method>endKeyword</method>
  <thread>1</thread>
  <message>End End action : Command Type : reversal Config Set</message>
  <nestedLevel>2</nestedLevel>
</record>
<record>
  <date>2019-08-09T15:56:18</date>
  <millis>1565340978351</millis>
  <sequence>274</sequence>
  <level>START</level>
  <class>com.kms.katalon.core.logging.XmlKeywordLogger</class>
  <method>startKeyword</method>
  <thread>1</thread>
  <message>Start action : Product Mapping : 3 Config Not Set</message>
  <nestedLevel>2</nestedLevel>
</record>
<record>
  <date>2019-08-09T15:56:18</date>
  <millis>1565340978352</millis>
  <sequence>275</sequence>
  <level>PASSED</level>
  <class>com.kms.katalon.core.logging.XmlKeywordLogger</class>
  <method>logMessage</method>
  <thread>1</thread>
  <message>Product Mapping : 3 Config Not Set</message>
  <nestedLevel>2</nestedLevel>
</record>
<record>
  <date>2019-08-09T15:56:18</date>
  <millis>1565340978353</millis>
  <sequence>276</sequence>
  <level>END</level>
  <class>com.kms.katalon.core.logging.XmlKeywordLogger</class>
  <method>endKeyword</method>
  <thread>1</thread>
  <message>End End action : Product Mapping : 3 Config Not Set</message>
  <nestedLevel>2</nestedLevel>
</record>
<record>
  <date>2019-08-09T15:56:18</date>
  <millis>1565340978354</millis>
  <sequence>277</sequence>
  <level>START</level>
  <class>com.kms.katalon.core.logging.XmlKeywordLogger</class>
  <method>startKeyword</method>
  <thread>1</thread>
  <message>Start action : User Input command_type : reversal</message>
  <nestedLevel>2</nestedLevel>
</record>
<record>
  <date>2019-08-09T15:56:18</date>
  <millis>1565340978358</millis>
  <sequence>278</sequence>
  <level>PASSED</level>
  <class>com.kms.katalon.core.logging.XmlKeywordLogger</class>
  <method>logMessage</method>
  <thread>1</thread>
  <message>User Input command_type : reversal</message>
  <nestedLevel>2</nestedLevel>
</record>
<record>
  <date>2019-08-09T15:56:18</date>
  <millis>1565340978358</millis>
  <sequence>279</sequence>
  <level>END</level>
  <class>com.kms.katalon.core.logging.XmlKeywordLogger</class>
  <method>endKeyword</method>
  <thread>1</thread>
  <message>End End action : User Input command_type : reversal</message>
  <nestedLevel>2</nestedLevel>
</record>
<record>
  <date>2019-08-09T15:56:18</date>
  <millis>1565340978359</millis>
  <sequence>280</sequence>
  <level>START</level>
  <class>com.kms.katalon.core.logging.XmlKeywordLogger</class>
  <method>startKeyword</method>
  <thread>1</thread>
  <message>Start action : Input product_id : 3</message>
  <nestedLevel>2</nestedLevel>
</record>
<record>
  <date>2019-08-09T15:56:18</date>
  <millis>1565340978359</millis>
  <sequence>281</sequence>
  <level>PASSED</level>
  <class>com.kms.katalon.core.logging.XmlKeywordLogger</class>
  <method>logMessage</method>
  <thread>1</thread>
  <message>Input product_id : 3</message>
  <nestedLevel>2</nestedLevel>
</record>
<record>
  <date>2019-08-09T15:56:18</date>
  <millis>1565340978360</millis>
  <sequence>282</sequence>
  <level>END</level>
  <class>com.kms.katalon.core.logging.XmlKeywordLogger</class>
  <method>endKeyword</method>
  <thread>1</thread>
  <message>End End action : Input product_id : 3</message>
  <nestedLevel>2</nestedLevel>
</record>
<record>
  <date>2019-08-09T15:56:18</date>
  <millis>1565340978360</millis>
  <sequence>283</sequence>
  <level>START</level>
  <class>com.kms.katalon.core.logging.XmlKeywordLogger</class>
  <method>startKeyword</method>
  <thread>1</thread>
  <message>Start action : Send request</message>
  <nestedLevel>2</nestedLevel>
</record>
<record>
  <date>2019-08-09T15:56:18</date>
  <millis>1565340978583</millis>
  <sequence>286</sequence>
  <level>INFO</level>
  <class>com.kms.katalon.core.logging.XmlKeywordLogger</class>
  <method>logMessage</method>
  <thread>1</thread>
  <message>HAR: /Users/reinard/Documents/Katalon Project/Trunko/Reports/Kraken - BM Adapter/20190809_155602/requests/main/8.har</message>
  <nestedLevel>2</nestedLevel>
  <property name="harId">e1e2adf1-3432-4952-b59e-80030a1903c4</property>
</record>
<record>
  <date>2019-08-09T15:56:18</date>
  <millis>1565340978585</millis>
  <sequence>287</sequence>
  <level>PASSED</level>
  <class>com.kms.katalon.core.logging.XmlKeywordLogger</class>
  <method>logMessage</method>
  <thread>1</thread>
  <message>Send request successfully</message>
  <nestedLevel>2</nestedLevel>
</record>
<record>
  <date>2019-08-09T15:56:18</date>
  <millis>1565340978585</millis>
  <sequence>288</sequence>
  <level>PASSED</level>
  <class>com.kms.katalon.core.logging.XmlKeywordLogger</class>
  <method>logMessage</method>
  <thread>1</thread>
  <message>Send request</message>
  <nestedLevel>2</nestedLevel>
</record>
<record>
  <date>2019-08-09T15:56:18</date>
  <millis>1565340978586</millis>
  <sequence>289</sequence>
  <level>END</level>
  <class>com.kms.katalon.core.logging.XmlKeywordLogger</class>
  <method>endKeyword</method>
  <thread>1</thread>
  <message>End End action : Send request</message>
  <nestedLevel>2</nestedLevel>
</record>
<record>
  <date>2019-08-09T15:56:18</date>
  <millis>1565340978586</millis>
  <sequence>290</sequence>
  <level>START</level>
  <class>com.kms.katalon.core.logging.XmlKeywordLogger</class>
  <method>startKeyword</method>
  <thread>1</thread>
  <message>Start action : Get response_code : 99</message>
  <nestedLevel>2</nestedLevel>
</record>
<record>
  <date>2019-08-09T15:56:18</date>
  <millis>1565340978598</millis>
  <sequence>292</sequence>
  <level>PASSED</level>
  <class>com.kms.katalon.core.logging.XmlKeywordLogger</class>
  <method>logMessage</method>
  <thread>1</thread>
  <message>Verify element property value successfully</message>
  <nestedLevel>2</nestedLevel>
</record>
<record>
  <date>2019-08-09T15:56:18</date>
  <millis>1565340978599</millis>
  <sequence>293</sequence>
  <level>PASSED</level>
  <class>com.kms.katalon.core.logging.XmlKeywordLogger</class>
  <method>logMessage</method>
  <thread>1</thread>
  <message>Get response_code : 99</message>
  <nestedLevel>2</nestedLevel>
</record>
<record>
  <date>2019-08-09T15:56:18</date>
  <millis>1565340978599</millis>
  <sequence>294</sequence>
  <level>END</level>
  <class>com.kms.katalon.core.logging.XmlKeywordLogger</class>
  <method>endKeyword</method>
  <thread>1</thread>
  <message>End End action : Get response_code : 99</message>
  <nestedLevel>2</nestedLevel>
</record>
<record>
  <date>2019-08-09T15:56:18</date>
  <millis>1565340978600</millis>
  <sequence>295</sequence>
  <level>START</level>
  <class>com.kms.katalon.core.logging.XmlKeywordLogger</class>
  <method>startKeyword</method>
  <thread>1</thread>
  <message>Start action : message : Product mapping not found</message>
  <nestedLevel>2</nestedLevel>
</record>
<record>
  <date>2019-08-09T15:56:18</date>
  <millis>1565340978614</millis>
  <sequence>297</sequence>
  <level>PASSED</level>
  <class>com.kms.katalon.core.logging.XmlKeywordLogger</class>
  <method>logMessage</method>
  <thread>1</thread>
  <message>Verify element property value successfully</message>
  <nestedLevel>2</nestedLevel>
</record>
<record>
  <date>2019-08-09T15:56:18</date>
  <millis>1565340978615</millis>
  <sequence>298</sequence>
  <level>PASSED</level>
  <class>com.kms.katalon.core.logging.XmlKeywordLogger</class>
  <method>logMessage</method>
  <thread>1</thread>
  <message>message : Product mapping not found</message>
  <nestedLevel>2</nestedLevel>
</record>
<record>
  <date>2019-08-09T15:56:18</date>
  <millis>1565340978616</millis>
  <sequence>299</sequence>
  <level>END</level>
  <class>com.kms.katalon.core.logging.XmlKeywordLogger</class>
  <method>endKeyword</method>
  <thread>1</thread>
  <message>End End action : message : Product mapping not found</message>
  <nestedLevel>2</nestedLevel>
</record>
<record>
  <date>2019-08-09T15:56:18</date>
  <millis>1565340978616</millis>
  <sequence>300</sequence>
  <level>PASSED</level>
  <class>com.kms.katalon.core.logging.XmlKeywordLogger</class>
  <method>logMessage</method>
  <thread>1</thread>
  <message>SCENARIO Product Mapping Failed</message>
  <nestedLevel>2</nestedLevel>
</record>
<record>
  <date>2019-08-09T15:56:18</date>
  <millis>1565340978617</millis>
  <sequence>301</sequence>
  <level>END</level>
  <class>com.kms.katalon.core.logging.XmlKeywordLogger</class>
  <method>endTest</method>
  <thread>1</thread>
  <message>End Test Case : SCENARIO Product Mapping Failed</message>
  <nestedLevel>1</nestedLevel>
</record>
<record>
  <date>2019-08-09T15:56:18</date>
  <millis>1565340978621</millis>
  <sequence>302</sequence>
  <level>START</level>
  <class>com.kms.katalon.core.logging.XmlKeywordLogger</class>
  <method>startTest</method>
  <thread>1</thread>
  <message>Start Test Case : SCENARIO Product Mapping Failed</message>
  <nestedLevel>2</nestedLevel>
</record>
<record>
  <date>2019-08-09T15:56:18</date>
  <millis>1565340978622</millis>
  <sequence>303</sequence>
  <level>START</level>
  <class>com.kms.katalon.core.logging.XmlKeywordLogger</class>
  <method>startKeyword</method>
  <thread>1</thread>
  <message>Start action : Command Type : advise Config Set</message>
  <nestedLevel>2</nestedLevel>
</record>
<record>
  <date>2019-08-09T15:56:18</date>
  <millis>1565340978623</millis>
  <sequence>304</sequence>
  <level>PASSED</level>
  <class>com.kms.katalon.core.logging.XmlKeywordLogger</class>
  <method>logMessage</method>
  <thread>1</thread>
  <message>Command Type : advise Config Set</message>
  <nestedLevel>2</nestedLevel>
</record>
<record>
  <date>2019-08-09T15:56:18</date>
  <millis>1565340978624</millis>
  <sequence>305</sequence>
  <level>END</level>
  <class>com.kms.katalon.core.logging.XmlKeywordLogger</class>
  <method>endKeyword</method>
  <thread>1</thread>
  <message>End End action : Command Type : advise Config Set</message>
  <nestedLevel>2</nestedLevel>
</record>
<record>
  <date>2019-08-09T15:56:18</date>
  <millis>1565340978625</millis>
  <sequence>306</sequence>
  <level>START</level>
  <class>com.kms.katalon.core.logging.XmlKeywordLogger</class>
  <method>startKeyword</method>
  <thread>1</thread>
  <message>Start action : Product Mapping : 4 Config Not Set</message>
  <nestedLevel>2</nestedLevel>
</record>
<record>
  <date>2019-08-09T15:56:18</date>
  <millis>1565340978626</millis>
  <sequence>307</sequence>
  <level>PASSED</level>
  <class>com.kms.katalon.core.logging.XmlKeywordLogger</class>
  <method>logMessage</method>
  <thread>1</thread>
  <message>Product Mapping : 4 Config Not Set</message>
  <nestedLevel>2</nestedLevel>
</record>
<record>
  <date>2019-08-09T15:56:18</date>
  <millis>1565340978627</millis>
  <sequence>308</sequence>
  <level>END</level>
  <class>com.kms.katalon.core.logging.XmlKeywordLogger</class>
  <method>endKeyword</method>
  <thread>1</thread>
  <message>End End action : Product Mapping : 4 Config Not Set</message>
  <nestedLevel>2</nestedLevel>
</record>
<record>
  <date>2019-08-09T15:56:18</date>
  <millis>1565340978628</millis>
  <sequence>309</sequence>
  <level>START</level>
  <class>com.kms.katalon.core.logging.XmlKeywordLogger</class>
  <method>startKeyword</method>
  <thread>1</thread>
  <message>Start action : User Input command_type : advise</message>
  <nestedLevel>2</nestedLevel>
</record>
<record>
  <date>2019-08-09T15:56:18</date>
  <millis>1565340978629</millis>
  <sequence>310</sequence>
  <level>PASSED</level>
  <class>com.kms.katalon.core.logging.XmlKeywordLogger</class>
  <method>logMessage</method>
  <thread>1</thread>
  <message>User Input command_type : advise</message>
  <nestedLevel>2</nestedLevel>
</record>
<record>
  <date>2019-08-09T15:56:18</date>
  <millis>1565340978630</millis>
  <sequence>311</sequence>
  <level>END</level>
  <class>com.kms.katalon.core.logging.XmlKeywordLogger</class>
  <method>endKeyword</method>
  <thread>1</thread>
  <message>End End action : User Input command_type : advise</message>
  <nestedLevel>2</nestedLevel>
</record>
<record>
  <date>2019-08-09T15:56:18</date>
  <millis>1565340978630</millis>
  <sequence>312</sequence>
  <level>START</level>
  <class>com.kms.katalon.core.logging.XmlKeywordLogger</class>
  <method>startKeyword</method>
  <thread>1</thread>
  <message>Start action : Input product_id : 4</message>
  <nestedLevel>2</nestedLevel>
</record>
<record>
  <date>2019-08-09T15:56:18</date>
  <millis>1565340978631</millis>
  <sequence>313</sequence>
  <level>PASSED</level>
  <class>com.kms.katalon.core.logging.XmlKeywordLogger</class>
  <method>logMessage</method>
  <thread>1</thread>
  <message>Input product_id : 4</message>
  <nestedLevel>2</nestedLevel>
</record>
<record>
  <date>2019-08-09T15:56:18</date>
  <millis>1565340978631</millis>
  <sequence>314</sequence>
  <level>END</level>
  <class>com.kms.katalon.core.logging.XmlKeywordLogger</class>
  <method>endKeyword</method>
  <thread>1</thread>
  <message>End End action : Input product_id : 4</message>
  <nestedLevel>2</nestedLevel>
</record>
<record>
  <date>2019-08-09T15:56:18</date>
  <millis>1565340978632</millis>
  <sequence>315</sequence>
  <level>START</level>
  <class>com.kms.katalon.core.logging.XmlKeywordLogger</class>
  <method>startKeyword</method>
  <thread>1</thread>
  <message>Start action : Send request</message>
  <nestedLevel>2</nestedLevel>
</record>
<record>
  <date>2019-08-09T15:56:18</date>
  <millis>1565340978873</millis>
  <sequence>318</sequence>
  <level>INFO</level>
  <class>com.kms.katalon.core.logging.XmlKeywordLogger</class>
  <method>logMessage</method>
  <thread>1</thread>
  <message>HAR: /Users/reinard/Documents/Katalon Project/Trunko/Reports/Kraken - BM Adapter/20190809_155602/requests/main/9.har</message>
  <nestedLevel>2</nestedLevel>
  <property name="harId">4b121b03-d242-4ddb-94ad-0c5daa735526</property>
</record>
<record>
  <date>2019-08-09T15:56:18</date>
  <millis>1565340978876</millis>
  <sequence>319</sequence>
  <level>PASSED</level>
  <class>com.kms.katalon.core.logging.XmlKeywordLogger</class>
  <method>logMessage</method>
  <thread>1</thread>
  <message>Send request successfully</message>
  <nestedLevel>2</nestedLevel>
</record>
<record>
  <date>2019-08-09T15:56:18</date>
  <millis>1565340978877</millis>
  <sequence>320</sequence>
  <level>PASSED</level>
  <class>com.kms.katalon.core.logging.XmlKeywordLogger</class>
  <method>logMessage</method>
  <thread>1</thread>
  <message>Send request</message>
  <nestedLevel>2</nestedLevel>
</record>
<record>
  <date>2019-08-09T15:56:18</date>
  <millis>1565340978878</millis>
  <sequence>321</sequence>
  <level>END</level>
  <class>com.kms.katalon.core.logging.XmlKeywordLogger</class>
  <method>endKeyword</method>
  <thread>1</thread>
  <message>End End action : Send request</message>
  <nestedLevel>2</nestedLevel>
</record>
<record>
  <date>2019-08-09T15:56:18</date>
  <millis>1565340978879</millis>
  <sequence>322</sequence>
  <level>START</level>
  <class>com.kms.katalon.core.logging.XmlKeywordLogger</class>
  <method>startKeyword</method>
  <thread>1</thread>
  <message>Start action : Get response_code : 99</message>
  <nestedLevel>2</nestedLevel>
</record>
<record>
  <date>2019-08-09T15:56:18</date>
  <millis>1565340978892</millis>
  <sequence>324</sequence>
  <level>PASSED</level>
  <class>com.kms.katalon.core.logging.XmlKeywordLogger</class>
  <method>logMessage</method>
  <thread>1</thread>
  <message>Verify element property value successfully</message>
  <nestedLevel>2</nestedLevel>
</record>
<record>
  <date>2019-08-09T15:56:18</date>
  <millis>1565340978892</millis>
  <sequence>325</sequence>
  <level>PASSED</level>
  <class>com.kms.katalon.core.logging.XmlKeywordLogger</class>
  <method>logMessage</method>
  <thread>1</thread>
  <message>Get response_code : 99</message>
  <nestedLevel>2</nestedLevel>
</record>
<record>
  <date>2019-08-09T15:56:18</date>
  <millis>1565340978893</millis>
  <sequence>326</sequence>
  <level>END</level>
  <class>com.kms.katalon.core.logging.XmlKeywordLogger</class>
  <method>endKeyword</method>
  <thread>1</thread>
  <message>End End action : Get response_code : 99</message>
  <nestedLevel>2</nestedLevel>
</record>
<record>
  <date>2019-08-09T15:56:18</date>
  <millis>1565340978894</millis>
  <sequence>327</sequence>
  <level>START</level>
  <class>com.kms.katalon.core.logging.XmlKeywordLogger</class>
  <method>startKeyword</method>
  <thread>1</thread>
  <message>Start action : message : Product mapping not found</message>
  <nestedLevel>2</nestedLevel>
</record>
<record>
  <date>2019-08-09T15:56:18</date>
  <millis>1565340978909</millis>
  <sequence>329</sequence>
  <level>PASSED</level>
  <class>com.kms.katalon.core.logging.XmlKeywordLogger</class>
  <method>logMessage</method>
  <thread>1</thread>
  <message>Verify element property value successfully</message>
  <nestedLevel>2</nestedLevel>
</record>
<record>
  <date>2019-08-09T15:56:18</date>
  <millis>1565340978909</millis>
  <sequence>330</sequence>
  <level>PASSED</level>
  <class>com.kms.katalon.core.logging.XmlKeywordLogger</class>
  <method>logMessage</method>
  <thread>1</thread>
  <message>message : Product mapping not found</message>
  <nestedLevel>2</nestedLevel>
</record>
<record>
  <date>2019-08-09T15:56:18</date>
  <millis>1565340978910</millis>
  <sequence>331</sequence>
  <level>END</level>
  <class>com.kms.katalon.core.logging.XmlKeywordLogger</class>
  <method>endKeyword</method>
  <thread>1</thread>
  <message>End End action : message : Product mapping not found</message>
  <nestedLevel>2</nestedLevel>
</record>
<record>
  <date>2019-08-09T15:56:18</date>
  <millis>1565340978910</millis>
  <sequence>332</sequence>
  <level>PASSED</level>
  <class>com.kms.katalon.core.logging.XmlKeywordLogger</class>
  <method>logMessage</method>
  <thread>1</thread>
  <message>SCENARIO Product Mapping Failed</message>
  <nestedLevel>2</nestedLevel>
</record>
<record>
  <date>2019-08-09T15:56:18</date>
  <millis>1565340978911</millis>
  <sequence>333</sequence>
  <level>END</level>
  <class>com.kms.katalon.core.logging.XmlKeywordLogger</class>
  <method>endTest</method>
  <thread>1</thread>
  <message>End Test Case : SCENARIO Product Mapping Failed</message>
  <nestedLevel>1</nestedLevel>
</record>
<record>
  <date>2019-08-09T15:56:18</date>
  <millis>1565340978917</millis>
  <sequence>334</sequence>
  <level>PASSED</level>
  <class>com.kms.katalon.core.logging.XmlKeywordLogger</class>
  <method>logMessage</method>
  <thread>1</thread>
  <message>Feature file: &amp;apos;Include/features/Kraken - BM Adapter/Product Mapping Failed.feature&amp;apos; was passed</message>
  <nestedLevel>1</nestedLevel>
</record>
<record>
  <date>2019-08-09T15:56:18</date>
  <millis>1565340978917</millis>
  <sequence>335</sequence>
  <level>END</level>
  <class>com.kms.katalon.core.logging.XmlKeywordLogger</class>
  <method>endKeyword</method>
  <thread>1</thread>
  <message>End action : runFeatureFile(\&amp;quot;Include/features/Kraken - BM Adapter/Product Mapping Failed.feature\&amp;quot;)</message>
  <nestedLevel>1</nestedLevel>
</record>
<record>
  <date>2019-08-09T15:56:18</date>
  <millis>1565340978917</millis>
  <sequence>336</sequence>
  <level>PASSED</level>
  <class>com.kms.katalon.core.logging.XmlKeywordLogger</class>
  <method>logMessage</method>
  <thread>1</thread>
  <message>Test Cases/Kraken - BM Adapter/Product Mapping Success</message>
  <nestedLevel>1</nestedLevel>
</record>
<record>
  <date>2019-08-09T15:56:18</date>
  <millis>1565340978918</millis>
  <sequence>337</sequence>
  <level>END</level>
  <class>com.kms.katalon.core.logging.XmlKeywordLogger</class>
  <method>endTest</method>
  <thread>1</thread>
  <message>End Test Case : Test Cases/Kraken - BM Adapter/Product Mapping Success</message>
  <nestedLevel>0</nestedLevel>
</record>
<record>
  <date>2019-08-09T15:56:18</date>
  <millis>1565340978921</millis>
  <sequence>338</sequence>
  <level>START</level>
  <class>com.kms.katalon.core.logging.XmlKeywordLogger</class>
  <method>startTest</method>
  <thread>1</thread>
  <message>Start Test Case : Test Cases/Kraken - BM Adapter/Request - Response Mapping Success</message>
  <nestedLevel>1</nestedLevel>
  <property name="name">Test Cases/Kraken - BM Adapter/Request - Response Mapping Success</property>
  <property name="description"></property>
  <property name="id">Test Cases/Kraken - BM Adapter/Request - Response Mapping Success</property>
  <property name="source">\\Users\\reinard\\Documents\\Katalon Project\\Trunko\\Test Cases\\Kraken - BM Adapter\\Request - Response Mapping Success.tc</property>
  <property name="tag"></property>
  <property name="isOptional">false</property>
</record>
<record>
  <date>2019-08-09T15:56:19</date>
  <millis>1565340979011</millis>
  <sequence>340</sequence>
  <level>START</level>
  <class>com.kms.katalon.core.logging.XmlKeywordLogger</class>
  <method>startKeyword</method>
  <thread>1</thread>
  <message>Start action : runFeatureFile(\&amp;quot;Include/features/Kraken - BM Adapter/Request - Response Mapping Success.feature\&amp;quot;)</message>
  <nestedLevel>1</nestedLevel>
  <property name="startLine">16</property>
  <property name="stepIndex">1</property>
</record>
<record>
  <date>2019-08-09T15:56:19</date>
  <millis>1565340979013</millis>
  <sequence>341</sequence>
  <level>INFO</level>
  <class>com.kms.katalon.core.logging.XmlKeywordLogger</class>
  <method>logMessage</method>
  <thread>1</thread>
  <message>Starting run keyword runFeatureFile: &amp;apos;Include/features/Kraken - BM Adapter/Request - Response Mapping Success.feature&amp;apos; and extract report to folder: &amp;apos;/Users/reinard/Documents/Katalon Project/Trunko/Reports/Kraken - BM Adapter/20190809_155602/cucumber_report/1565340979013&amp;apos;...</message>
  <nestedLevel>1</nestedLevel>
</record>
<record>
  <date>2019-08-09T15:56:19</date>
  <millis>1565340979077</millis>
  <sequence>342</sequence>
  <level>START</level>
  <class>com.kms.katalon.core.logging.XmlKeywordLogger</class>
  <method>startTest</method>
  <thread>1</thread>
  <message>Start Test Case : SCENARIO Request - Response Mapping Success</message>
  <nestedLevel>2</nestedLevel>
</record>
<record>
  <date>2019-08-09T15:56:19</date>
  <millis>1565340979078</millis>
  <sequence>343</sequence>
  <level>START</level>
  <class>com.kms.katalon.core.logging.XmlKeywordLogger</class>
  <method>startKeyword</method>
  <thread>1</thread>
  <message>Start action : Mapping Config Set</message>
  <nestedLevel>2</nestedLevel>
</record>
<record>
  <date>2019-08-09T15:56:19</date>
  <millis>1565340979079</millis>
  <sequence>344</sequence>
  <level>PASSED</level>
  <class>com.kms.katalon.core.logging.XmlKeywordLogger</class>
  <method>logMessage</method>
  <thread>1</thread>
  <message>Mapping Config Set</message>
  <nestedLevel>2</nestedLevel>
</record>
<record>
  <date>2019-08-09T15:56:19</date>
  <millis>1565340979080</millis>
  <sequence>345</sequence>
  <level>END</level>
  <class>com.kms.katalon.core.logging.XmlKeywordLogger</class>
  <method>endKeyword</method>
  <thread>1</thread>
  <message>End End action : Mapping Config Set</message>
  <nestedLevel>2</nestedLevel>
</record>
<record>
  <date>2019-08-09T15:56:19</date>
  <millis>1565340979080</millis>
  <sequence>346</sequence>
  <level>START</level>
  <class>com.kms.katalon.core.logging.XmlKeywordLogger</class>
  <method>startKeyword</method>
  <thread>1</thread>
  <message>Start action : User Input command_type : purchase</message>
  <nestedLevel>2</nestedLevel>
</record>
<record>
  <date>2019-08-09T15:56:19</date>
  <millis>1565340979082</millis>
  <sequence>347</sequence>
  <level>PASSED</level>
  <class>com.kms.katalon.core.logging.XmlKeywordLogger</class>
  <method>logMessage</method>
  <thread>1</thread>
  <message>User Input command_type : purchase</message>
  <nestedLevel>2</nestedLevel>
</record>
<record>
  <date>2019-08-09T15:56:19</date>
  <millis>1565340979083</millis>
  <sequence>348</sequence>
  <level>END</level>
  <class>com.kms.katalon.core.logging.XmlKeywordLogger</class>
  <method>endKeyword</method>
  <thread>1</thread>
  <message>End End action : User Input command_type : purchase</message>
  <nestedLevel>2</nestedLevel>
</record>
<record>
  <date>2019-08-09T15:56:19</date>
  <millis>1565340979084</millis>
  <sequence>349</sequence>
  <level>START</level>
  <class>com.kms.katalon.core.logging.XmlKeywordLogger</class>
  <method>startKeyword</method>
  <thread>1</thread>
  <message>Start action : Input transaction_id : 6855945</message>
  <nestedLevel>2</nestedLevel>
</record>
<record>
  <date>2019-08-09T15:56:19</date>
  <millis>1565340979086</millis>
  <sequence>350</sequence>
  <level>PASSED</level>
  <class>com.kms.katalon.core.logging.XmlKeywordLogger</class>
  <method>logMessage</method>
  <thread>1</thread>
  <message>Input transaction_id : 6855945</message>
  <nestedLevel>2</nestedLevel>
</record>
<record>
  <date>2019-08-09T15:56:19</date>
  <millis>1565340979086</millis>
  <sequence>351</sequence>
  <level>END</level>
  <class>com.kms.katalon.core.logging.XmlKeywordLogger</class>
  <method>endKeyword</method>
  <thread>1</thread>
  <message>End End action : Input transaction_id : 6855945</message>
  <nestedLevel>2</nestedLevel>
</record>
<record>
  <date>2019-08-09T15:56:19</date>
  <millis>1565340979087</millis>
  <sequence>352</sequence>
  <level>START</level>
  <class>com.kms.katalon.core.logging.XmlKeywordLogger</class>
  <method>startKeyword</method>
  <thread>1</thread>
  <message>Start action : Input transaction_biller_id : 1</message>
  <nestedLevel>2</nestedLevel>
</record>
<record>
  <date>2019-08-09T15:56:19</date>
  <millis>1565340979088</millis>
  <sequence>353</sequence>
  <level>PASSED</level>
  <class>com.kms.katalon.core.logging.XmlKeywordLogger</class>
  <method>logMessage</method>
  <thread>1</thread>
  <message>Input transaction_biller_id : 1</message>
  <nestedLevel>2</nestedLevel>
</record>
<record>
  <date>2019-08-09T15:56:19</date>
  <millis>1565340979089</millis>
  <sequence>354</sequence>
  <level>END</level>
  <class>com.kms.katalon.core.logging.XmlKeywordLogger</class>
  <method>endKeyword</method>
  <thread>1</thread>
  <message>End End action : Input transaction_biller_id : 1</message>
  <nestedLevel>2</nestedLevel>
</record>
<record>
  <date>2019-08-09T15:56:19</date>
  <millis>1565340979090</millis>
  <sequence>355</sequence>
  <level>START</level>
  <class>com.kms.katalon.core.logging.XmlKeywordLogger</class>
  <method>startKeyword</method>
  <thread>1</thread>
  <message>Start action : Input customer_id : 085363783000</message>
  <nestedLevel>2</nestedLevel>
</record>
<record>
  <date>2019-08-09T15:56:19</date>
  <millis>1565340979090</millis>
  <sequence>356</sequence>
  <level>PASSED</level>
  <class>com.kms.katalon.core.logging.XmlKeywordLogger</class>
  <method>logMessage</method>
  <thread>1</thread>
  <message>Input customer_id : 085363783000</message>
  <nestedLevel>2</nestedLevel>
</record>
<record>
  <date>2019-08-09T15:56:19</date>
  <millis>1565340979091</millis>
  <sequence>357</sequence>
  <level>END</level>
  <class>com.kms.katalon.core.logging.XmlKeywordLogger</class>
  <method>endKeyword</method>
  <thread>1</thread>
  <message>End End action : Input customer_id : 085363783000</message>
  <nestedLevel>2</nestedLevel>
</record>
<record>
  <date>2019-08-09T15:56:19</date>
  <millis>1565340979091</millis>
  <sequence>358</sequence>
  <level>START</level>
  <class>com.kms.katalon.core.logging.XmlKeywordLogger</class>
  <method>startKeyword</method>
  <thread>1</thread>
  <message>Start action : Input partner_id : 6</message>
  <nestedLevel>2</nestedLevel>
</record>
<record>
  <date>2019-08-09T15:56:19</date>
  <millis>1565340979092</millis>
  <sequence>359</sequence>
  <level>PASSED</level>
  <class>com.kms.katalon.core.logging.XmlKeywordLogger</class>
  <method>logMessage</method>
  <thread>1</thread>
  <message>Input partner_id : 6</message>
  <nestedLevel>2</nestedLevel>
</record>
<record>
  <date>2019-08-09T15:56:19</date>
  <millis>1565340979092</millis>
  <sequence>360</sequence>
  <level>END</level>
  <class>com.kms.katalon.core.logging.XmlKeywordLogger</class>
  <method>endKeyword</method>
  <thread>1</thread>
  <message>End End action : Input partner_id : 6</message>
  <nestedLevel>2</nestedLevel>
</record>
<record>
  <date>2019-08-09T15:56:19</date>
  <millis>1565340979093</millis>
  <sequence>361</sequence>
  <level>START</level>
  <class>com.kms.katalon.core.logging.XmlKeywordLogger</class>
  <method>startKeyword</method>
  <thread>1</thread>
  <message>Start action : Input product_id : 175</message>
  <nestedLevel>2</nestedLevel>
</record>
<record>
  <date>2019-08-09T15:56:19</date>
  <millis>1565340979094</millis>
  <sequence>362</sequence>
  <level>PASSED</level>
  <class>com.kms.katalon.core.logging.XmlKeywordLogger</class>
  <method>logMessage</method>
  <thread>1</thread>
  <message>Input product_id : 175</message>
  <nestedLevel>2</nestedLevel>
</record>
<record>
  <date>2019-08-09T15:56:19</date>
  <millis>1565340979094</millis>
  <sequence>363</sequence>
  <level>END</level>
  <class>com.kms.katalon.core.logging.XmlKeywordLogger</class>
  <method>endKeyword</method>
  <thread>1</thread>
  <message>End End action : Input product_id : 175</message>
  <nestedLevel>2</nestedLevel>
</record>
<record>
  <date>2019-08-09T15:56:19</date>
  <millis>1565340979094</millis>
  <sequence>364</sequence>
  <level>START</level>
  <class>com.kms.katalon.core.logging.XmlKeywordLogger</class>
  <method>startKeyword</method>
  <thread>1</thread>
  <message>Start action : Input biller_id : 1</message>
  <nestedLevel>2</nestedLevel>
</record>
<record>
  <date>2019-08-09T15:56:19</date>
  <millis>1565340979096</millis>
  <sequence>365</sequence>
  <level>PASSED</level>
  <class>com.kms.katalon.core.logging.XmlKeywordLogger</class>
  <method>logMessage</method>
  <thread>1</thread>
  <message>Input biller_id : 1</message>
  <nestedLevel>2</nestedLevel>
</record>
<record>
  <date>2019-08-09T15:56:19</date>
  <millis>1565340979097</millis>
  <sequence>366</sequence>
  <level>END</level>
  <class>com.kms.katalon.core.logging.XmlKeywordLogger</class>
  <method>endKeyword</method>
  <thread>1</thread>
  <message>End End action : Input biller_id : 1</message>
  <nestedLevel>2</nestedLevel>
</record>
<record>
  <date>2019-08-09T15:56:19</date>
  <millis>1565340979097</millis>
  <sequence>367</sequence>
  <level>START</level>
  <class>com.kms.katalon.core.logging.XmlKeywordLogger</class>
  <method>startKeyword</method>
  <thread>1</thread>
  <message>Start action : Input biller_label : trunko_test</message>
  <nestedLevel>2</nestedLevel>
</record>
<record>
  <date>2019-08-09T15:56:19</date>
  <millis>1565340979098</millis>
  <sequence>368</sequence>
  <level>PASSED</level>
  <class>com.kms.katalon.core.logging.XmlKeywordLogger</class>
  <method>logMessage</method>
  <thread>1</thread>
  <message>Input biller_label : trunko_test</message>
  <nestedLevel>2</nestedLevel>
</record>
<record>
  <date>2019-08-09T15:56:19</date>
  <millis>1565340979098</millis>
  <sequence>369</sequence>
  <level>END</level>
  <class>com.kms.katalon.core.logging.XmlKeywordLogger</class>
  <method>endKeyword</method>
  <thread>1</thread>
  <message>End End action : Input biller_label : trunko_test</message>
  <nestedLevel>2</nestedLevel>
</record>
<record>
  <date>2019-08-09T15:56:19</date>
  <millis>1565340979099</millis>
  <sequence>370</sequence>
  <level>START</level>
  <class>com.kms.katalon.core.logging.XmlKeywordLogger</class>
  <method>startKeyword</method>
  <thread>1</thread>
  <message>Start action : Input rawdata : {\&amp;quot;customer_number\&amp;quot;:\&amp;quot;085363783000\&amp;quot;,\&amp;quot;data\&amp;quot;:{\&amp;quot;biller_message\&amp;quot;:\&amp;quot;Pengisian Voucher sebesar 25000 ke nomor 085363783000 pada tanggal 18/07/2019 09:54:44 telah berhasil dengan no ref \\u003c0051003619319900\\u003e\&amp;quot;,\&amp;quot;rc_biller\&amp;quot;:\&amp;quot;0000\&amp;quot;,\&amp;quot;remote_transaction_id\&amp;quot;:\&amp;quot;110931978314\&amp;quot;,\&amp;quot;serial_number\&amp;quot;:\&amp;quot;0051003619319900\&amp;quot;},\&amp;quot;status\&amp;quot;:\&amp;quot;sukses\&amp;quot;,\&amp;quot;transaction_id\&amp;quot;:6855945}</message>
  <nestedLevel>2</nestedLevel>
</record>
<record>
  <date>2019-08-09T15:56:19</date>
  <millis>1565340979100</millis>
  <sequence>371</sequence>
  <level>PASSED</level>
  <class>com.kms.katalon.core.logging.XmlKeywordLogger</class>
  <method>logMessage</method>
  <thread>1</thread>
  <message>Input rawdata : {\&amp;quot;customer_number\&amp;quot;:\&amp;quot;085363783000\&amp;quot;,\&amp;quot;data\&amp;quot;:{\&amp;quot;biller_message\&amp;quot;:\&amp;quot;Pengisian Voucher sebesar 25000 ke nomor 085363783000 pada tanggal 18/07/2019 09:54:44 telah berhasil dengan no ref \\u003c0051003619319900\\u003e\&amp;quot;,\&amp;quot;rc_biller\&amp;quot;:\&amp;quot;0000\&amp;quot;,\&amp;quot;remote_transaction_id\&amp;quot;:\&amp;quot;110931978314\&amp;quot;,\&amp;quot;serial_number\&amp;quot;:\&amp;quot;0051003619319900\&amp;quot;},\&amp;quot;status\&amp;quot;:\&amp;quot;sukses\&amp;quot;,\&amp;quot;transaction_id\&amp;quot;:6855945}</message>
  <nestedLevel>2</nestedLevel>
</record>
<record>
  <date>2019-08-09T15:56:19</date>
  <millis>1565340979100</millis>
  <sequence>372</sequence>
  <level>END</level>
  <class>com.kms.katalon.core.logging.XmlKeywordLogger</class>
  <method>endKeyword</method>
  <thread>1</thread>
  <message>End End action : Input rawdata : {\&amp;quot;customer_number\&amp;quot;:\&amp;quot;085363783000\&amp;quot;,\&amp;quot;data\&amp;quot;:{\&amp;quot;biller_message\&amp;quot;:\&amp;quot;Pengisian Voucher sebesar 25000 ke nomor 085363783000 pada tanggal 18/07/2019 09:54:44 telah berhasil dengan no ref \\u003c0051003619319900\\u003e\&amp;quot;,\&amp;quot;rc_biller\&amp;quot;:\&amp;quot;0000\&amp;quot;,\&amp;quot;remote_transaction_id\&amp;quot;:\&amp;quot;110931978314\&amp;quot;,\&amp;quot;serial_number\&amp;quot;:\&amp;quot;0051003619319900\&amp;quot;},\&amp;quot;status\&amp;quot;:\&amp;quot;sukses\&amp;quot;,\&amp;quot;transaction_id\&amp;quot;:6855945}</message>
  <nestedLevel>2</nestedLevel>
</record>
<record>
  <date>2019-08-09T15:56:19</date>
  <millis>1565340979100</millis>
  <sequence>373</sequence>
  <level>START</level>
  <class>com.kms.katalon.core.logging.XmlKeywordLogger</class>
  <method>startKeyword</method>
  <thread>1</thread>
  <message>Start action : Send request</message>
  <nestedLevel>2</nestedLevel>
</record>
<record>
  <date>2019-08-09T15:56:19</date>
  <millis>1565340979467</millis>
  <sequence>376</sequence>
  <level>INFO</level>
  <class>com.kms.katalon.core.logging.XmlKeywordLogger</class>
  <method>logMessage</method>
  <thread>1</thread>
  <message>HAR: /Users/reinard/Documents/Katalon Project/Trunko/Reports/Kraken - BM Adapter/20190809_155602/requests/main/10.har</message>
  <nestedLevel>2</nestedLevel>
  <property name="harId">d8b8fe52-dc37-4fe4-a2cb-d5a0a49b2083</property>
</record>
<record>
  <date>2019-08-09T15:56:19</date>
  <millis>1565340979470</millis>
  <sequence>377</sequence>
  <level>PASSED</level>
  <class>com.kms.katalon.core.logging.XmlKeywordLogger</class>
  <method>logMessage</method>
  <thread>1</thread>
  <message>Send request successfully</message>
  <nestedLevel>2</nestedLevel>
</record>
<record>
  <date>2019-08-09T15:56:19</date>
  <millis>1565340979471</millis>
  <sequence>378</sequence>
  <level>PASSED</level>
  <class>com.kms.katalon.core.logging.XmlKeywordLogger</class>
  <method>logMessage</method>
  <thread>1</thread>
  <message>Send request</message>
  <nestedLevel>2</nestedLevel>
</record>
<record>
  <date>2019-08-09T15:56:19</date>
  <millis>1565340979472</millis>
  <sequence>379</sequence>
  <level>END</level>
  <class>com.kms.katalon.core.logging.XmlKeywordLogger</class>
  <method>endKeyword</method>
  <thread>1</thread>
  <message>End End action : Send request</message>
  <nestedLevel>2</nestedLevel>
</record>
<record>
  <date>2019-08-09T15:56:19</date>
  <millis>1565340979473</millis>
  <sequence>380</sequence>
  <level>START</level>
  <class>com.kms.katalon.core.logging.XmlKeywordLogger</class>
  <method>startKeyword</method>
  <thread>1</thread>
  <message>Start action : Get transaction_id : 6855945</message>
  <nestedLevel>2</nestedLevel>
</record>
<record>
  <date>2019-08-09T15:56:19</date>
  <millis>1565340979487</millis>
  <sequence>382</sequence>
  <level>PASSED</level>
  <class>com.kms.katalon.core.logging.XmlKeywordLogger</class>
  <method>logMessage</method>
  <thread>1</thread>
  <message>Verify element property value successfully</message>
  <nestedLevel>2</nestedLevel>
</record>
<record>
  <date>2019-08-09T15:56:19</date>
  <millis>1565340979488</millis>
  <sequence>383</sequence>
  <level>PASSED</level>
  <class>com.kms.katalon.core.logging.XmlKeywordLogger</class>
  <method>logMessage</method>
  <thread>1</thread>
  <message>Get transaction_id : 6855945</message>
  <nestedLevel>2</nestedLevel>
</record>
<record>
  <date>2019-08-09T15:56:19</date>
  <millis>1565340979488</millis>
  <sequence>384</sequence>
  <level>END</level>
  <class>com.kms.katalon.core.logging.XmlKeywordLogger</class>
  <method>endKeyword</method>
  <thread>1</thread>
  <message>End End action : Get transaction_id : 6855945</message>
  <nestedLevel>2</nestedLevel>
</record>
<record>
  <date>2019-08-09T15:56:19</date>
  <millis>1565340979489</millis>
  <sequence>385</sequence>
  <level>START</level>
  <class>com.kms.katalon.core.logging.XmlKeywordLogger</class>
  <method>startKeyword</method>
  <thread>1</thread>
  <message>Start action : transaction_biller_id : 1</message>
  <nestedLevel>2</nestedLevel>
</record>
<record>
  <date>2019-08-09T15:56:19</date>
  <millis>1565340979504</millis>
  <sequence>387</sequence>
  <level>PASSED</level>
  <class>com.kms.katalon.core.logging.XmlKeywordLogger</class>
  <method>logMessage</method>
  <thread>1</thread>
  <message>Verify element property value successfully</message>
  <nestedLevel>2</nestedLevel>
</record>
<record>
  <date>2019-08-09T15:56:19</date>
  <millis>1565340979505</millis>
  <sequence>388</sequence>
  <level>PASSED</level>
  <class>com.kms.katalon.core.logging.XmlKeywordLogger</class>
  <method>logMessage</method>
  <thread>1</thread>
  <message>transaction_biller_id : 1</message>
  <nestedLevel>2</nestedLevel>
</record>
<record>
  <date>2019-08-09T15:56:19</date>
  <millis>1565340979505</millis>
  <sequence>389</sequence>
  <level>END</level>
  <class>com.kms.katalon.core.logging.XmlKeywordLogger</class>
  <method>endKeyword</method>
  <thread>1</thread>
  <message>End End action : transaction_biller_id : 1</message>
  <nestedLevel>2</nestedLevel>
</record>
<record>
  <date>2019-08-09T15:56:19</date>
  <millis>1565340979506</millis>
  <sequence>390</sequence>
  <level>START</level>
  <class>com.kms.katalon.core.logging.XmlKeywordLogger</class>
  <method>startKeyword</method>
  <thread>1</thread>
  <message>Start action : remote_transaction_id : 110931978314</message>
  <nestedLevel>2</nestedLevel>
</record>
<record>
  <date>2019-08-09T15:56:19</date>
  <millis>1565340979520</millis>
  <sequence>392</sequence>
  <level>PASSED</level>
  <class>com.kms.katalon.core.logging.XmlKeywordLogger</class>
  <method>logMessage</method>
  <thread>1</thread>
  <message>Verify element property value successfully</message>
  <nestedLevel>2</nestedLevel>
</record>
<record>
  <date>2019-08-09T15:56:19</date>
  <millis>1565340979521</millis>
  <sequence>393</sequence>
  <level>PASSED</level>
  <class>com.kms.katalon.core.logging.XmlKeywordLogger</class>
  <method>logMessage</method>
  <thread>1</thread>
  <message>remote_transaction_id : 110931978314</message>
  <nestedLevel>2</nestedLevel>
</record>
<record>
  <date>2019-08-09T15:56:19</date>
  <millis>1565340979521</millis>
  <sequence>394</sequence>
  <level>END</level>
  <class>com.kms.katalon.core.logging.XmlKeywordLogger</class>
  <method>endKeyword</method>
  <thread>1</thread>
  <message>End End action : remote_transaction_id : 110931978314</message>
  <nestedLevel>2</nestedLevel>
</record>
<record>
  <date>2019-08-09T15:56:19</date>
  <millis>1565340979522</millis>
  <sequence>395</sequence>
  <level>START</level>
  <class>com.kms.katalon.core.logging.XmlKeywordLogger</class>
  <method>startKeyword</method>
  <thread>1</thread>
  <message>Start action : remote_product_id : PKREG60WS</message>
  <nestedLevel>2</nestedLevel>
</record>
<record>
  <date>2019-08-09T15:56:19</date>
  <millis>1565340979536</millis>
  <sequence>397</sequence>
  <level>PASSED</level>
  <class>com.kms.katalon.core.logging.XmlKeywordLogger</class>
  <method>logMessage</method>
  <thread>1</thread>
  <message>Verify element property value successfully</message>
  <nestedLevel>2</nestedLevel>
</record>
<record>
  <date>2019-08-09T15:56:19</date>
  <millis>1565340979537</millis>
  <sequence>398</sequence>
  <level>PASSED</level>
  <class>com.kms.katalon.core.logging.XmlKeywordLogger</class>
  <method>logMessage</method>
  <thread>1</thread>
  <message>remote_product_id : PKREG60WS</message>
  <nestedLevel>2</nestedLevel>
</record>
<record>
  <date>2019-08-09T15:56:19</date>
  <millis>1565340979538</millis>
  <sequence>399</sequence>
  <level>END</level>
  <class>com.kms.katalon.core.logging.XmlKeywordLogger</class>
  <method>endKeyword</method>
  <thread>1</thread>
  <message>End End action : remote_product_id : PKREG60WS</message>
  <nestedLevel>2</nestedLevel>
</record>
<record>
  <date>2019-08-09T15:56:19</date>
  <millis>1565340979539</millis>
  <sequence>400</sequence>
  <level>START</level>
  <class>com.kms.katalon.core.logging.XmlKeywordLogger</class>
  <method>startKeyword</method>
  <thread>1</thread>
  <message>Start action : customer_id : 085363783000</message>
  <nestedLevel>2</nestedLevel>
</record>
<record>
  <date>2019-08-09T15:56:19</date>
  <millis>1565340979553</millis>
  <sequence>402</sequence>
  <level>PASSED</level>
  <class>com.kms.katalon.core.logging.XmlKeywordLogger</class>
  <method>logMessage</method>
  <thread>1</thread>
  <message>Verify element property value successfully</message>
  <nestedLevel>2</nestedLevel>
</record>
<record>
  <date>2019-08-09T15:56:19</date>
  <millis>1565340979554</millis>
  <sequence>403</sequence>
  <level>PASSED</level>
  <class>com.kms.katalon.core.logging.XmlKeywordLogger</class>
  <method>logMessage</method>
  <thread>1</thread>
  <message>customer_id : 085363783000</message>
  <nestedLevel>2</nestedLevel>
</record>
<record>
  <date>2019-08-09T15:56:19</date>
  <millis>1565340979554</millis>
  <sequence>404</sequence>
  <level>END</level>
  <class>com.kms.katalon.core.logging.XmlKeywordLogger</class>
  <method>endKeyword</method>
  <thread>1</thread>
  <message>End End action : customer_id : 085363783000</message>
  <nestedLevel>2</nestedLevel>
</record>
<record>
  <date>2019-08-09T15:56:19</date>
  <millis>1565340979555</millis>
  <sequence>405</sequence>
  <level>START</level>
  <class>com.kms.katalon.core.logging.XmlKeywordLogger</class>
  <method>startKeyword</method>
  <thread>1</thread>
  <message>Start action : response_code : 00</message>
  <nestedLevel>2</nestedLevel>
</record>
<record>
  <date>2019-08-09T15:56:19</date>
  <millis>1565340979569</millis>
  <sequence>407</sequence>
  <level>PASSED</level>
  <class>com.kms.katalon.core.logging.XmlKeywordLogger</class>
  <method>logMessage</method>
  <thread>1</thread>
  <message>Verify element property value successfully</message>
  <nestedLevel>2</nestedLevel>
</record>
<record>
  <date>2019-08-09T15:56:19</date>
  <millis>1565340979575</millis>
  <sequence>408</sequence>
  <level>PASSED</level>
  <class>com.kms.katalon.core.logging.XmlKeywordLogger</class>
  <method>logMessage</method>
  <thread>1</thread>
  <message>response_code : 00</message>
  <nestedLevel>2</nestedLevel>
</record>
<record>
  <date>2019-08-09T15:56:19</date>
  <millis>1565340979578</millis>
  <sequence>409</sequence>
  <level>END</level>
  <class>com.kms.katalon.core.logging.XmlKeywordLogger</class>
  <method>endKeyword</method>
  <thread>1</thread>
  <message>End End action : response_code : 00</message>
  <nestedLevel>2</nestedLevel>
</record>
<record>
  <date>2019-08-09T15:56:19</date>
  <millis>1565340979578</millis>
  <sequence>410</sequence>
  <level>START</level>
  <class>com.kms.katalon.core.logging.XmlKeywordLogger</class>
  <method>startKeyword</method>
  <thread>1</thread>
  <message>Start action : price : 4900</message>
  <nestedLevel>2</nestedLevel>
</record>
<record>
  <date>2019-08-09T15:56:19</date>
  <millis>1565340979589</millis>
  <sequence>412</sequence>
  <level>PASSED</level>
  <class>com.kms.katalon.core.logging.XmlKeywordLogger</class>
  <method>logMessage</method>
  <thread>1</thread>
  <message>Verify element property value successfully</message>
  <nestedLevel>2</nestedLevel>
</record>
<record>
  <date>2019-08-09T15:56:19</date>
  <millis>1565340979590</millis>
  <sequence>413</sequence>
  <level>PASSED</level>
  <class>com.kms.katalon.core.logging.XmlKeywordLogger</class>
  <method>logMessage</method>
  <thread>1</thread>
  <message>price : 4900</message>
  <nestedLevel>2</nestedLevel>
</record>
<record>
  <date>2019-08-09T15:56:19</date>
  <millis>1565340979591</millis>
  <sequence>414</sequence>
  <level>END</level>
  <class>com.kms.katalon.core.logging.XmlKeywordLogger</class>
  <method>endKeyword</method>
  <thread>1</thread>
  <message>End End action : price : 4900</message>
  <nestedLevel>2</nestedLevel>
</record>
<record>
  <date>2019-08-09T15:56:19</date>
  <millis>1565340979593</millis>
  <sequence>415</sequence>
  <level>START</level>
  <class>com.kms.katalon.core.logging.XmlKeywordLogger</class>
  <method>startKeyword</method>
  <thread>1</thread>
  <message>Start action : amount : 7000</message>
  <nestedLevel>2</nestedLevel>
</record>
<record>
  <date>2019-08-09T15:56:19</date>
  <millis>1565340979605</millis>
  <sequence>417</sequence>
  <level>PASSED</level>
  <class>com.kms.katalon.core.logging.XmlKeywordLogger</class>
  <method>logMessage</method>
  <thread>1</thread>
  <message>Verify element property value successfully</message>
  <nestedLevel>2</nestedLevel>
</record>
<record>
  <date>2019-08-09T15:56:19</date>
  <millis>1565340979605</millis>
  <sequence>418</sequence>
  <level>PASSED</level>
  <class>com.kms.katalon.core.logging.XmlKeywordLogger</class>
  <method>logMessage</method>
  <thread>1</thread>
  <message>amount : 7000</message>
  <nestedLevel>2</nestedLevel>
</record>
<record>
  <date>2019-08-09T15:56:19</date>
  <millis>1565340979606</millis>
  <sequence>419</sequence>
  <level>END</level>
  <class>com.kms.katalon.core.logging.XmlKeywordLogger</class>
  <method>endKeyword</method>
  <thread>1</thread>
  <message>End End action : amount : 7000</message>
  <nestedLevel>2</nestedLevel>
</record>
<record>
  <date>2019-08-09T15:56:19</date>
  <millis>1565340979607</millis>
  <sequence>420</sequence>
  <level>START</level>
  <class>com.kms.katalon.core.logging.XmlKeywordLogger</class>
  <method>startKeyword</method>
  <thread>1</thread>
  <message>Start action : serial_number : 0051003619319900</message>
  <nestedLevel>2</nestedLevel>
</record>
<record>
  <date>2019-08-09T15:56:19</date>
  <millis>1565340979619</millis>
  <sequence>422</sequence>
  <level>PASSED</level>
  <class>com.kms.katalon.core.logging.XmlKeywordLogger</class>
  <method>logMessage</method>
  <thread>1</thread>
  <message>Verify element property value successfully</message>
  <nestedLevel>2</nestedLevel>
</record>
<record>
  <date>2019-08-09T15:56:19</date>
  <millis>1565340979620</millis>
  <sequence>423</sequence>
  <level>PASSED</level>
  <class>com.kms.katalon.core.logging.XmlKeywordLogger</class>
  <method>logMessage</method>
  <thread>1</thread>
  <message>serial_number : 0051003619319900</message>
  <nestedLevel>2</nestedLevel>
</record>
<record>
  <date>2019-08-09T15:56:19</date>
  <millis>1565340979621</millis>
  <sequence>424</sequence>
  <level>END</level>
  <class>com.kms.katalon.core.logging.XmlKeywordLogger</class>
  <method>endKeyword</method>
  <thread>1</thread>
  <message>End End action : serial_number : 0051003619319900</message>
  <nestedLevel>2</nestedLevel>
</record>
<record>
  <date>2019-08-09T15:56:19</date>
  <millis>1565340979622</millis>
  <sequence>425</sequence>
  <level>START</level>
  <class>com.kms.katalon.core.logging.XmlKeywordLogger</class>
  <method>startKeyword</method>
  <thread>1</thread>
  <message>Start action : biller_rescode : 0000</message>
  <nestedLevel>2</nestedLevel>
</record>
<record>
  <date>2019-08-09T15:56:19</date>
  <millis>1565340979638</millis>
  <sequence>427</sequence>
  <level>PASSED</level>
  <class>com.kms.katalon.core.logging.XmlKeywordLogger</class>
  <method>logMessage</method>
  <thread>1</thread>
  <message>Verify element property value successfully</message>
  <nestedLevel>2</nestedLevel>
</record>
<record>
  <date>2019-08-09T15:56:19</date>
  <millis>1565340979642</millis>
  <sequence>428</sequence>
  <level>PASSED</level>
  <class>com.kms.katalon.core.logging.XmlKeywordLogger</class>
  <method>logMessage</method>
  <thread>1</thread>
  <message>biller_rescode : 0000</message>
  <nestedLevel>2</nestedLevel>
</record>
<record>
  <date>2019-08-09T15:56:19</date>
  <millis>1565340979642</millis>
  <sequence>429</sequence>
  <level>END</level>
  <class>com.kms.katalon.core.logging.XmlKeywordLogger</class>
  <method>endKeyword</method>
  <thread>1</thread>
  <message>End End action : biller_rescode : 0000</message>
  <nestedLevel>2</nestedLevel>
</record>
<record>
  <date>2019-08-09T15:56:19</date>
  <millis>1565340979643</millis>
  <sequence>430</sequence>
  <level>START</level>
  <class>com.kms.katalon.core.logging.XmlKeywordLogger</class>
  <method>startKeyword</method>
  <thread>1</thread>
  <message>Start action : message : Pengisian Voucher sebesar 25000 ke nomor 085363783000 pada tanggal 18/07/2019 09:54:44 telah berhasil dengan no ref &amp;lt;0051003619319900&amp;gt;</message>
  <nestedLevel>2</nestedLevel>
</record>
<record>
  <date>2019-08-09T15:56:19</date>
  <millis>1565340979656</millis>
  <sequence>432</sequence>
  <level>PASSED</level>
  <class>com.kms.katalon.core.logging.XmlKeywordLogger</class>
  <method>logMessage</method>
  <thread>1</thread>
  <message>Verify element property value successfully</message>
  <nestedLevel>2</nestedLevel>
</record>
<record>
  <date>2019-08-09T15:56:19</date>
  <millis>1565340979657</millis>
  <sequence>433</sequence>
  <level>PASSED</level>
  <class>com.kms.katalon.core.logging.XmlKeywordLogger</class>
  <method>logMessage</method>
  <thread>1</thread>
  <message>message : Pengisian Voucher sebesar 25000 ke nomor 085363783000 pada tanggal 18/07/2019 09:54:44 telah berhasil dengan no ref &amp;lt;0051003619319900&amp;gt;</message>
  <nestedLevel>2</nestedLevel>
</record>
<record>
  <date>2019-08-09T15:56:19</date>
  <millis>1565340979657</millis>
  <sequence>434</sequence>
  <level>END</level>
  <class>com.kms.katalon.core.logging.XmlKeywordLogger</class>
  <method>endKeyword</method>
  <thread>1</thread>
  <message>End End action : message : Pengisian Voucher sebesar 25000 ke nomor 085363783000 pada tanggal 18/07/2019 09:54:44 telah berhasil dengan no ref &amp;lt;0051003619319900&amp;gt;</message>
  <nestedLevel>2</nestedLevel>
</record>
<record>
  <date>2019-08-09T15:56:19</date>
  <millis>1565340979658</millis>
  <sequence>435</sequence>
  <level>START</level>
  <class>com.kms.katalon.core.logging.XmlKeywordLogger</class>
  <method>startKeyword</method>
  <thread>1</thread>
  <message>Start action : rawdata : {\&amp;quot;customer_number\&amp;quot;:\&amp;quot;085363783000\&amp;quot;,\&amp;quot;data\&amp;quot;:{\&amp;quot;biller_message\&amp;quot;:\&amp;quot;Pengisian Voucher sebesar 25000 ke nomor 085363783000 pada tanggal 18/07/2019 09:54:44 telah berhasil dengan no ref \\u003c0051003619319900\\u003e\&amp;quot;,\&amp;quot;rc_biller\&amp;quot;:\&amp;quot;0000\&amp;quot;,\&amp;quot;remote_transaction_id\&amp;quot;:\&amp;quot;110931978314\&amp;quot;,\&amp;quot;serial_number\&amp;quot;:\&amp;quot;0051003619319900\&amp;quot;},\&amp;quot;status\&amp;quot;:\&amp;quot;sukses\&amp;quot;,\&amp;quot;transaction_id\&amp;quot;:6855945}</message>
  <nestedLevel>2</nestedLevel>
</record>
<record>
  <date>2019-08-09T15:56:19</date>
  <millis>1565340979671</millis>
  <sequence>437</sequence>
  <level>PASSED</level>
  <class>com.kms.katalon.core.logging.XmlKeywordLogger</class>
  <method>logMessage</method>
  <thread>1</thread>
  <message>Verify element property value successfully</message>
  <nestedLevel>2</nestedLevel>
</record>
<record>
  <date>2019-08-09T15:56:19</date>
  <millis>1565340979672</millis>
  <sequence>438</sequence>
  <level>PASSED</level>
  <class>com.kms.katalon.core.logging.XmlKeywordLogger</class>
  <method>logMessage</method>
  <thread>1</thread>
  <message>rawdata : {\&amp;quot;customer_number\&amp;quot;:\&amp;quot;085363783000\&amp;quot;,\&amp;quot;data\&amp;quot;:{\&amp;quot;biller_message\&amp;quot;:\&amp;quot;Pengisian Voucher sebesar 25000 ke nomor 085363783000 pada tanggal 18/07/2019 09:54:44 telah berhasil dengan no ref \\u003c0051003619319900\\u003e\&amp;quot;,\&amp;quot;rc_biller\&amp;quot;:\&amp;quot;0000\&amp;quot;,\&amp;quot;remote_transaction_id\&amp;quot;:\&amp;quot;110931978314\&amp;quot;,\&amp;quot;serial_number\&amp;quot;:\&amp;quot;0051003619319900\&amp;quot;},\&amp;quot;status\&amp;quot;:\&amp;quot;sukses\&amp;quot;,\&amp;quot;transaction_id\&amp;quot;:6855945}</message>
  <nestedLevel>2</nestedLevel>
</record>
<record>
  <date>2019-08-09T15:56:19</date>
  <millis>1565340979673</millis>
  <sequence>439</sequence>
  <level>END</level>
  <class>com.kms.katalon.core.logging.XmlKeywordLogger</class>
  <method>endKeyword</method>
  <thread>1</thread>
  <message>End End action : rawdata : {\&amp;quot;customer_number\&amp;quot;:\&amp;quot;085363783000\&amp;quot;,\&amp;quot;data\&amp;quot;:{\&amp;quot;biller_message\&amp;quot;:\&amp;quot;Pengisian Voucher sebesar 25000 ke nomor 085363783000 pada tanggal 18/07/2019 09:54:44 telah berhasil dengan no ref \\u003c0051003619319900\\u003e\&amp;quot;,\&amp;quot;rc_biller\&amp;quot;:\&amp;quot;0000\&amp;quot;,\&amp;quot;remote_transaction_id\&amp;quot;:\&amp;quot;110931978314\&amp;quot;,\&amp;quot;serial_number\&amp;quot;:\&amp;quot;0051003619319900\&amp;quot;},\&amp;quot;status\&amp;quot;:\&amp;quot;sukses\&amp;quot;,\&amp;quot;transaction_id\&amp;quot;:6855945}</message>
  <nestedLevel>2</nestedLevel>
</record>
<record>
  <date>2019-08-09T15:56:19</date>
  <millis>1565340979674</millis>
  <sequence>440</sequence>
  <level>PASSED</level>
  <class>com.kms.katalon.core.logging.XmlKeywordLogger</class>
  <method>logMessage</method>
  <thread>1</thread>
  <message>SCENARIO Request - Response Mapping Success</message>
  <nestedLevel>2</nestedLevel>
</record>
<record>
  <date>2019-08-09T15:56:19</date>
  <millis>1565340979679</millis>
  <sequence>441</sequence>
  <level>END</level>
  <class>com.kms.katalon.core.logging.XmlKeywordLogger</class>
  <method>endTest</method>
  <thread>1</thread>
  <message>End Test Case : SCENARIO Request - Response Mapping Success</message>
  <nestedLevel>1</nestedLevel>
</record>
<record>
  <date>2019-08-09T15:56:19</date>
  <millis>1565340979692</millis>
  <sequence>442</sequence>
  <level>PASSED</level>
  <class>com.kms.katalon.core.logging.XmlKeywordLogger</class>
  <method>logMessage</method>
  <thread>1</thread>
  <message>Feature file: &amp;apos;Include/features/Kraken - BM Adapter/Request - Response Mapping Success.feature&amp;apos; was passed</message>
  <nestedLevel>1</nestedLevel>
</record>
<record>
  <date>2019-08-09T15:56:19</date>
  <millis>1565340979693</millis>
  <sequence>443</sequence>
  <level>END</level>
  <class>com.kms.katalon.core.logging.XmlKeywordLogger</class>
  <method>endKeyword</method>
  <thread>1</thread>
  <message>End action : runFeatureFile(\&amp;quot;Include/features/Kraken - BM Adapter/Request - Response Mapping Success.feature\&amp;quot;)</message>
  <nestedLevel>1</nestedLevel>
</record>
<record>
  <date>2019-08-09T15:56:19</date>
  <millis>1565340979693</millis>
  <sequence>444</sequence>
  <level>PASSED</level>
  <class>com.kms.katalon.core.logging.XmlKeywordLogger</class>
  <method>logMessage</method>
  <thread>1</thread>
  <message>Test Cases/Kraken - BM Adapter/Request - Response Mapping Success</message>
  <nestedLevel>1</nestedLevel>
</record>
<record>
  <date>2019-08-09T15:56:19</date>
  <millis>1565340979693</millis>
  <sequence>445</sequence>
  <level>END</level>
  <class>com.kms.katalon.core.logging.XmlKeywordLogger</class>
  <method>endTest</method>
  <thread>1</thread>
  <message>End Test Case : Test Cases/Kraken - BM Adapter/Request - Response Mapping Success</message>
  <nestedLevel>0</nestedLevel>
</record>
<record>
  <date>2019-08-09T15:56:19</date>
  <millis>1565340979742</millis>
  <sequence>446</sequence>
  <level>END</level>
  <class>com.kms.katalon.core.logging.XmlKeywordLogger</class>
  <method>endSuite</method>
  <thread>1</thread>
  <message>End Test Suite : Test Suites/Kraken - BM Adapter</message>
  <nestedLevel>0</nestedLevel>
</record>
</log>
